This file contains any messages produced by compilers while
running configure, to aid debugging if configure makes a mistake.

It was created by configure, which was
generated by GNU Autoconf 2.59.  Invocation command line was

  $ ./configure --target=arc-linux-uclibc --host=arc-linux-uclibc --build=x86_64-pc-linux-gnu --prefix=/usr --exec-prefix=/usr --bindir=/usr/bin --sbindir=/usr/sbin --libdir=/lib --libexecdir=/usr/lib --sysconfdir=/etc --datadir=/usr/share --localstatedir=/var --mandir=/usr/man --infodir=/usr/info --disable-nls --with-linux-headers=/home/osboxes/AirTies4641_Sandbox/Quantenna-GPL/buildroot/toolchain_build_arc-linux-uclibc/linux

## --------- ##
## Platform. ##
## --------- ##

hostname = osboxes
uname -m = x86_64
uname -r = 4.19.0-5-amd64
uname -s = Linux
uname -v = #1 SMP Debian 4.19.37-5+deb10u2 (2019-08-08)

/usr/bin/uname -p = unknown
/bin/uname -X     = unknown

/bin/arch              = x86_64
/usr/bin/arch -k       = unknown
/usr/convex/getsysinfo = unknown
hostinfo               = unknown
/bin/machine           = unknown
/usr/bin/oslevel       = unknown
/bin/universe          = unknown

PATH: /home/osboxes/AirTies4641_Sandbox/Quantenna-GPL/buildroot/build_arc/staging_dir/bin
PATH: /home/osboxes/AirTies4641_Sandbox/Quantenna-GPL/buildroot/toolchain_build_arc-linux-uclibc/bin
PATH: /usr/local/ARC/gcc//bin
PATH: /usr/local/bin
PATH: /usr/bin
PATH: /bin
PATH: /usr/local/games
PATH: /usr/games
PATH: /snap/bin
PATH: /opt/gcc-linaro-7.4.1-2019.02-x86_64_arm-linux-gnueabihf/bin/
PATH: /opt/arc_gnu_2019.03_prebuilt_uclibc_le_arc700_linux_install/bin/


## ----------- ##
## Core tests. ##
## ----------- ##

configure:1342: checking for a BSD-compatible install
configure:1397: result: /usr/bin/install -c
configure:1408: checking whether build environment is sane
configure:1451: result: yes
configure:1475: WARNING: `missing' script is too old or missing
configure:1516: checking for gawk
configure:1532: found /usr/bin/gawk
configure:1542: result: gawk
configure:1552: checking whether make sets $(MAKE)
configure:1572: result: yes
configure:1648: checking for arc-linux-uclibc-strip
configure:1674: result: /usr/local/ARC/gcc//bin/arc-linux-uclibc-strip
configure:1758: checking for arc-linux-uclibc-gcc
configure:1784: result: /usr/local/ARC/gcc//bin/arc-linux-uclibc-gcc
configure:2066: checking for C compiler version
configure:2069: /usr/local/ARC/gcc//bin/arc-linux-uclibc-gcc --version </dev/null >&5
arc-linux-uclibc-gcc (GCC) 4.2.1 (ARC_2.3)
Copyright (C) 2007 Free Software Foundation, Inc.
This is free software; see the source for copying conditions.  There is NO
warranty; not even for MERCHANTABILITY or FITNESS FOR A PARTICULAR PURPOSE.

configure:2072: $? = 0
configure:2074: /usr/local/ARC/gcc//bin/arc-linux-uclibc-gcc -v </dev/null >&5
Using built-in specs.
Target: arc-linux-uclibc
Configured with: ../src/configure --target=arc-linux-uclibc --prefix=/usr/local/ARC/gcc/ --with-headers=/usr/local/ARC/gcc//arc-linux-uclibc/include --enable-shared --disable-multilib --without-newlib --enable-languages=c,c++ --with-cpu=arc700 --disable-c99
Thread model: posix
gcc version 4.2.1 (ARC_2.3)
configure:2077: $? = 0
configure:2079: /usr/local/ARC/gcc//bin/arc-linux-uclibc-gcc -V </dev/null >&5
arc-linux-uclibc-gcc: '-V' option must have argument
configure:2082: $? = 1
configure:2105: checking for C compiler default output file name
configure:2108: /usr/local/ARC/gcc//bin/arc-linux-uclibc-gcc -Os -pipe  -I/home/osboxes/AirTies4641_Sandbox/Quantenna-GPL/buildroot/build_arc/staging_dir/include -I/usr/local/ARC/gcc//arc-linux-uclibc/include -fPIC -fPIC   conftest.c  >&5
configure:2111: $? = 0
configure:2157: result: a.out
configure:2162: checking whether the C compiler works
configure:2188: result: yes
configure:2195: checking whether we are cross compiling
configure:2197: result: yes
configure:2200: checking for suffix of executables
configure:2202: /usr/local/ARC/gcc//bin/arc-linux-uclibc-gcc -o conftest -Os -pipe  -I/home/osboxes/AirTies4641_Sandbox/Quantenna-GPL/buildroot/build_arc/staging_dir/include -I/usr/local/ARC/gcc//arc-linux-uclibc/include -fPIC -fPIC   conftest.c  >&5
configure:2205: $? = 0
configure:2230: result: 
configure:2236: checking for suffix of object files
configure:2257: /usr/local/ARC/gcc//bin/arc-linux-uclibc-gcc -c -Os -pipe  -I/home/osboxes/AirTies4641_Sandbox/Quantenna-GPL/buildroot/build_arc/staging_dir/include -I/usr/local/ARC/gcc//arc-linux-uclibc/include -fPIC -fPIC  conftest.c >&5
configure:2260: $? = 0
configure:2282: result: o
configure:2286: checking whether we are using the GNU C compiler
configure:2310: /usr/local/ARC/gcc//bin/arc-linux-uclibc-gcc -c -Os -pipe  -I/home/osboxes/AirTies4641_Sandbox/Quantenna-GPL/buildroot/build_arc/staging_dir/include -I/usr/local/ARC/gcc//arc-linux-uclibc/include -fPIC -fPIC  conftest.c >&5
configure:2316: $? = 0
configure:2320: test -z 
			 || test ! -s conftest.err
configure:2323: $? = 0
configure:2326: test -s conftest.o
configure:2329: $? = 0
configure:2342: result: yes
configure:2348: checking whether /usr/local/ARC/gcc//bin/arc-linux-uclibc-gcc accepts -g
configure:2369: /usr/local/ARC/gcc//bin/arc-linux-uclibc-gcc -c -g  conftest.c >&5
configure:2375: $? = 0
configure:2379: test -z 
			 || test ! -s conftest.err
configure:2382: $? = 0
configure:2385: test -s conftest.o
configure:2388: $? = 0
configure:2399: result: yes
configure:2416: checking for /usr/local/ARC/gcc//bin/arc-linux-uclibc-gcc option to accept ANSI C
configure:2486: /usr/local/ARC/gcc//bin/arc-linux-uclibc-gcc  -c -Os -pipe  -I/home/osboxes/AirTies4641_Sandbox/Quantenna-GPL/buildroot/build_arc/staging_dir/include -I/usr/local/ARC/gcc//arc-linux-uclibc/include -fPIC -fPIC  conftest.c >&5
configure:2492: $? = 0
configure:2496: test -z 
			 || test ! -s conftest.err
configure:2499: $? = 0
configure:2502: test -s conftest.o
configure:2505: $? = 0
configure:2523: result: none needed
configure:2541: /usr/local/ARC/gcc//bin/arc-linux-uclibc-gcc -c -Os -pipe  -I/home/osboxes/AirTies4641_Sandbox/Quantenna-GPL/buildroot/build_arc/staging_dir/include -I/usr/local/ARC/gcc//arc-linux-uclibc/include -fPIC -fPIC  conftest.c >&5
conftest.c:2: error: expected '=', ',', ';', 'asm' or '__attribute__' before 'me'
configure:2547: $? = 1
configure: failed program was:
| #ifndef __cplusplus
|   choke me
| #endif
configure:2691: checking for style of include used by make
configure:2719: result: GNU
configure:2747: checking dependency style of /usr/local/ARC/gcc//bin/arc-linux-uclibc-gcc
configure:2837: result: none
configure:2867: checking for a BSD-compatible install
configure:2922: result: /usr/bin/install -c
configure:2936: checking for arc-linux-uclibc-ranlib
configure:2962: result: /usr/local/ARC/gcc//bin/arc-linux-uclibc-ranlib
configure:3020: checking how to run the C preprocessor
configure:3138: result: /usr/local/ARC/gcc//bin/arc-linux-uclibc-cpp
configure:3162: /usr/local/ARC/gcc//bin/arc-linux-uclibc-cpp  conftest.c
configure:3168: $? = 0
configure:3200: /usr/local/ARC/gcc//bin/arc-linux-uclibc-cpp  conftest.c
conftest.c:11:28: error: ac_nonexistent.h: No such file or directory
configure:3206: $? = 1
configure: failed program was:
| /* confdefs.h.  */
| 
| #define PACKAGE_NAME ""
| #define PACKAGE_TARNAME ""
| #define PACKAGE_VERSION ""
| #define PACKAGE_STRING ""
| #define PACKAGE_BUGREPORT ""
| #define PACKAGE "bridge-utils"
| #define VERSION "1.0.6"
| /* end confdefs.h.  */
| #include <ac_nonexistent.h>
configure:3250: checking for egrep
configure:3260: result: grep -E
configure:3265: checking for ANSI C header files
configure:3290: /usr/local/ARC/gcc//bin/arc-linux-uclibc-gcc -c -Os -pipe  -I/home/osboxes/AirTies4641_Sandbox/Quantenna-GPL/buildroot/build_arc/staging_dir/include -I/usr/local/ARC/gcc//arc-linux-uclibc/include -fPIC -fPIC  conftest.c >&5
configure:3296: $? = 0
configure:3300: test -z 
			 || test ! -s conftest.err
configure:3303: $? = 0
configure:3306: test -s conftest.o
configure:3309: $? = 0
configure:3421: result: yes
configure:3445: checking for sys/types.h
configure:3461: /usr/local/ARC/gcc//bin/arc-linux-uclibc-gcc -c -Os -pipe  -I/home/osboxes/AirTies4641_Sandbox/Quantenna-GPL/buildroot/build_arc/staging_dir/include -I/usr/local/ARC/gcc//arc-linux-uclibc/include -fPIC -fPIC  conftest.c >&5
configure:3467: $? = 0
configure:3471: test -z 
			 || test ! -s conftest.err
configure:3474: $? = 0
configure:3477: test -s conftest.o
configure:3480: $? = 0
configure:3491: result: yes
configure:3445: checking for sys/stat.h
configure:3461: /usr/local/ARC/gcc//bin/arc-linux-uclibc-gcc -c -Os -pipe  -I/home/osboxes/AirTies4641_Sandbox/Quantenna-GPL/buildroot/build_arc/staging_dir/include -I/usr/local/ARC/gcc//arc-linux-uclibc/include -fPIC -fPIC  conftest.c >&5
configure:3467: $? = 0
configure:3471: test -z 
			 || test ! -s conftest.err
configure:3474: $? = 0
configure:3477: test -s conftest.o
configure:3480: $? = 0
configure:3491: result: yes
configure:3445: checking for stdlib.h
configure:3461: /usr/local/ARC/gcc//bin/arc-linux-uclibc-gcc -c -Os -pipe  -I/home/osboxes/AirTies4641_Sandbox/Quantenna-GPL/buildroot/build_arc/staging_dir/include -I/usr/local/ARC/gcc//arc-linux-uclibc/include -fPIC -fPIC  conftest.c >&5
configure:3467: $? = 0
configure:3471: test -z 
			 || test ! -s conftest.err
configure:3474: $? = 0
configure:3477: test -s conftest.o
configure:3480: $? = 0
configure:3491: result: yes
configure:3445: checking for string.h
configure:3461: /usr/local/ARC/gcc//bin/arc-linux-uclibc-gcc -c -Os -pipe  -I/home/osboxes/AirTies4641_Sandbox/Quantenna-GPL/buildroot/build_arc/staging_dir/include -I/usr/local/ARC/gcc//arc-linux-uclibc/include -fPIC -fPIC  conftest.c >&5
configure:3467: $? = 0
configure:3471: test -z 
			 || test ! -s conftest.err
configure:3474: $? = 0
configure:3477: test -s conftest.o
configure:3480: $? = 0
configure:3491: result: yes
configure:3445: checking for memory.h
configure:3461: /usr/local/ARC/gcc//bin/arc-linux-uclibc-gcc -c -Os -pipe  -I/home/osboxes/AirTies4641_Sandbox/Quantenna-GPL/buildroot/build_arc/staging_dir/include -I/usr/local/ARC/gcc//arc-linux-uclibc/include -fPIC -fPIC  conftest.c >&5
configure:3467: $? = 0
configure:3471: test -z 
			 || test ! -s conftest.err
configure:3474: $? = 0
configure:3477: test -s conftest.o
configure:3480: $? = 0
configure:3491: result: yes
configure:3445: checking for strings.h
configure:3461: /usr/local/ARC/gcc//bin/arc-linux-uclibc-gcc -c -Os -pipe  -I/home/osboxes/AirTies4641_Sandbox/Quantenna-GPL/buildroot/build_arc/staging_dir/include -I/usr/local/ARC/gcc//arc-linux-uclibc/include -fPIC -fPIC  conftest.c >&5
configure:3467: $? = 0
configure:3471: test -z 
			 || test ! -s conftest.err
configure:3474: $? = 0
configure:3477: test -s conftest.o
configure:3480: $? = 0
configure:3491: result: yes
configure:3445: checking for inttypes.h
configure:3461: /usr/local/ARC/gcc//bin/arc-linux-uclibc-gcc -c -Os -pipe  -I/home/osboxes/AirTies4641_Sandbox/Quantenna-GPL/buildroot/build_arc/staging_dir/include -I/usr/local/ARC/gcc//arc-linux-uclibc/include -fPIC -fPIC  conftest.c >&5
configure:3467: $? = 0
configure:3471: test -z 
			 || test ! -s conftest.err
configure:3474: $? = 0
configure:3477: test -s conftest.o
configure:3480: $? = 0
configure:3491: result: yes
configure:3445: checking for stdint.h
configure:3461: /usr/local/ARC/gcc//bin/arc-linux-uclibc-gcc -c -Os -pipe  -I/home/osboxes/AirTies4641_Sandbox/Quantenna-GPL/buildroot/build_arc/staging_dir/include -I/usr/local/ARC/gcc//arc-linux-uclibc/include -fPIC -fPIC  conftest.c >&5
configure:3467: $? = 0
configure:3471: test -z 
			 || test ! -s conftest.err
configure:3474: $? = 0
configure:3477: test -s conftest.o
configure:3480: $? = 0
configure:3491: result: yes
configure:3445: checking for unistd.h
configure:3461: /usr/local/ARC/gcc//bin/arc-linux-uclibc-gcc -c -Os -pipe  -I/home/osboxes/AirTies4641_Sandbox/Quantenna-GPL/buildroot/build_arc/staging_dir/include -I/usr/local/ARC/gcc//arc-linux-uclibc/include -fPIC -fPIC  conftest.c >&5
configure:3467: $? = 0
configure:3471: test -z 
			 || test ! -s conftest.err
configure:3474: $? = 0
configure:3477: test -s conftest.o
configure:3480: $? = 0
configure:3491: result: yes
configure:3518: checking sys/ioctl.h usability
configure:3530: /usr/local/ARC/gcc//bin/arc-linux-uclibc-gcc -c -Os -pipe  -I/home/osboxes/AirTies4641_Sandbox/Quantenna-GPL/buildroot/build_arc/staging_dir/include -I/usr/local/ARC/gcc//arc-linux-uclibc/include -fPIC -fPIC  conftest.c >&5
configure:3536: $? = 0
configure:3540: test -z 
			 || test ! -s conftest.err
configure:3543: $? = 0
configure:3546: test -s conftest.o
configure:3549: $? = 0
configure:3559: result: yes
configure:3563: checking sys/ioctl.h presence
configure:3573: /usr/local/ARC/gcc//bin/arc-linux-uclibc-cpp  conftest.c
configure:3579: $? = 0
configure:3599: result: yes
configure:3634: checking for sys/ioctl.h
configure:3641: result: yes
configure:3518: checking sys/time.h usability
configure:3530: /usr/local/ARC/gcc//bin/arc-linux-uclibc-gcc -c -Os -pipe  -I/home/osboxes/AirTies4641_Sandbox/Quantenna-GPL/buildroot/build_arc/staging_dir/include -I/usr/local/ARC/gcc//arc-linux-uclibc/include -fPIC -fPIC  conftest.c >&5
configure:3536: $? = 0
configure:3540: test -z 
			 || test ! -s conftest.err
configure:3543: $? = 0
configure:3546: test -s conftest.o
configure:3549: $? = 0
configure:3559: result: yes
configure:3563: checking sys/time.h presence
configure:3573: /usr/local/ARC/gcc//bin/arc-linux-uclibc-cpp  conftest.c
configure:3579: $? = 0
configure:3599: result: yes
configure:3634: checking for sys/time.h
configure:3641: result: yes
configure:3655: checking for an ANSI C-conforming const
configure:3722: /usr/local/ARC/gcc//bin/arc-linux-uclibc-gcc -c -Os -pipe  -I/home/osboxes/AirTies4641_Sandbox/Quantenna-GPL/buildroot/build_arc/staging_dir/include -I/usr/local/ARC/gcc//arc-linux-uclibc/include -fPIC -fPIC  conftest.c >&5
configure:3728: $? = 0
configure:3732: test -z 
			 || test ! -s conftest.err
configure:3735: $? = 0
configure:3738: test -s conftest.o
configure:3741: $? = 0
configure:3752: result: yes
configure:3762: checking whether time.h and sys/time.h may both be included
configure:3787: /usr/local/ARC/gcc//bin/arc-linux-uclibc-gcc -c -Os -pipe  -I/home/osboxes/AirTies4641_Sandbox/Quantenna-GPL/buildroot/build_arc/staging_dir/include -I/usr/local/ARC/gcc//arc-linux-uclibc/include -fPIC -fPIC  conftest.c >&5
configure:3793: $? = 0
configure:3797: test -z 
			 || test ! -s conftest.err
configure:3800: $? = 0
configure:3803: test -s conftest.o
configure:3806: $? = 0
configure:3817: result: yes
configure:3829: checking whether /usr/local/ARC/gcc//bin/arc-linux-uclibc-gcc needs -traditional
configure:3871: result: no
configure:3878: checking for working memcmp
configure:3948: result: no
configure:3966: checking for gethostname
configure:4023: /usr/local/ARC/gcc//bin/arc-linux-uclibc-gcc -o conftest -Os -pipe  -I/home/osboxes/AirTies4641_Sandbox/Quantenna-GPL/buildroot/build_arc/staging_dir/include -I/usr/local/ARC/gcc//arc-linux-uclibc/include -fPIC -fPIC   conftest.c  >&5
configure:4029: $? = 0
configure:4033: test -z 
			 || test ! -s conftest.err
configure:4036: $? = 0
configure:4039: test -s conftest
configure:4042: $? = 0
configure:4054: result: yes
configure:3966: checking for socket
configure:4023: /usr/local/ARC/gcc//bin/arc-linux-uclibc-gcc -o conftest -Os -pipe  -I/home/osboxes/AirTies4641_Sandbox/Quantenna-GPL/buildroot/build_arc/staging_dir/include -I/usr/local/ARC/gcc//arc-linux-uclibc/include -fPIC -fPIC   conftest.c  >&5
configure:4029: $? = 0
configure:4033: test -z 
			 || test ! -s conftest.err
configure:4036: $? = 0
configure:4039: test -s conftest
configure:4042: $? = 0
configure:4054: result: yes
configure:3966: checking for strdup
configure:4023: /usr/local/ARC/gcc//bin/arc-linux-uclibc-gcc -o conftest -Os -pipe  -I/home/osboxes/AirTies4641_Sandbox/Quantenna-GPL/buildroot/build_arc/staging_dir/include -I/usr/local/ARC/gcc//arc-linux-uclibc/include -fPIC -fPIC   conftest.c  >&5
conftest.c:50: warning: conflicting types for built-in function 'strdup'
configure:4029: $? = 0
configure:4033: test -z 
			 || test ! -s conftest.err
configure:4036: $? = 0
configure:4039: test -s conftest
configure:4042: $? = 0
configure:4054: result: yes
configure:3966: checking for uname
configure:4023: /usr/local/ARC/gcc//bin/arc-linux-uclibc-gcc -o conftest -Os -pipe  -I/home/osboxes/AirTies4641_Sandbox/Quantenna-GPL/buildroot/build_arc/staging_dir/include -I/usr/local/ARC/gcc//arc-linux-uclibc/include -fPIC -fPIC   conftest.c  >&5
configure:4029: $? = 0
configure:4033: test -z 
			 || test ! -s conftest.err
configure:4036: $? = 0
configure:4039: test -s conftest
configure:4042: $? = 0
configure:4054: result: yes
configure:4069: checking for if_nametoindex
configure:4126: /usr/local/ARC/gcc//bin/arc-linux-uclibc-gcc -o conftest -Os -pipe  -I/home/osboxes/AirTies4641_Sandbox/Quantenna-GPL/buildroot/build_arc/staging_dir/include -I/usr/local/ARC/gcc//arc-linux-uclibc/include -fPIC -fPIC   conftest.c  >&5
configure:4132: $? = 0
configure:4136: test -z 
			 || test ! -s conftest.err
configure:4139: $? = 0
configure:4142: test -s conftest
configure:4145: $? = 0
configure:4157: result: yes
configure:4069: checking for if_indextoname
configure:4126: /usr/local/ARC/gcc//bin/arc-linux-uclibc-gcc -o conftest -Os -pipe  -I/home/osboxes/AirTies4641_Sandbox/Quantenna-GPL/buildroot/build_arc/staging_dir/include -I/usr/local/ARC/gcc//arc-linux-uclibc/include -fPIC -fPIC   conftest.c  >&5
configure:4132: $? = 0
configure:4136: test -z 
			 || test ! -s conftest.err
configure:4139: $? = 0
configure:4142: test -s conftest
configure:4145: $? = 0
configure:4157: result: yes
configure:4178: checking sysfs/libsysfs.h usability
configure:4190: /usr/local/ARC/gcc//bin/arc-linux-uclibc-gcc -c -Os -pipe  -I/home/osboxes/AirTies4641_Sandbox/Quantenna-GPL/buildroot/build_arc/staging_dir/include -I/usr/local/ARC/gcc//arc-linux-uclibc/include -fPIC -fPIC  conftest.c >&5
conftest.c:64:28: error: sysfs/libsysfs.h: No such file or directory
configure:4196: $? = 1
configure: failed program was:
| /* confdefs.h.  */
| 
| #define PACKAGE_NAME ""
| #define PACKAGE_TARNAME ""
| #define PACKAGE_VERSION ""
| #define PACKAGE_STRING ""
| #define PACKAGE_BUGREPORT ""
| #define PACKAGE "bridge-utils"
| #define VERSION "1.0.6"
| #define STDC_HEADERS 1
| #define HAVE_SYS_TYPES_H 1
| #define HAVE_SYS_STAT_H 1
| #define HAVE_STDLIB_H 1
| #define HAVE_STRING_H 1
| #define HAVE_MEMORY_H 1
| #define HAVE_STRINGS_H 1
| #define HAVE_INTTYPES_H 1
| #define HAVE_STDINT_H 1
| #define HAVE_UNISTD_H 1
| #define HAVE_SYS_IOCTL_H 1
| #define HAVE_SYS_TIME_H 1
| #define TIME_WITH_SYS_TIME 1
| #define HAVE_GETHOSTNAME 1
| #define HAVE_SOCKET 1
| #define HAVE_STRDUP 1
| #define HAVE_UNAME 1
| #define HAVE_IF_NAMETOINDEX 1
| #define HAVE_IF_INDEXTONAME 1
| /* end confdefs.h.  */
| #include <stdio.h>
| #if HAVE_SYS_TYPES_H
| # include <sys/types.h>
| #endif
| #if HAVE_SYS_STAT_H
| # include <sys/stat.h>
| #endif
| #if STDC_HEADERS
| # include <stdlib.h>
| # include <stddef.h>
| #else
| # if HAVE_STDLIB_H
| #  include <stdlib.h>
| # endif
| #endif
| #if HAVE_STRING_H
| # if !STDC_HEADERS && HAVE_MEMORY_H
| #  include <memory.h>
| # endif
| # include <string.h>
| #endif
| #if HAVE_STRINGS_H
| # include <strings.h>
| #endif
| #if HAVE_INTTYPES_H
| # include <inttypes.h>
| #else
| # if HAVE_STDINT_H
| #  include <stdint.h>
| # endif
| #endif
| #if HAVE_UNISTD_H
| # include <unistd.h>
| #endif
| #include <sysfs/libsysfs.h>
configure:4219: result: no
configure:4223: checking sysfs/libsysfs.h presence
configure:4233: /usr/local/ARC/gcc//bin/arc-linux-uclibc-cpp  conftest.c
conftest.c:30:28: error: sysfs/libsysfs.h: No such file or directory
configure:4239: $? = 1
configure: failed program was:
| /* confdefs.h.  */
| 
| #define PACKAGE_NAME ""
| #define PACKAGE_TARNAME ""
| #define PACKAGE_VERSION ""
| #define PACKAGE_STRING ""
| #define PACKAGE_BUGREPORT ""
| #define PACKAGE "bridge-utils"
| #define VERSION "1.0.6"
| #define STDC_HEADERS 1
| #define HAVE_SYS_TYPES_H 1
| #define HAVE_SYS_STAT_H 1
| #define HAVE_STDLIB_H 1
| #define HAVE_STRING_H 1
| #define HAVE_MEMORY_H 1
| #define HAVE_STRINGS_H 1
| #define HAVE_INTTYPES_H 1
| #define HAVE_STDINT_H 1
| #define HAVE_UNISTD_H 1
| #define HAVE_SYS_IOCTL_H 1
| #define HAVE_SYS_TIME_H 1
| #define TIME_WITH_SYS_TIME 1
| #define HAVE_GETHOSTNAME 1
| #define HAVE_SOCKET 1
| #define HAVE_STRDUP 1
| #define HAVE_UNAME 1
| #define HAVE_IF_NAMETOINDEX 1
| #define HAVE_IF_INDEXTONAME 1
| /* end confdefs.h.  */
| #include <sysfs/libsysfs.h>
configure:4259: result: no
configure:4294: checking for sysfs/libsysfs.h
configure:4301: result: no
configure:4382: WARNING: Missing /usr/include/sysfs/libsysfs.h
configure:4501: creating ./config.status

## ---------------------- ##
## Running config.status. ##
## ---------------------- ##

This file was extended by config.status, which was
generated by GNU Autoconf 2.59.  Invocation command line was

  CONFIG_FILES    = 
  CONFIG_HEADERS  = 
  CONFIG_LINKS    = 
  CONFIG_COMMANDS = 
  $ ./config.status 

on osboxes

config.status:682: creating doc/Makefile
config.status:682: creating libbridge/Makefile
config.status:682: creating brctl/Makefile
config.status:682: creating Makefile
config.status:682: creating bridge-utils.spec
config.status:786: creating libbridge/config.h
config.status:1090: executing depfiles commands

## ---------------- ##
## Cache variables. ##
## ---------------- ##

ac_cv_c_compiler_gnu=yes
ac_cv_c_const=yes
ac_cv_env_CC_set=set
ac_cv_env_CC_value=/usr/local/ARC/gcc//bin/arc-linux-uclibc-gcc
ac_cv_env_CFLAGS_set=set
ac_cv_env_CFLAGS_value='-Os -pipe  -I/home/osboxes/AirTies4641_Sandbox/Quantenna-GPL/buildroot/build_arc/staging_dir/include -I/usr/local/ARC/gcc//arc-linux-uclibc/include -fPIC -fPIC'
ac_cv_env_CPPFLAGS_set=
ac_cv_env_CPPFLAGS_value=
ac_cv_env_CPP_set=set
ac_cv_env_CPP_value=/usr/local/ARC/gcc//bin/arc-linux-uclibc-cpp
ac_cv_env_LDFLAGS_set=
ac_cv_env_LDFLAGS_value=
ac_cv_env_build_alias_set=set
ac_cv_env_build_alias_value=x86_64-pc-linux-gnu
ac_cv_env_host_alias_set=set
ac_cv_env_host_alias_value=arc-linux-uclibc
ac_cv_env_target_alias_set=set
ac_cv_env_target_alias_value=arc-linux-uclibc
ac_cv_exeext=
ac_cv_func_gethostname=yes
ac_cv_func_if_indextoname=yes
ac_cv_func_if_nametoindex=yes
ac_cv_func_memcmp_working=no
ac_cv_func_socket=yes
ac_cv_func_strdup=yes
ac_cv_func_uname=yes
ac_cv_header_inttypes_h=yes
ac_cv_header_memory_h=yes
ac_cv_header_stdc=yes
ac_cv_header_stdint_h=yes
ac_cv_header_stdlib_h=yes
ac_cv_header_string_h=yes
ac_cv_header_strings_h=yes
ac_cv_header_sys_ioctl_h=yes
ac_cv_header_sys_stat_h=yes
ac_cv_header_sys_time_h=yes
ac_cv_header_sys_types_h=yes
ac_cv_header_sysfs_libsysfs_h=no
ac_cv_header_time=yes
ac_cv_header_unistd_h=yes
ac_cv_objext=o
ac_cv_path_install='/usr/bin/install -c'
ac_cv_prog_AWK=gawk
ac_cv_prog_CC=/usr/local/ARC/gcc//bin/arc-linux-uclibc-gcc
ac_cv_prog_CPP=/usr/local/ARC/gcc//bin/arc-linux-uclibc-cpp
ac_cv_prog_RANLIB=/usr/local/ARC/gcc//bin/arc-linux-uclibc-ranlib
ac_cv_prog_STRIP=/usr/local/ARC/gcc//bin/arc-linux-uclibc-strip
ac_cv_prog_cc_g=yes
ac_cv_prog_cc_stdc=
ac_cv_prog_egrep='grep -E'
ac_cv_prog_gcc_traditional=no
ac_cv_prog_make_make_set=yes
am_cv_CC_dependencies_compiler_type=none

## ----------------- ##
## Output variables. ##
## ----------------- ##

ACLOCAL='aclocal-1.9'
AMDEPBACKSLASH='\'
AMDEP_FALSE='#'
AMDEP_TRUE=''
AMTAR='tar'
AUTOCONF='autoconf'
AUTOHEADER='autoheader'
AUTOMAKE='automake-1.9'
AWK='gawk'
CC='/usr/local/ARC/gcc//bin/arc-linux-uclibc-gcc'
CCDEPMODE='depmode=none'
CFLAGS='-Os -pipe  -I/home/osboxes/AirTies4641_Sandbox/Quantenna-GPL/buildroot/build_arc/staging_dir/include -I/usr/local/ARC/gcc//arc-linux-uclibc/include -fPIC -fPIC'
CPP='/usr/local/ARC/gcc//bin/arc-linux-uclibc-cpp'
CPPFLAGS=''
CYGPATH_W='echo'
DEFS='-DHAVE_CONFIG_H'
DEPDIR='.deps'
ECHO_C=''
ECHO_N='-n'
ECHO_T=''
EGREP='grep -E'
EXEEXT=''
INSTALL_DATA='${INSTALL} -m 644'
INSTALL_PROGRAM='${INSTALL}'
INSTALL_SCRIPT='${INSTALL}'
INSTALL_STRIP_PROGRAM='${SHELL} $(install_sh) -c -s'
KERNEL_HEADERS='/home/osboxes/AirTies4641_Sandbox/Quantenna-GPL/buildroot/toolchain_build_arc-linux-uclibc/linux'
LDFLAGS=''
LIBOBJS=' memcmp$U.o'
LIBS=''
LTLIBOBJS=' memcmp$U.lo'
MAKEINFO='makeinfo'
OBJEXT='o'
PACKAGE='bridge-utils'
PACKAGE_BUGREPORT=''
PACKAGE_NAME=''
PACKAGE_STRING=''
PACKAGE_TARNAME=''
PACKAGE_VERSION=''
PATH_SEPARATOR=':'
RANLIB='/usr/local/ARC/gcc//bin/arc-linux-uclibc-ranlib'
SET_MAKE=''
SHELL='/bin/bash'
STRIP='/usr/local/ARC/gcc//bin/arc-linux-uclibc-strip'
VERSION='1.0.6'
ac_ct_CC=''
ac_ct_RANLIB=''
ac_ct_STRIP=''
am__fastdepCC_FALSE=''
am__fastdepCC_TRUE='#'
am__include='include'
am__leading_dot='.'
am__quote=''
am__tar='${AMTAR} chof - "$$tardir"'
am__untar='${AMTAR} xf -'
bindir='/usr/bin'
build_alias='x86_64-pc-linux-gnu'
datadir='/usr/share'
exec_prefix='/usr'
host_alias='arc-linux-uclibc'
includedir='${prefix}/include'
infodir='/usr/info'
install_sh='/home/osboxes/AirTies4641_Sandbox/Quantenna-GPL/buildroot/build_arc/bridge-utils-1.0.6/install-sh'
libdir='/lib'
libexecdir='/usr/lib'
localstatedir='/var'
mandir='/usr/man'
mkdir_p='mkdir -p --'
oldincludedir='/usr/include'
prefix='/usr'
program_transform_name='s,x,x,'
sbindir='/usr/sbin'
sharedstatedir='${prefix}/com'
sysconfdir='/etc'
target_alias='arc-linux-uclibc'

## ----------- ##
## confdefs.h. ##
## ----------- ##

#define HAVE_GETHOSTNAME 1
#define HAVE_IF_INDEXTONAME 1
#define HAVE_IF_NAMETOINDEX 1
#define HAVE_INTTYPES_H 1
#define HAVE_MEMORY_H 1
#define HAVE_SOCKET 1
#define HAVE_STDINT_H 1
#define HAVE_STDLIB_H 1
#define HAVE_STRDUP 1
#define HAVE_STRINGS_H 1
#define HAVE_STRING_H 1
#define HAVE_SYS_IOCTL_H 1
#define HAVE_SYS_STAT_H 1
#define HAVE_SYS_TIME_H 1
#define HAVE_SYS_TYPES_H 1
#define HAVE_UNAME 1
#define HAVE_UNISTD_H 1
#define PACKAGE "bridge-utils"
#define PACKAGE_BUGREPORT ""
#define PACKAGE_NAME ""
#define PACKAGE_STRING ""
#define PACKAGE_TARNAME ""
#define PACKAGE_VERSION ""
#define STDC_HEADERS 1
#define TIME_WITH_SYS_TIME 1
#define VERSION "1.0.6"

configure: exit 0
