This file contains any messages produced by compilers while
running configure, to aid debugging if configure makes a mistake.

It was created by DHCP configure 4.1-ESV-R3, which was
generated by GNU Autoconf 2.61.  Invocation command line was

  $ ./configure --target=arc-linux-uclibc --host=arc-linux-uclibc --build=x86_64-pc-linux-gnu --prefix=/usr --exec-prefix=/usr --sysconfdir=/etc --disable-nls --localstatedir=/var/lib/dhcp --enable-tracing=no --enable-failover=no --enable-FEATURE=no --enable-debug=no --enable-failover=no --enable-execute=no --enable-delayed-ack=no --enable-paranoia=no --enable-early-chroot=no --enable-ipv4-pktinfo=no --enable-use-sockets=no --with-srv-lease-file=/var/lib/dhcp/dhcpd.leases --with-cli-lease-file=/var/lib/dhcp/dhclient.leases --with-srv-pid-file=/var/run/dhcpd.pid --with-cli-pid-file=/var/run/dhclient.pid --with-relay-pid-file=/var/run/dhcrelay.pid --enable-dhcpv6 ac_cv_file__dev_random=yes

## --------- ##
## Platform. ##
## --------- ##

hostname = osboxes
uname -m = x86_64
uname -r = 4.19.0-5-amd64
uname -s = Linux
uname -v = #1 SMP Debian 4.19.37-5+deb10u2 (2019-08-08)

/usr/bin/uname -p = unknown
/bin/uname -X     = unknown

/bin/arch              = x86_64
/usr/bin/arch -k       = unknown
/usr/convex/getsysinfo = unknown
/usr/bin/hostinfo      = unknown
/bin/machine           = unknown
/usr/bin/oslevel       = unknown
/bin/universe          = unknown

PATH: /home/osboxes/AirTies4641_Sandbox/Quantenna-GPL/buildroot/build_arc/staging_dir/bin
PATH: /home/osboxes/AirTies4641_Sandbox/Quantenna-GPL/buildroot/toolchain_build_arc-linux-uclibc/bin
PATH: /usr/local/ARC/gcc//bin
PATH: /usr/local/bin
PATH: /usr/bin
PATH: /bin
PATH: /usr/local/games
PATH: /usr/games
PATH: /snap/bin
PATH: /opt/gcc-linaro-7.4.1-2019.02-x86_64_arm-linux-gnueabihf/bin/
PATH: /opt/arc_gnu_2019.03_prebuilt_uclibc_le_arc700_linux_install/bin/


## ----------- ##
## Core tests. ##
## ----------- ##

configure:1822: checking for a BSD-compatible install
configure:1878: result: /usr/bin/install -c
configure:1889: checking whether build environment is sane
configure:1932: result: yes
configure:1960: checking for a thread-safe mkdir -p
configure:1999: result: /usr/bin/mkdir -p
configure:2012: checking for gawk
configure:2028: found /usr/bin/gawk
configure:2039: result: gawk
configure:2050: checking whether make sets $(MAKE)
configure:2071: result: yes
configure:2151: checking for arc-linux-uclibc-strip
configure:2178: result: /usr/local/ARC/gcc//bin/arc-linux-uclibc-strip
configure:2274: checking for arc-linux-uclibc-gcc
configure:2301: result: /usr/local/ARC/gcc//bin/arc-linux-uclibc-gcc
configure:2579: checking for C compiler version
configure:2586: /usr/local/ARC/gcc//bin/arc-linux-uclibc-gcc --version >&5
arc-linux-uclibc-gcc (GCC) 4.2.1 (ARC_2.3)
Copyright (C) 2007 Free Software Foundation, Inc.
This is free software; see the source for copying conditions.  There is NO
warranty; not even for MERCHANTABILITY or FITNESS FOR A PARTICULAR PURPOSE.

configure:2589: $? = 0
configure:2596: /usr/local/ARC/gcc//bin/arc-linux-uclibc-gcc -v >&5
Using built-in specs.
Target: arc-linux-uclibc
Configured with: ../src/configure --target=arc-linux-uclibc --prefix=/usr/local/ARC/gcc/ --with-headers=/usr/local/ARC/gcc//arc-linux-uclibc/include --enable-shared --disable-multilib --without-newlib --enable-languages=c,c++ --with-cpu=arc700 --disable-c99
Thread model: posix
gcc version 4.2.1 (ARC_2.3)
configure:2599: $? = 0
configure:2606: /usr/local/ARC/gcc//bin/arc-linux-uclibc-gcc -V >&5
arc-linux-uclibc-gcc: '-V' option must have argument
configure:2609: $? = 1
configure:2632: checking for C compiler default output file name
configure:2659: /usr/local/ARC/gcc//bin/arc-linux-uclibc-gcc -Os -pipe  -I/home/osboxes/AirTies4641_Sandbox/Quantenna-GPL/buildroot/build_arc/staging_dir/include -I/usr/local/ARC/gcc//arc-linux-uclibc/include -fPIC -fPIC -D__linux   conftest.c  >&5
configure:2662: $? = 0
configure:2700: result: a.out
configure:2717: checking whether the C compiler works
configure:2747: result: yes
configure:2754: checking whether we are cross compiling
configure:2756: result: yes
configure:2759: checking for suffix of executables
configure:2766: /usr/local/ARC/gcc//bin/arc-linux-uclibc-gcc -o conftest -Os -pipe  -I/home/osboxes/AirTies4641_Sandbox/Quantenna-GPL/buildroot/build_arc/staging_dir/include -I/usr/local/ARC/gcc//arc-linux-uclibc/include -fPIC -fPIC -D__linux   conftest.c  >&5
configure:2769: $? = 0
configure:2793: result: 
configure:2799: checking for suffix of object files
configure:2825: /usr/local/ARC/gcc//bin/arc-linux-uclibc-gcc -c -Os -pipe  -I/home/osboxes/AirTies4641_Sandbox/Quantenna-GPL/buildroot/build_arc/staging_dir/include -I/usr/local/ARC/gcc//arc-linux-uclibc/include -fPIC -fPIC -D__linux  conftest.c >&5
configure:2828: $? = 0
configure:2851: result: o
configure:2855: checking whether we are using the GNU C compiler
configure:2884: /usr/local/ARC/gcc//bin/arc-linux-uclibc-gcc -c -Os -pipe  -I/home/osboxes/AirTies4641_Sandbox/Quantenna-GPL/buildroot/build_arc/staging_dir/include -I/usr/local/ARC/gcc//arc-linux-uclibc/include -fPIC -fPIC -D__linux  conftest.c >&5
configure:2890: $? = 0
configure:2907: result: yes
configure:2912: checking whether /usr/local/ARC/gcc//bin/arc-linux-uclibc-gcc accepts -g
configure:2942: /usr/local/ARC/gcc//bin/arc-linux-uclibc-gcc -c -g  conftest.c >&5
configure:2948: $? = 0
configure:3047: result: yes
configure:3064: checking for /usr/local/ARC/gcc//bin/arc-linux-uclibc-gcc option to accept ISO C89
configure:3138: /usr/local/ARC/gcc//bin/arc-linux-uclibc-gcc  -c -Os -pipe  -I/home/osboxes/AirTies4641_Sandbox/Quantenna-GPL/buildroot/build_arc/staging_dir/include -I/usr/local/ARC/gcc//arc-linux-uclibc/include -fPIC -fPIC -D__linux  conftest.c >&5
configure:3144: $? = 0
configure:3167: result: none needed
configure:3196: checking for style of include used by make
configure:3224: result: GNU
configure:3249: checking dependency style of /usr/local/ARC/gcc//bin/arc-linux-uclibc-gcc
configure:3340: result: gcc3
configure:3384: checking how to run the C preprocessor
configure:3500: result: /usr/local/ARC/gcc//bin/arc-linux-uclibc-cpp
configure:3529: /usr/local/ARC/gcc//bin/arc-linux-uclibc-cpp  conftest.c
configure:3535: $? = 0
configure:3566: /usr/local/ARC/gcc//bin/arc-linux-uclibc-cpp  conftest.c
conftest.c:11:28: error: ac_nonexistent.h: No such file or directory
configure:3572: $? = 1
configure: failed program was:
| /* confdefs.h.  */
| #define PACKAGE_NAME "DHCP"
| #define PACKAGE_TARNAME "dhcp"
| #define PACKAGE_VERSION "4.1-ESV-R3"
| #define PACKAGE_STRING "DHCP 4.1-ESV-R3"
| #define PACKAGE_BUGREPORT "dhcp-users@isc.org"
| #define PACKAGE "dhcp"
| #define VERSION "4.1-ESV-R3"
| #define _GNU_SOURCE 1
| /* end confdefs.h.  */
| #include <ac_nonexistent.h>
configure:3610: checking for grep that handles long lines and -e
configure:3684: result: /usr/bin/grep
configure:3689: checking for egrep
configure:3767: result: /usr/bin/grep -E
configure:3773: checking for AIX
configure:3795: result: no
configure:3801: checking for ANSI C header files
configure:3831: /usr/local/ARC/gcc//bin/arc-linux-uclibc-gcc -c -Os -pipe  -I/home/osboxes/AirTies4641_Sandbox/Quantenna-GPL/buildroot/build_arc/staging_dir/include -I/usr/local/ARC/gcc//arc-linux-uclibc/include -fPIC -fPIC -D__linux  conftest.c >&5
configure:3837: $? = 0
configure:3965: result: yes
configure:3989: checking for sys/types.h
configure:4010: /usr/local/ARC/gcc//bin/arc-linux-uclibc-gcc -c -Os -pipe  -I/home/osboxes/AirTies4641_Sandbox/Quantenna-GPL/buildroot/build_arc/staging_dir/include -I/usr/local/ARC/gcc//arc-linux-uclibc/include -fPIC -fPIC -D__linux  conftest.c >&5
configure:4016: $? = 0
configure:4032: result: yes
configure:3989: checking for sys/stat.h
configure:4010: /usr/local/ARC/gcc//bin/arc-linux-uclibc-gcc -c -Os -pipe  -I/home/osboxes/AirTies4641_Sandbox/Quantenna-GPL/buildroot/build_arc/staging_dir/include -I/usr/local/ARC/gcc//arc-linux-uclibc/include -fPIC -fPIC -D__linux  conftest.c >&5
configure:4016: $? = 0
configure:4032: result: yes
configure:3989: checking for stdlib.h
configure:4010: /usr/local/ARC/gcc//bin/arc-linux-uclibc-gcc -c -Os -pipe  -I/home/osboxes/AirTies4641_Sandbox/Quantenna-GPL/buildroot/build_arc/staging_dir/include -I/usr/local/ARC/gcc//arc-linux-uclibc/include -fPIC -fPIC -D__linux  conftest.c >&5
configure:4016: $? = 0
configure:4032: result: yes
configure:3989: checking for string.h
configure:4010: /usr/local/ARC/gcc//bin/arc-linux-uclibc-gcc -c -Os -pipe  -I/home/osboxes/AirTies4641_Sandbox/Quantenna-GPL/buildroot/build_arc/staging_dir/include -I/usr/local/ARC/gcc//arc-linux-uclibc/include -fPIC -fPIC -D__linux  conftest.c >&5
configure:4016: $? = 0
configure:4032: result: yes
configure:3989: checking for memory.h
configure:4010: /usr/local/ARC/gcc//bin/arc-linux-uclibc-gcc -c -Os -pipe  -I/home/osboxes/AirTies4641_Sandbox/Quantenna-GPL/buildroot/build_arc/staging_dir/include -I/usr/local/ARC/gcc//arc-linux-uclibc/include -fPIC -fPIC -D__linux  conftest.c >&5
configure:4016: $? = 0
configure:4032: result: yes
configure:3989: checking for strings.h
configure:4010: /usr/local/ARC/gcc//bin/arc-linux-uclibc-gcc -c -Os -pipe  -I/home/osboxes/AirTies4641_Sandbox/Quantenna-GPL/buildroot/build_arc/staging_dir/include -I/usr/local/ARC/gcc//arc-linux-uclibc/include -fPIC -fPIC -D__linux  conftest.c >&5
configure:4016: $? = 0
configure:4032: result: yes
configure:3989: checking for inttypes.h
configure:4010: /usr/local/ARC/gcc//bin/arc-linux-uclibc-gcc -c -Os -pipe  -I/home/osboxes/AirTies4641_Sandbox/Quantenna-GPL/buildroot/build_arc/staging_dir/include -I/usr/local/ARC/gcc//arc-linux-uclibc/include -fPIC -fPIC -D__linux  conftest.c >&5
configure:4016: $? = 0
configure:4032: result: yes
configure:3989: checking for stdint.h
configure:4010: /usr/local/ARC/gcc//bin/arc-linux-uclibc-gcc -c -Os -pipe  -I/home/osboxes/AirTies4641_Sandbox/Quantenna-GPL/buildroot/build_arc/staging_dir/include -I/usr/local/ARC/gcc//arc-linux-uclibc/include -fPIC -fPIC -D__linux  conftest.c >&5
configure:4016: $? = 0
configure:4032: result: yes
configure:3989: checking for unistd.h
configure:4010: /usr/local/ARC/gcc//bin/arc-linux-uclibc-gcc -c -Os -pipe  -I/home/osboxes/AirTies4641_Sandbox/Quantenna-GPL/buildroot/build_arc/staging_dir/include -I/usr/local/ARC/gcc//arc-linux-uclibc/include -fPIC -fPIC -D__linux  conftest.c >&5
configure:4016: $? = 0
configure:4032: result: yes
configure:4054: checking minix/config.h usability
configure:4071: /usr/local/ARC/gcc//bin/arc-linux-uclibc-gcc -c -Os -pipe  -I/home/osboxes/AirTies4641_Sandbox/Quantenna-GPL/buildroot/build_arc/staging_dir/include -I/usr/local/ARC/gcc//arc-linux-uclibc/include -fPIC -fPIC -D__linux  conftest.c >&5
conftest.c:54:26: error: minix/config.h: No such file or directory
configure:4077: $? = 1
configure: failed program was:
| /* confdefs.h.  */
| #define PACKAGE_NAME "DHCP"
| #define PACKAGE_TARNAME "dhcp"
| #define PACKAGE_VERSION "4.1-ESV-R3"
| #define PACKAGE_STRING "DHCP 4.1-ESV-R3"
| #define PACKAGE_BUGREPORT "dhcp-users@isc.org"
| #define PACKAGE "dhcp"
| #define VERSION "4.1-ESV-R3"
| #define _GNU_SOURCE 1
| #define STDC_HEADERS 1
| #define HAVE_SYS_TYPES_H 1
| #define HAVE_SYS_STAT_H 1
| #define HAVE_STDLIB_H 1
| #define HAVE_STRING_H 1
| #define HAVE_MEMORY_H 1
| #define HAVE_STRINGS_H 1
| #define HAVE_INTTYPES_H 1
| #define HAVE_STDINT_H 1
| #define HAVE_UNISTD_H 1
| /* end confdefs.h.  */
| #include <stdio.h>
| #ifdef HAVE_SYS_TYPES_H
| # include <sys/types.h>
| #endif
| #ifdef HAVE_SYS_STAT_H
| # include <sys/stat.h>
| #endif
| #ifdef STDC_HEADERS
| # include <stdlib.h>
| # include <stddef.h>
| #else
| # ifdef HAVE_STDLIB_H
| #  include <stdlib.h>
| # endif
| #endif
| #ifdef HAVE_STRING_H
| # if !defined STDC_HEADERS && defined HAVE_MEMORY_H
| #  include <memory.h>
| # endif
| # include <string.h>
| #endif
| #ifdef HAVE_STRINGS_H
| # include <strings.h>
| #endif
| #ifdef HAVE_INTTYPES_H
| # include <inttypes.h>
| #endif
| #ifdef HAVE_STDINT_H
| # include <stdint.h>
| #endif
| #ifdef HAVE_UNISTD_H
| # include <unistd.h>
| #endif
| #include <minix/config.h>
configure:4091: result: no
configure:4095: checking minix/config.h presence
configure:4110: /usr/local/ARC/gcc//bin/arc-linux-uclibc-cpp  conftest.c
conftest.c:21:26: error: minix/config.h: No such file or directory
configure:4116: $? = 1
configure: failed program was:
| /* confdefs.h.  */
| #define PACKAGE_NAME "DHCP"
| #define PACKAGE_TARNAME "dhcp"
| #define PACKAGE_VERSION "4.1-ESV-R3"
| #define PACKAGE_STRING "DHCP 4.1-ESV-R3"
| #define PACKAGE_BUGREPORT "dhcp-users@isc.org"
| #define PACKAGE "dhcp"
| #define VERSION "4.1-ESV-R3"
| #define _GNU_SOURCE 1
| #define STDC_HEADERS 1
| #define HAVE_SYS_TYPES_H 1
| #define HAVE_SYS_STAT_H 1
| #define HAVE_STDLIB_H 1
| #define HAVE_STRING_H 1
| #define HAVE_MEMORY_H 1
| #define HAVE_STRINGS_H 1
| #define HAVE_INTTYPES_H 1
| #define HAVE_STDINT_H 1
| #define HAVE_UNISTD_H 1
| /* end confdefs.h.  */
| #include <minix/config.h>
configure:4130: result: no
configure:4163: checking for minix/config.h
configure:4170: result: no
configure:4209: checking whether it is safe to define __EXTENSIONS__
configure:4237: /usr/local/ARC/gcc//bin/arc-linux-uclibc-gcc -c -Os -pipe  -I/home/osboxes/AirTies4641_Sandbox/Quantenna-GPL/buildroot/build_arc/staging_dir/include -I/usr/local/ARC/gcc//arc-linux-uclibc/include -fPIC -fPIC -D__linux  conftest.c >&5
configure:4243: $? = 0
configure:4258: result: yes
configure:4278: checking for arc-linux-uclibc-ranlib
configure:4305: result: /usr/local/ARC/gcc//bin/arc-linux-uclibc-ranlib
configure:4375: checking whether byte ordering is bigendian
configure:4408: /usr/local/ARC/gcc//bin/arc-linux-uclibc-gcc -c -Os -pipe  -I/home/osboxes/AirTies4641_Sandbox/Quantenna-GPL/buildroot/build_arc/staging_dir/include -I/usr/local/ARC/gcc//arc-linux-uclibc/include -fPIC -fPIC -D__linux  conftest.c >&5
configure:4414: $? = 0
configure:4446: /usr/local/ARC/gcc//bin/arc-linux-uclibc-gcc -c -Os -pipe  -I/home/osboxes/AirTies4641_Sandbox/Quantenna-GPL/buildroot/build_arc/staging_dir/include -I/usr/local/ARC/gcc//arc-linux-uclibc/include -fPIC -fPIC -D__linux  conftest.c >&5
conftest.c: In function 'main':
conftest.c:31: error: 'not' undeclared (first use in this function)
conftest.c:31: error: (Each undeclared identifier is reported only once
conftest.c:31: error: for each function it appears in.)
conftest.c:31: error: expected ';' before 'big'
configure:4452: $? = 1
configure: failed program was:
| /* confdefs.h.  */
| #define PACKAGE_NAME "DHCP"
| #define PACKAGE_TARNAME "dhcp"
| #define PACKAGE_VERSION "4.1-ESV-R3"
| #define PACKAGE_STRING "DHCP 4.1-ESV-R3"
| #define PACKAGE_BUGREPORT "dhcp-users@isc.org"
| #define PACKAGE "dhcp"
| #define VERSION "4.1-ESV-R3"
| #define _GNU_SOURCE 1
| #define STDC_HEADERS 1
| #define HAVE_SYS_TYPES_H 1
| #define HAVE_SYS_STAT_H 1
| #define HAVE_STDLIB_H 1
| #define HAVE_STRING_H 1
| #define HAVE_MEMORY_H 1
| #define HAVE_STRINGS_H 1
| #define HAVE_INTTYPES_H 1
| #define HAVE_STDINT_H 1
| #define HAVE_UNISTD_H 1
| #define __EXTENSIONS__ 1
| #define _POSIX_PTHREAD_SEMANTICS 1
| #define _TANDEM_SOURCE 1
| /* end confdefs.h.  */
| #include <sys/types.h>
| #include <sys/param.h>
| 
| int
| main ()
| {
| #if BYTE_ORDER != BIG_ENDIAN
|  not big endian
| #endif
| 
|   ;
|   return 0;
| }
configure:4592: result: no
configure:5100: checking for int8_t
configure:5131: /usr/local/ARC/gcc//bin/arc-linux-uclibc-gcc -c -Os -pipe  -I/home/osboxes/AirTies4641_Sandbox/Quantenna-GPL/buildroot/build_arc/staging_dir/include -I/usr/local/ARC/gcc//arc-linux-uclibc/include -fPIC -fPIC -D__linux  conftest.c >&5
configure:5137: $? = 0
configure:5166: /usr/local/ARC/gcc//bin/arc-linux-uclibc-gcc -c -Os -pipe  -I/home/osboxes/AirTies4641_Sandbox/Quantenna-GPL/buildroot/build_arc/staging_dir/include -I/usr/local/ARC/gcc//arc-linux-uclibc/include -fPIC -fPIC -D__linux  conftest.c >&5
conftest.c: In function 'main':
conftest.c:68: error: size of array 'test_array' is negative
configure:5172: $? = 1
configure: failed program was:
| /* confdefs.h.  */
| #define PACKAGE_NAME "DHCP"
| #define PACKAGE_TARNAME "dhcp"
| #define PACKAGE_VERSION "4.1-ESV-R3"
| #define PACKAGE_STRING "DHCP 4.1-ESV-R3"
| #define PACKAGE_BUGREPORT "dhcp-users@isc.org"
| #define PACKAGE "dhcp"
| #define VERSION "4.1-ESV-R3"
| #define _GNU_SOURCE 1
| #define STDC_HEADERS 1
| #define HAVE_SYS_TYPES_H 1
| #define HAVE_SYS_STAT_H 1
| #define HAVE_STDLIB_H 1
| #define HAVE_STRING_H 1
| #define HAVE_MEMORY_H 1
| #define HAVE_STRINGS_H 1
| #define HAVE_INTTYPES_H 1
| #define HAVE_STDINT_H 1
| #define HAVE_UNISTD_H 1
| #define __EXTENSIONS__ 1
| #define _POSIX_PTHREAD_SEMANTICS 1
| #define _TANDEM_SOURCE 1
| #define DHCP_BYTE_ORDER LITTLE_ENDIAN
| #define DHCPv6 1
| #define _PATH_DHCPD_DB "/var/lib/dhcp/dhcpd.leases"
| #define _PATH_DHCLIENT_DB "/var/lib/dhcp/dhclient.leases"
| #define _PATH_DHCPD_PID "/var/run/dhcpd.pid"
| #define _PATH_DHCLIENT_PID "/var/run/dhclient.pid"
| #define _PATH_DHCRELAY_PID "/var/run/dhcrelay.pid"
| /* end confdefs.h.  */
| #include <stdio.h>
| #ifdef HAVE_SYS_TYPES_H
| # include <sys/types.h>
| #endif
| #ifdef HAVE_SYS_STAT_H
| # include <sys/stat.h>
| #endif
| #ifdef STDC_HEADERS
| # include <stdlib.h>
| # include <stddef.h>
| #else
| # ifdef HAVE_STDLIB_H
| #  include <stdlib.h>
| # endif
| #endif
| #ifdef HAVE_STRING_H
| # if !defined STDC_HEADERS && defined HAVE_MEMORY_H
| #  include <memory.h>
| # endif
| # include <string.h>
| #endif
| #ifdef HAVE_STRINGS_H
| # include <strings.h>
| #endif
| #ifdef HAVE_INTTYPES_H
| # include <inttypes.h>
| #endif
| #ifdef HAVE_STDINT_H
| # include <stdint.h>
| #endif
| #ifdef HAVE_UNISTD_H
| # include <unistd.h>
| #endif
| int
| main ()
| {
| static int test_array [1 - 2 * !((int8_t) ((((int8_t) 1 << (8 - 2)) - 1) * 2 + 1)
| 	         < (int8_t) ((((int8_t) 1 << (8 - 2)) - 1) * 2 + 2))];
| test_array [0] = 0
| 
|   ;
|   return 0;
| }
configure:5201: result: yes
configure:5214: checking for int16_t
configure:5245: /usr/local/ARC/gcc//bin/arc-linux-uclibc-gcc -c -Os -pipe  -I/home/osboxes/AirTies4641_Sandbox/Quantenna-GPL/buildroot/build_arc/staging_dir/include -I/usr/local/ARC/gcc//arc-linux-uclibc/include -fPIC -fPIC -D__linux  conftest.c >&5
configure:5251: $? = 0
configure:5280: /usr/local/ARC/gcc//bin/arc-linux-uclibc-gcc -c -Os -pipe  -I/home/osboxes/AirTies4641_Sandbox/Quantenna-GPL/buildroot/build_arc/staging_dir/include -I/usr/local/ARC/gcc//arc-linux-uclibc/include -fPIC -fPIC -D__linux  conftest.c >&5
conftest.c: In function 'main':
conftest.c:68: error: size of array 'test_array' is negative
configure:5286: $? = 1
configure: failed program was:
| /* confdefs.h.  */
| #define PACKAGE_NAME "DHCP"
| #define PACKAGE_TARNAME "dhcp"
| #define PACKAGE_VERSION "4.1-ESV-R3"
| #define PACKAGE_STRING "DHCP 4.1-ESV-R3"
| #define PACKAGE_BUGREPORT "dhcp-users@isc.org"
| #define PACKAGE "dhcp"
| #define VERSION "4.1-ESV-R3"
| #define _GNU_SOURCE 1
| #define STDC_HEADERS 1
| #define HAVE_SYS_TYPES_H 1
| #define HAVE_SYS_STAT_H 1
| #define HAVE_STDLIB_H 1
| #define HAVE_STRING_H 1
| #define HAVE_MEMORY_H 1
| #define HAVE_STRINGS_H 1
| #define HAVE_INTTYPES_H 1
| #define HAVE_STDINT_H 1
| #define HAVE_UNISTD_H 1
| #define __EXTENSIONS__ 1
| #define _POSIX_PTHREAD_SEMANTICS 1
| #define _TANDEM_SOURCE 1
| #define DHCP_BYTE_ORDER LITTLE_ENDIAN
| #define DHCPv6 1
| #define _PATH_DHCPD_DB "/var/lib/dhcp/dhcpd.leases"
| #define _PATH_DHCLIENT_DB "/var/lib/dhcp/dhclient.leases"
| #define _PATH_DHCPD_PID "/var/run/dhcpd.pid"
| #define _PATH_DHCLIENT_PID "/var/run/dhclient.pid"
| #define _PATH_DHCRELAY_PID "/var/run/dhcrelay.pid"
| /* end confdefs.h.  */
| #include <stdio.h>
| #ifdef HAVE_SYS_TYPES_H
| # include <sys/types.h>
| #endif
| #ifdef HAVE_SYS_STAT_H
| # include <sys/stat.h>
| #endif
| #ifdef STDC_HEADERS
| # include <stdlib.h>
| # include <stddef.h>
| #else
| # ifdef HAVE_STDLIB_H
| #  include <stdlib.h>
| # endif
| #endif
| #ifdef HAVE_STRING_H
| # if !defined STDC_HEADERS && defined HAVE_MEMORY_H
| #  include <memory.h>
| # endif
| # include <string.h>
| #endif
| #ifdef HAVE_STRINGS_H
| # include <strings.h>
| #endif
| #ifdef HAVE_INTTYPES_H
| # include <inttypes.h>
| #endif
| #ifdef HAVE_STDINT_H
| # include <stdint.h>
| #endif
| #ifdef HAVE_UNISTD_H
| # include <unistd.h>
| #endif
| int
| main ()
| {
| static int test_array [1 - 2 * !((int16_t) ((((int16_t) 1 << (16 - 2)) - 1) * 2 + 1)
| 	         < (int16_t) ((((int16_t) 1 << (16 - 2)) - 1) * 2 + 2))];
| test_array [0] = 0
| 
|   ;
|   return 0;
| }
configure:5315: result: yes
configure:5328: checking for int32_t
configure:5359: /usr/local/ARC/gcc//bin/arc-linux-uclibc-gcc -c -Os -pipe  -I/home/osboxes/AirTies4641_Sandbox/Quantenna-GPL/buildroot/build_arc/staging_dir/include -I/usr/local/ARC/gcc//arc-linux-uclibc/include -fPIC -fPIC -D__linux  conftest.c >&5
configure:5365: $? = 0
configure:5394: /usr/local/ARC/gcc//bin/arc-linux-uclibc-gcc -c -Os -pipe  -I/home/osboxes/AirTies4641_Sandbox/Quantenna-GPL/buildroot/build_arc/staging_dir/include -I/usr/local/ARC/gcc//arc-linux-uclibc/include -fPIC -fPIC -D__linux  conftest.c >&5
conftest.c: In function 'main':
conftest.c:68: warning: integer overflow in expression
conftest.c:68: error: size of array 'test_array' is negative
configure:5400: $? = 1
configure: failed program was:
| /* confdefs.h.  */
| #define PACKAGE_NAME "DHCP"
| #define PACKAGE_TARNAME "dhcp"
| #define PACKAGE_VERSION "4.1-ESV-R3"
| #define PACKAGE_STRING "DHCP 4.1-ESV-R3"
| #define PACKAGE_BUGREPORT "dhcp-users@isc.org"
| #define PACKAGE "dhcp"
| #define VERSION "4.1-ESV-R3"
| #define _GNU_SOURCE 1
| #define STDC_HEADERS 1
| #define HAVE_SYS_TYPES_H 1
| #define HAVE_SYS_STAT_H 1
| #define HAVE_STDLIB_H 1
| #define HAVE_STRING_H 1
| #define HAVE_MEMORY_H 1
| #define HAVE_STRINGS_H 1
| #define HAVE_INTTYPES_H 1
| #define HAVE_STDINT_H 1
| #define HAVE_UNISTD_H 1
| #define __EXTENSIONS__ 1
| #define _POSIX_PTHREAD_SEMANTICS 1
| #define _TANDEM_SOURCE 1
| #define DHCP_BYTE_ORDER LITTLE_ENDIAN
| #define DHCPv6 1
| #define _PATH_DHCPD_DB "/var/lib/dhcp/dhcpd.leases"
| #define _PATH_DHCLIENT_DB "/var/lib/dhcp/dhclient.leases"
| #define _PATH_DHCPD_PID "/var/run/dhcpd.pid"
| #define _PATH_DHCLIENT_PID "/var/run/dhclient.pid"
| #define _PATH_DHCRELAY_PID "/var/run/dhcrelay.pid"
| /* end confdefs.h.  */
| #include <stdio.h>
| #ifdef HAVE_SYS_TYPES_H
| # include <sys/types.h>
| #endif
| #ifdef HAVE_SYS_STAT_H
| # include <sys/stat.h>
| #endif
| #ifdef STDC_HEADERS
| # include <stdlib.h>
| # include <stddef.h>
| #else
| # ifdef HAVE_STDLIB_H
| #  include <stdlib.h>
| # endif
| #endif
| #ifdef HAVE_STRING_H
| # if !defined STDC_HEADERS && defined HAVE_MEMORY_H
| #  include <memory.h>
| # endif
| # include <string.h>
| #endif
| #ifdef HAVE_STRINGS_H
| # include <strings.h>
| #endif
| #ifdef HAVE_INTTYPES_H
| # include <inttypes.h>
| #endif
| #ifdef HAVE_STDINT_H
| # include <stdint.h>
| #endif
| #ifdef HAVE_UNISTD_H
| # include <unistd.h>
| #endif
| int
| main ()
| {
| static int test_array [1 - 2 * !((int32_t) ((((int32_t) 1 << (32 - 2)) - 1) * 2 + 1)
| 	         < (int32_t) ((((int32_t) 1 << (32 - 2)) - 1) * 2 + 2))];
| test_array [0] = 0
| 
|   ;
|   return 0;
| }
configure:5429: result: yes
configure:5442: checking for int64_t
configure:5473: /usr/local/ARC/gcc//bin/arc-linux-uclibc-gcc -c -Os -pipe  -I/home/osboxes/AirTies4641_Sandbox/Quantenna-GPL/buildroot/build_arc/staging_dir/include -I/usr/local/ARC/gcc//arc-linux-uclibc/include -fPIC -fPIC -D__linux  conftest.c >&5
configure:5479: $? = 0
configure:5508: /usr/local/ARC/gcc//bin/arc-linux-uclibc-gcc -c -Os -pipe  -I/home/osboxes/AirTies4641_Sandbox/Quantenna-GPL/buildroot/build_arc/staging_dir/include -I/usr/local/ARC/gcc//arc-linux-uclibc/include -fPIC -fPIC -D__linux  conftest.c >&5
conftest.c: In function 'main':
conftest.c:68: warning: integer overflow in expression
conftest.c:68: error: size of array 'test_array' is negative
configure:5514: $? = 1
configure: failed program was:
| /* confdefs.h.  */
| #define PACKAGE_NAME "DHCP"
| #define PACKAGE_TARNAME "dhcp"
| #define PACKAGE_VERSION "4.1-ESV-R3"
| #define PACKAGE_STRING "DHCP 4.1-ESV-R3"
| #define PACKAGE_BUGREPORT "dhcp-users@isc.org"
| #define PACKAGE "dhcp"
| #define VERSION "4.1-ESV-R3"
| #define _GNU_SOURCE 1
| #define STDC_HEADERS 1
| #define HAVE_SYS_TYPES_H 1
| #define HAVE_SYS_STAT_H 1
| #define HAVE_STDLIB_H 1
| #define HAVE_STRING_H 1
| #define HAVE_MEMORY_H 1
| #define HAVE_STRINGS_H 1
| #define HAVE_INTTYPES_H 1
| #define HAVE_STDINT_H 1
| #define HAVE_UNISTD_H 1
| #define __EXTENSIONS__ 1
| #define _POSIX_PTHREAD_SEMANTICS 1
| #define _TANDEM_SOURCE 1
| #define DHCP_BYTE_ORDER LITTLE_ENDIAN
| #define DHCPv6 1
| #define _PATH_DHCPD_DB "/var/lib/dhcp/dhcpd.leases"
| #define _PATH_DHCLIENT_DB "/var/lib/dhcp/dhclient.leases"
| #define _PATH_DHCPD_PID "/var/run/dhcpd.pid"
| #define _PATH_DHCLIENT_PID "/var/run/dhclient.pid"
| #define _PATH_DHCRELAY_PID "/var/run/dhcrelay.pid"
| /* end confdefs.h.  */
| #include <stdio.h>
| #ifdef HAVE_SYS_TYPES_H
| # include <sys/types.h>
| #endif
| #ifdef HAVE_SYS_STAT_H
| # include <sys/stat.h>
| #endif
| #ifdef STDC_HEADERS
| # include <stdlib.h>
| # include <stddef.h>
| #else
| # ifdef HAVE_STDLIB_H
| #  include <stdlib.h>
| # endif
| #endif
| #ifdef HAVE_STRING_H
| # if !defined STDC_HEADERS && defined HAVE_MEMORY_H
| #  include <memory.h>
| # endif
| # include <string.h>
| #endif
| #ifdef HAVE_STRINGS_H
| # include <strings.h>
| #endif
| #ifdef HAVE_INTTYPES_H
| # include <inttypes.h>
| #endif
| #ifdef HAVE_STDINT_H
| # include <stdint.h>
| #endif
| #ifdef HAVE_UNISTD_H
| # include <unistd.h>
| #endif
| int
| main ()
| {
| static int test_array [1 - 2 * !((int64_t) ((((int64_t) 1 << (64 - 2)) - 1) * 2 + 1)
| 	         < (int64_t) ((((int64_t) 1 << (64 - 2)) - 1) * 2 + 2))];
| test_array [0] = 0
| 
|   ;
|   return 0;
| }
configure:5543: result: yes
configure:5557: checking for u_int8_t
configure:5587: /usr/local/ARC/gcc//bin/arc-linux-uclibc-gcc -c -Os -pipe  -I/home/osboxes/AirTies4641_Sandbox/Quantenna-GPL/buildroot/build_arc/staging_dir/include -I/usr/local/ARC/gcc//arc-linux-uclibc/include -fPIC -fPIC -D__linux  conftest.c >&5
configure:5593: $? = 0
configure:5608: result: yes
configure:5698: checking for u_int16_t
configure:5728: /usr/local/ARC/gcc//bin/arc-linux-uclibc-gcc -c -Os -pipe  -I/home/osboxes/AirTies4641_Sandbox/Quantenna-GPL/buildroot/build_arc/staging_dir/include -I/usr/local/ARC/gcc//arc-linux-uclibc/include -fPIC -fPIC -D__linux  conftest.c >&5
configure:5734: $? = 0
configure:5749: result: yes
configure:5835: checking for u_int32_t
configure:5865: /usr/local/ARC/gcc//bin/arc-linux-uclibc-gcc -c -Os -pipe  -I/home/osboxes/AirTies4641_Sandbox/Quantenna-GPL/buildroot/build_arc/staging_dir/include -I/usr/local/ARC/gcc//arc-linux-uclibc/include -fPIC -fPIC -D__linux  conftest.c >&5
configure:5871: $? = 0
configure:5886: result: yes
configure:5976: checking for u_int64_t
configure:6006: /usr/local/ARC/gcc//bin/arc-linux-uclibc-gcc -c -Os -pipe  -I/home/osboxes/AirTies4641_Sandbox/Quantenna-GPL/buildroot/build_arc/staging_dir/include -I/usr/local/ARC/gcc//arc-linux-uclibc/include -fPIC -fPIC -D__linux  conftest.c >&5
configure:6012: $? = 0
configure:6027: result: yes
configure:6134: checking ifaddrs.h usability
configure:6151: /usr/local/ARC/gcc//bin/arc-linux-uclibc-gcc -c -Os -pipe  -I/home/osboxes/AirTies4641_Sandbox/Quantenna-GPL/buildroot/build_arc/staging_dir/include -I/usr/local/ARC/gcc//arc-linux-uclibc/include -fPIC -fPIC -D__linux  conftest.c >&5
conftest.c:64:21: error: ifaddrs.h: No such file or directory
configure:6157: $? = 1
configure: failed program was:
| /* confdefs.h.  */
| #define PACKAGE_NAME "DHCP"
| #define PACKAGE_TARNAME "dhcp"
| #define PACKAGE_VERSION "4.1-ESV-R3"
| #define PACKAGE_STRING "DHCP 4.1-ESV-R3"
| #define PACKAGE_BUGREPORT "dhcp-users@isc.org"
| #define PACKAGE "dhcp"
| #define VERSION "4.1-ESV-R3"
| #define _GNU_SOURCE 1
| #define STDC_HEADERS 1
| #define HAVE_SYS_TYPES_H 1
| #define HAVE_SYS_STAT_H 1
| #define HAVE_STDLIB_H 1
| #define HAVE_STRING_H 1
| #define HAVE_MEMORY_H 1
| #define HAVE_STRINGS_H 1
| #define HAVE_INTTYPES_H 1
| #define HAVE_STDINT_H 1
| #define HAVE_UNISTD_H 1
| #define __EXTENSIONS__ 1
| #define _POSIX_PTHREAD_SEMANTICS 1
| #define _TANDEM_SOURCE 1
| #define DHCP_BYTE_ORDER LITTLE_ENDIAN
| #define DHCPv6 1
| #define _PATH_DHCPD_DB "/var/lib/dhcp/dhcpd.leases"
| #define _PATH_DHCLIENT_DB "/var/lib/dhcp/dhclient.leases"
| #define _PATH_DHCPD_PID "/var/run/dhcpd.pid"
| #define _PATH_DHCLIENT_PID "/var/run/dhclient.pid"
| #define _PATH_DHCRELAY_PID "/var/run/dhcrelay.pid"
| /* end confdefs.h.  */
| #include <stdio.h>
| #ifdef HAVE_SYS_TYPES_H
| # include <sys/types.h>
| #endif
| #ifdef HAVE_SYS_STAT_H
| # include <sys/stat.h>
| #endif
| #ifdef STDC_HEADERS
| # include <stdlib.h>
| # include <stddef.h>
| #else
| # ifdef HAVE_STDLIB_H
| #  include <stdlib.h>
| # endif
| #endif
| #ifdef HAVE_STRING_H
| # if !defined STDC_HEADERS && defined HAVE_MEMORY_H
| #  include <memory.h>
| # endif
| # include <string.h>
| #endif
| #ifdef HAVE_STRINGS_H
| # include <strings.h>
| #endif
| #ifdef HAVE_INTTYPES_H
| # include <inttypes.h>
| #endif
| #ifdef HAVE_STDINT_H
| # include <stdint.h>
| #endif
| #ifdef HAVE_UNISTD_H
| # include <unistd.h>
| #endif
| #include <ifaddrs.h>
configure:6171: result: no
configure:6175: checking ifaddrs.h presence
configure:6190: /usr/local/ARC/gcc//bin/arc-linux-uclibc-cpp  conftest.c
conftest.c:31:21: error: ifaddrs.h: No such file or directory
configure:6196: $? = 1
configure: failed program was:
| /* confdefs.h.  */
| #define PACKAGE_NAME "DHCP"
| #define PACKAGE_TARNAME "dhcp"
| #define PACKAGE_VERSION "4.1-ESV-R3"
| #define PACKAGE_STRING "DHCP 4.1-ESV-R3"
| #define PACKAGE_BUGREPORT "dhcp-users@isc.org"
| #define PACKAGE "dhcp"
| #define VERSION "4.1-ESV-R3"
| #define _GNU_SOURCE 1
| #define STDC_HEADERS 1
| #define HAVE_SYS_TYPES_H 1
| #define HAVE_SYS_STAT_H 1
| #define HAVE_STDLIB_H 1
| #define HAVE_STRING_H 1
| #define HAVE_MEMORY_H 1
| #define HAVE_STRINGS_H 1
| #define HAVE_INTTYPES_H 1
| #define HAVE_STDINT_H 1
| #define HAVE_UNISTD_H 1
| #define __EXTENSIONS__ 1
| #define _POSIX_PTHREAD_SEMANTICS 1
| #define _TANDEM_SOURCE 1
| #define DHCP_BYTE_ORDER LITTLE_ENDIAN
| #define DHCPv6 1
| #define _PATH_DHCPD_DB "/var/lib/dhcp/dhcpd.leases"
| #define _PATH_DHCLIENT_DB "/var/lib/dhcp/dhclient.leases"
| #define _PATH_DHCPD_PID "/var/run/dhcpd.pid"
| #define _PATH_DHCLIENT_PID "/var/run/dhclient.pid"
| #define _PATH_DHCRELAY_PID "/var/run/dhcrelay.pid"
| /* end confdefs.h.  */
| #include <ifaddrs.h>
configure:6210: result: no
configure:6243: checking for ifaddrs.h
configure:6251: result: no
configure:6281: checking linux/types.h usability
configure:6298: /usr/local/ARC/gcc//bin/arc-linux-uclibc-gcc -c -Os -pipe  -I/home/osboxes/AirTies4641_Sandbox/Quantenna-GPL/buildroot/build_arc/staging_dir/include -I/usr/local/ARC/gcc//arc-linux-uclibc/include -fPIC -fPIC -D__linux  conftest.c >&5
configure:6304: $? = 0
configure:6318: result: yes
configure:6322: checking linux/types.h presence
configure:6337: /usr/local/ARC/gcc//bin/arc-linux-uclibc-cpp  conftest.c
configure:6343: $? = 0
configure:6357: result: yes
configure:6390: checking for linux/types.h
configure:6398: result: yes
configure:6412: checking for linux/filter.h
configure:6437: /usr/local/ARC/gcc//bin/arc-linux-uclibc-gcc -c -Os -pipe  -I/home/osboxes/AirTies4641_Sandbox/Quantenna-GPL/buildroot/build_arc/staging_dir/include -I/usr/local/ARC/gcc//arc-linux-uclibc/include -fPIC -fPIC -D__linux  conftest.c >&5
configure:6443: $? = 0
configure:6458: result: yes
configure:6768: checking for struct lifnum
configure:6795: /usr/local/ARC/gcc//bin/arc-linux-uclibc-gcc -c -Os -pipe  -I/home/osboxes/AirTies4641_Sandbox/Quantenna-GPL/buildroot/build_arc/staging_dir/include -I/usr/local/ARC/gcc//arc-linux-uclibc/include -fPIC -fPIC -D__linux  conftest.c >&5
conftest.c: In function 'main':
conftest.c:40: error: storage size of 'a' isn't known
configure:6801: $? = 1
configure: failed program was:
| /* confdefs.h.  */
| #define PACKAGE_NAME "DHCP"
| #define PACKAGE_TARNAME "dhcp"
| #define PACKAGE_VERSION "4.1-ESV-R3"
| #define PACKAGE_STRING "DHCP 4.1-ESV-R3"
| #define PACKAGE_BUGREPORT "dhcp-users@isc.org"
| #define PACKAGE "dhcp"
| #define VERSION "4.1-ESV-R3"
| #define _GNU_SOURCE 1
| #define STDC_HEADERS 1
| #define HAVE_SYS_TYPES_H 1
| #define HAVE_SYS_STAT_H 1
| #define HAVE_STDLIB_H 1
| #define HAVE_STRING_H 1
| #define HAVE_MEMORY_H 1
| #define HAVE_STRINGS_H 1
| #define HAVE_INTTYPES_H 1
| #define HAVE_STDINT_H 1
| #define HAVE_UNISTD_H 1
| #define __EXTENSIONS__ 1
| #define _POSIX_PTHREAD_SEMANTICS 1
| #define _TANDEM_SOURCE 1
| #define DHCP_BYTE_ORDER LITTLE_ENDIAN
| #define DHCPv6 1
| #define _PATH_DHCPD_DB "/var/lib/dhcp/dhcpd.leases"
| #define _PATH_DHCLIENT_DB "/var/lib/dhcp/dhclient.leases"
| #define _PATH_DHCPD_PID "/var/run/dhcpd.pid"
| #define _PATH_DHCLIENT_PID "/var/run/dhclient.pid"
| #define _PATH_DHCRELAY_PID "/var/run/dhcrelay.pid"
| #define HAVE_LINUX_TYPES_H 1
| #define HAVE_LPF 1
| /* end confdefs.h.  */
|  #include <sys/types.h>
|   #include <sys/socket.h>
|   #include <net/if.h>
| 
| int
| main ()
| {
|  struct lifnum a;
| 
|   ;
|   return 0;
| }
configure:6817: result: no
configure:6823: checking for struct if_laddrconf
configure:6849: /usr/local/ARC/gcc//bin/arc-linux-uclibc-gcc -c -Os -pipe  -I/home/osboxes/AirTies4641_Sandbox/Quantenna-GPL/buildroot/build_arc/staging_dir/include -I/usr/local/ARC/gcc//arc-linux-uclibc/include -fPIC -fPIC -D__linux  conftest.c >&5
conftest.c:34:23: error: net/if6.h: No such file or directory
conftest.c: In function 'main':
conftest.c:39: error: storage size of 'a' isn't known
configure:6855: $? = 1
configure: failed program was:
| /* confdefs.h.  */
| #define PACKAGE_NAME "DHCP"
| #define PACKAGE_TARNAME "dhcp"
| #define PACKAGE_VERSION "4.1-ESV-R3"
| #define PACKAGE_STRING "DHCP 4.1-ESV-R3"
| #define PACKAGE_BUGREPORT "dhcp-users@isc.org"
| #define PACKAGE "dhcp"
| #define VERSION "4.1-ESV-R3"
| #define _GNU_SOURCE 1
| #define STDC_HEADERS 1
| #define HAVE_SYS_TYPES_H 1
| #define HAVE_SYS_STAT_H 1
| #define HAVE_STDLIB_H 1
| #define HAVE_STRING_H 1
| #define HAVE_MEMORY_H 1
| #define HAVE_STRINGS_H 1
| #define HAVE_INTTYPES_H 1
| #define HAVE_STDINT_H 1
| #define HAVE_UNISTD_H 1
| #define __EXTENSIONS__ 1
| #define _POSIX_PTHREAD_SEMANTICS 1
| #define _TANDEM_SOURCE 1
| #define DHCP_BYTE_ORDER LITTLE_ENDIAN
| #define DHCPv6 1
| #define _PATH_DHCPD_DB "/var/lib/dhcp/dhcpd.leases"
| #define _PATH_DHCLIENT_DB "/var/lib/dhcp/dhclient.leases"
| #define _PATH_DHCPD_PID "/var/run/dhcpd.pid"
| #define _PATH_DHCLIENT_PID "/var/run/dhclient.pid"
| #define _PATH_DHCRELAY_PID "/var/run/dhcrelay.pid"
| #define HAVE_LINUX_TYPES_H 1
| #define HAVE_LPF 1
| /* end confdefs.h.  */
|  #include <sys/types.h>
|   #include <net/if6.h>
| 
| int
| main ()
| {
|  struct if_laddrconf a;
| 
|   ;
|   return 0;
| }
configure:6871: result: no
configure:6877: checking for struct if_laddrreq
configure:6903: /usr/local/ARC/gcc//bin/arc-linux-uclibc-gcc -o conftest -Os -pipe  -I/home/osboxes/AirTies4641_Sandbox/Quantenna-GPL/buildroot/build_arc/staging_dir/include -I/usr/local/ARC/gcc//arc-linux-uclibc/include -fPIC -fPIC -D__linux   conftest.c  >&5
conftest.c:34:22: error: net/if6.h: No such file or directory
conftest.c: In function 'main':
conftest.c:39: error: storage size of 'a' isn't known
configure:6909: $? = 1
configure: failed program was:
| /* confdefs.h.  */
| #define PACKAGE_NAME "DHCP"
| #define PACKAGE_TARNAME "dhcp"
| #define PACKAGE_VERSION "4.1-ESV-R3"
| #define PACKAGE_STRING "DHCP 4.1-ESV-R3"
| #define PACKAGE_BUGREPORT "dhcp-users@isc.org"
| #define PACKAGE "dhcp"
| #define VERSION "4.1-ESV-R3"
| #define _GNU_SOURCE 1
| #define STDC_HEADERS 1
| #define HAVE_SYS_TYPES_H 1
| #define HAVE_SYS_STAT_H 1
| #define HAVE_STDLIB_H 1
| #define HAVE_STRING_H 1
| #define HAVE_MEMORY_H 1
| #define HAVE_STRINGS_H 1
| #define HAVE_INTTYPES_H 1
| #define HAVE_STDINT_H 1
| #define HAVE_UNISTD_H 1
| #define __EXTENSIONS__ 1
| #define _POSIX_PTHREAD_SEMANTICS 1
| #define _TANDEM_SOURCE 1
| #define DHCP_BYTE_ORDER LITTLE_ENDIAN
| #define DHCPv6 1
| #define _PATH_DHCPD_DB "/var/lib/dhcp/dhcpd.leases"
| #define _PATH_DHCLIENT_DB "/var/lib/dhcp/dhclient.leases"
| #define _PATH_DHCPD_PID "/var/run/dhcpd.pid"
| #define _PATH_DHCLIENT_PID "/var/run/dhclient.pid"
| #define _PATH_DHCRELAY_PID "/var/run/dhcrelay.pid"
| #define HAVE_LINUX_TYPES_H 1
| #define HAVE_LPF 1
| /* end confdefs.h.  */
| #include <sys/types.h>
|  #include <net/if6.h>
| 
| int
| main ()
| {
|  struct if_laddrreq a;
| 
|   ;
|   return 0;
| }
configure:6926: result: no
configure:6952: checking sys/socket.h usability
configure:6969: /usr/local/ARC/gcc//bin/arc-linux-uclibc-gcc -c -Os -pipe  -I/home/osboxes/AirTies4641_Sandbox/Quantenna-GPL/buildroot/build_arc/staging_dir/include -I/usr/local/ARC/gcc//arc-linux-uclibc/include -fPIC -fPIC -D__linux  conftest.c >&5
configure:6975: $? = 0
configure:6989: result: yes
configure:6993: checking sys/socket.h presence
configure:7008: /usr/local/ARC/gcc//bin/arc-linux-uclibc-cpp  conftest.c
configure:7014: $? = 0
configure:7028: result: yes
configure:7061: checking for sys/socket.h
configure:7069: result: yes
configure:6952: checking net/if_dl.h usability
configure:6969: /usr/local/ARC/gcc//bin/arc-linux-uclibc-gcc -c -Os -pipe  -I/home/osboxes/AirTies4641_Sandbox/Quantenna-GPL/buildroot/build_arc/staging_dir/include -I/usr/local/ARC/gcc//arc-linux-uclibc/include -fPIC -fPIC -D__linux  conftest.c >&5
conftest.c:67:23: error: net/if_dl.h: No such file or directory
configure:6975: $? = 1
configure: failed program was:
| /* confdefs.h.  */
| #define PACKAGE_NAME "DHCP"
| #define PACKAGE_TARNAME "dhcp"
| #define PACKAGE_VERSION "4.1-ESV-R3"
| #define PACKAGE_STRING "DHCP 4.1-ESV-R3"
| #define PACKAGE_BUGREPORT "dhcp-users@isc.org"
| #define PACKAGE "dhcp"
| #define VERSION "4.1-ESV-R3"
| #define _GNU_SOURCE 1
| #define STDC_HEADERS 1
| #define HAVE_SYS_TYPES_H 1
| #define HAVE_SYS_STAT_H 1
| #define HAVE_STDLIB_H 1
| #define HAVE_STRING_H 1
| #define HAVE_MEMORY_H 1
| #define HAVE_STRINGS_H 1
| #define HAVE_INTTYPES_H 1
| #define HAVE_STDINT_H 1
| #define HAVE_UNISTD_H 1
| #define __EXTENSIONS__ 1
| #define _POSIX_PTHREAD_SEMANTICS 1
| #define _TANDEM_SOURCE 1
| #define DHCP_BYTE_ORDER LITTLE_ENDIAN
| #define DHCPv6 1
| #define _PATH_DHCPD_DB "/var/lib/dhcp/dhcpd.leases"
| #define _PATH_DHCLIENT_DB "/var/lib/dhcp/dhclient.leases"
| #define _PATH_DHCPD_PID "/var/run/dhcpd.pid"
| #define _PATH_DHCLIENT_PID "/var/run/dhclient.pid"
| #define _PATH_DHCRELAY_PID "/var/run/dhcrelay.pid"
| #define HAVE_LINUX_TYPES_H 1
| #define HAVE_LPF 1
| #define HAVE_SYS_SOCKET_H 1
| /* end confdefs.h.  */
| #include <stdio.h>
| #ifdef HAVE_SYS_TYPES_H
| # include <sys/types.h>
| #endif
| #ifdef HAVE_SYS_STAT_H
| # include <sys/stat.h>
| #endif
| #ifdef STDC_HEADERS
| # include <stdlib.h>
| # include <stddef.h>
| #else
| # ifdef HAVE_STDLIB_H
| #  include <stdlib.h>
| # endif
| #endif
| #ifdef HAVE_STRING_H
| # if !defined STDC_HEADERS && defined HAVE_MEMORY_H
| #  include <memory.h>
| # endif
| # include <string.h>
| #endif
| #ifdef HAVE_STRINGS_H
| # include <strings.h>
| #endif
| #ifdef HAVE_INTTYPES_H
| # include <inttypes.h>
| #endif
| #ifdef HAVE_STDINT_H
| # include <stdint.h>
| #endif
| #ifdef HAVE_UNISTD_H
| # include <unistd.h>
| #endif
| #include <net/if_dl.h>
configure:6989: result: no
configure:6993: checking net/if_dl.h presence
configure:7008: /usr/local/ARC/gcc//bin/arc-linux-uclibc-cpp  conftest.c
conftest.c:34:23: error: net/if_dl.h: No such file or directory
configure:7014: $? = 1
configure: failed program was:
| /* confdefs.h.  */
| #define PACKAGE_NAME "DHCP"
| #define PACKAGE_TARNAME "dhcp"
| #define PACKAGE_VERSION "4.1-ESV-R3"
| #define PACKAGE_STRING "DHCP 4.1-ESV-R3"
| #define PACKAGE_BUGREPORT "dhcp-users@isc.org"
| #define PACKAGE "dhcp"
| #define VERSION "4.1-ESV-R3"
| #define _GNU_SOURCE 1
| #define STDC_HEADERS 1
| #define HAVE_SYS_TYPES_H 1
| #define HAVE_SYS_STAT_H 1
| #define HAVE_STDLIB_H 1
| #define HAVE_STRING_H 1
| #define HAVE_MEMORY_H 1
| #define HAVE_STRINGS_H 1
| #define HAVE_INTTYPES_H 1
| #define HAVE_STDINT_H 1
| #define HAVE_UNISTD_H 1
| #define __EXTENSIONS__ 1
| #define _POSIX_PTHREAD_SEMANTICS 1
| #define _TANDEM_SOURCE 1
| #define DHCP_BYTE_ORDER LITTLE_ENDIAN
| #define DHCPv6 1
| #define _PATH_DHCPD_DB "/var/lib/dhcp/dhcpd.leases"
| #define _PATH_DHCLIENT_DB "/var/lib/dhcp/dhclient.leases"
| #define _PATH_DHCPD_PID "/var/run/dhcpd.pid"
| #define _PATH_DHCLIENT_PID "/var/run/dhclient.pid"
| #define _PATH_DHCRELAY_PID "/var/run/dhcrelay.pid"
| #define HAVE_LINUX_TYPES_H 1
| #define HAVE_LPF 1
| #define HAVE_SYS_SOCKET_H 1
| /* end confdefs.h.  */
| #include <net/if_dl.h>
configure:7028: result: no
configure:7061: checking for net/if_dl.h
configure:7069: result: no
configure:6952: checking net/if6.h usability
configure:6969: /usr/local/ARC/gcc//bin/arc-linux-uclibc-gcc -c -Os -pipe  -I/home/osboxes/AirTies4641_Sandbox/Quantenna-GPL/buildroot/build_arc/staging_dir/include -I/usr/local/ARC/gcc//arc-linux-uclibc/include -fPIC -fPIC -D__linux  conftest.c >&5
conftest.c:67:21: error: net/if6.h: No such file or directory
configure:6975: $? = 1
configure: failed program was:
| /* confdefs.h.  */
| #define PACKAGE_NAME "DHCP"
| #define PACKAGE_TARNAME "dhcp"
| #define PACKAGE_VERSION "4.1-ESV-R3"
| #define PACKAGE_STRING "DHCP 4.1-ESV-R3"
| #define PACKAGE_BUGREPORT "dhcp-users@isc.org"
| #define PACKAGE "dhcp"
| #define VERSION "4.1-ESV-R3"
| #define _GNU_SOURCE 1
| #define STDC_HEADERS 1
| #define HAVE_SYS_TYPES_H 1
| #define HAVE_SYS_STAT_H 1
| #define HAVE_STDLIB_H 1
| #define HAVE_STRING_H 1
| #define HAVE_MEMORY_H 1
| #define HAVE_STRINGS_H 1
| #define HAVE_INTTYPES_H 1
| #define HAVE_STDINT_H 1
| #define HAVE_UNISTD_H 1
| #define __EXTENSIONS__ 1
| #define _POSIX_PTHREAD_SEMANTICS 1
| #define _TANDEM_SOURCE 1
| #define DHCP_BYTE_ORDER LITTLE_ENDIAN
| #define DHCPv6 1
| #define _PATH_DHCPD_DB "/var/lib/dhcp/dhcpd.leases"
| #define _PATH_DHCLIENT_DB "/var/lib/dhcp/dhclient.leases"
| #define _PATH_DHCPD_PID "/var/run/dhcpd.pid"
| #define _PATH_DHCLIENT_PID "/var/run/dhclient.pid"
| #define _PATH_DHCRELAY_PID "/var/run/dhcrelay.pid"
| #define HAVE_LINUX_TYPES_H 1
| #define HAVE_LPF 1
| #define HAVE_SYS_SOCKET_H 1
| /* end confdefs.h.  */
| #include <stdio.h>
| #ifdef HAVE_SYS_TYPES_H
| # include <sys/types.h>
| #endif
| #ifdef HAVE_SYS_STAT_H
| # include <sys/stat.h>
| #endif
| #ifdef STDC_HEADERS
| # include <stdlib.h>
| # include <stddef.h>
| #else
| # ifdef HAVE_STDLIB_H
| #  include <stdlib.h>
| # endif
| #endif
| #ifdef HAVE_STRING_H
| # if !defined STDC_HEADERS && defined HAVE_MEMORY_H
| #  include <memory.h>
| # endif
| # include <string.h>
| #endif
| #ifdef HAVE_STRINGS_H
| # include <strings.h>
| #endif
| #ifdef HAVE_INTTYPES_H
| # include <inttypes.h>
| #endif
| #ifdef HAVE_STDINT_H
| # include <stdint.h>
| #endif
| #ifdef HAVE_UNISTD_H
| # include <unistd.h>
| #endif
| #include <net/if6.h>
configure:6989: result: no
configure:6993: checking net/if6.h presence
configure:7008: /usr/local/ARC/gcc//bin/arc-linux-uclibc-cpp  conftest.c
conftest.c:34:21: error: net/if6.h: No such file or directory
configure:7014: $? = 1
configure: failed program was:
| /* confdefs.h.  */
| #define PACKAGE_NAME "DHCP"
| #define PACKAGE_TARNAME "dhcp"
| #define PACKAGE_VERSION "4.1-ESV-R3"
| #define PACKAGE_STRING "DHCP 4.1-ESV-R3"
| #define PACKAGE_BUGREPORT "dhcp-users@isc.org"
| #define PACKAGE "dhcp"
| #define VERSION "4.1-ESV-R3"
| #define _GNU_SOURCE 1
| #define STDC_HEADERS 1
| #define HAVE_SYS_TYPES_H 1
| #define HAVE_SYS_STAT_H 1
| #define HAVE_STDLIB_H 1
| #define HAVE_STRING_H 1
| #define HAVE_MEMORY_H 1
| #define HAVE_STRINGS_H 1
| #define HAVE_INTTYPES_H 1
| #define HAVE_STDINT_H 1
| #define HAVE_UNISTD_H 1
| #define __EXTENSIONS__ 1
| #define _POSIX_PTHREAD_SEMANTICS 1
| #define _TANDEM_SOURCE 1
| #define DHCP_BYTE_ORDER LITTLE_ENDIAN
| #define DHCPv6 1
| #define _PATH_DHCPD_DB "/var/lib/dhcp/dhcpd.leases"
| #define _PATH_DHCLIENT_DB "/var/lib/dhcp/dhclient.leases"
| #define _PATH_DHCPD_PID "/var/run/dhcpd.pid"
| #define _PATH_DHCLIENT_PID "/var/run/dhclient.pid"
| #define _PATH_DHCRELAY_PID "/var/run/dhcrelay.pid"
| #define HAVE_LINUX_TYPES_H 1
| #define HAVE_LPF 1
| #define HAVE_SYS_SOCKET_H 1
| /* end confdefs.h.  */
| #include <net/if6.h>
configure:7028: result: no
configure:7061: checking for net/if6.h
configure:7069: result: no
configure:6952: checking regex.h usability
configure:6969: /usr/local/ARC/gcc//bin/arc-linux-uclibc-gcc -c -Os -pipe  -I/home/osboxes/AirTies4641_Sandbox/Quantenna-GPL/buildroot/build_arc/staging_dir/include -I/usr/local/ARC/gcc//arc-linux-uclibc/include -fPIC -fPIC -D__linux  conftest.c >&5
configure:6975: $? = 0
configure:6989: result: yes
configure:6993: checking regex.h presence
configure:7008: /usr/local/ARC/gcc//bin/arc-linux-uclibc-cpp  conftest.c
configure:7014: $? = 0
configure:7028: result: yes
configure:7061: checking for regex.h
configure:7069: result: yes
configure:7084: checking for library containing socket
configure:7125: /usr/local/ARC/gcc//bin/arc-linux-uclibc-gcc -o conftest -Os -pipe  -I/home/osboxes/AirTies4641_Sandbox/Quantenna-GPL/buildroot/build_arc/staging_dir/include -I/usr/local/ARC/gcc//arc-linux-uclibc/include -fPIC -fPIC -D__linux   conftest.c  >&5
configure:7131: $? = 0
configure:7159: result: none required
configure:7167: checking for library containing inet_ntoa
configure:7208: /usr/local/ARC/gcc//bin/arc-linux-uclibc-gcc -o conftest -Os -pipe  -I/home/osboxes/AirTies4641_Sandbox/Quantenna-GPL/buildroot/build_arc/staging_dir/include -I/usr/local/ARC/gcc//arc-linux-uclibc/include -fPIC -fPIC -D__linux   conftest.c  >&5
configure:7214: $? = 0
configure:7242: result: none required
configure:7251: checking for library containing inet_aton
configure:7292: /usr/local/ARC/gcc//bin/arc-linux-uclibc-gcc -o conftest -Os -pipe  -I/home/osboxes/AirTies4641_Sandbox/Quantenna-GPL/buildroot/build_arc/staging_dir/include -I/usr/local/ARC/gcc//arc-linux-uclibc/include -fPIC -fPIC -D__linux   conftest.c  >&5
configure:7298: $? = 0
configure:7326: result: none required
configure:7342: checking for library containing regcomp
configure:7383: /usr/local/ARC/gcc//bin/arc-linux-uclibc-gcc -o conftest -Os -pipe  -I/home/osboxes/AirTies4641_Sandbox/Quantenna-GPL/buildroot/build_arc/staging_dir/include -I/usr/local/ARC/gcc//arc-linux-uclibc/include -fPIC -fPIC -D__linux   conftest.c  >&5
configure:7389: $? = 0
configure:7417: result: none required
configure:7427: checking for library containing if_nametoindex
configure:7468: /usr/local/ARC/gcc//bin/arc-linux-uclibc-gcc -o conftest -Os -pipe  -I/home/osboxes/AirTies4641_Sandbox/Quantenna-GPL/buildroot/build_arc/staging_dir/include -I/usr/local/ARC/gcc//arc-linux-uclibc/include -fPIC -fPIC -D__linux   conftest.c  >&5
configure:7474: $? = 0
configure:7502: result: none required
configure:7512: checking for /dev/random
configure:7527: result: yes
configure:7539: checking for struct sockaddr.sa_len
configure:7568: /usr/local/ARC/gcc//bin/arc-linux-uclibc-gcc -c -Os -pipe  -I/home/osboxes/AirTies4641_Sandbox/Quantenna-GPL/buildroot/build_arc/staging_dir/include -I/usr/local/ARC/gcc//arc-linux-uclibc/include -fPIC -fPIC -D__linux  conftest.c >&5
conftest.c: In function 'main':
conftest.c:42: error: 'struct sockaddr' has no member named 'sa_len'
configure:7574: $? = 1
configure: failed program was:
| /* confdefs.h.  */
| #define PACKAGE_NAME "DHCP"
| #define PACKAGE_TARNAME "dhcp"
| #define PACKAGE_VERSION "4.1-ESV-R3"
| #define PACKAGE_STRING "DHCP 4.1-ESV-R3"
| #define PACKAGE_BUGREPORT "dhcp-users@isc.org"
| #define PACKAGE "dhcp"
| #define VERSION "4.1-ESV-R3"
| #define _GNU_SOURCE 1
| #define STDC_HEADERS 1
| #define HAVE_SYS_TYPES_H 1
| #define HAVE_SYS_STAT_H 1
| #define HAVE_STDLIB_H 1
| #define HAVE_STRING_H 1
| #define HAVE_MEMORY_H 1
| #define HAVE_STRINGS_H 1
| #define HAVE_INTTYPES_H 1
| #define HAVE_STDINT_H 1
| #define HAVE_UNISTD_H 1
| #define __EXTENSIONS__ 1
| #define _POSIX_PTHREAD_SEMANTICS 1
| #define _TANDEM_SOURCE 1
| #define DHCP_BYTE_ORDER LITTLE_ENDIAN
| #define DHCPv6 1
| #define _PATH_DHCPD_DB "/var/lib/dhcp/dhcpd.leases"
| #define _PATH_DHCLIENT_DB "/var/lib/dhcp/dhclient.leases"
| #define _PATH_DHCPD_PID "/var/run/dhcpd.pid"
| #define _PATH_DHCLIENT_PID "/var/run/dhclient.pid"
| #define _PATH_DHCRELAY_PID "/var/run/dhcrelay.pid"
| #define HAVE_LINUX_TYPES_H 1
| #define HAVE_LPF 1
| #define HAVE_SYS_SOCKET_H 1
| #define HAVE_REGEX_H 1
| #define HAVE_DEV_RANDOM 1
| /* end confdefs.h.  */
| #include <sys/socket.h>
| 
| int
| main ()
| {
| static struct sockaddr ac_aggr;
| if (ac_aggr.sa_len)
| return 0;
|   ;
|   return 0;
| }
configure:7608: /usr/local/ARC/gcc//bin/arc-linux-uclibc-gcc -c -Os -pipe  -I/home/osboxes/AirTies4641_Sandbox/Quantenna-GPL/buildroot/build_arc/staging_dir/include -I/usr/local/ARC/gcc//arc-linux-uclibc/include -fPIC -fPIC -D__linux  conftest.c >&5
conftest.c: In function 'main':
conftest.c:42: error: 'struct sockaddr' has no member named 'sa_len'
configure:7614: $? = 1
configure: failed program was:
| /* confdefs.h.  */
| #define PACKAGE_NAME "DHCP"
| #define PACKAGE_TARNAME "dhcp"
| #define PACKAGE_VERSION "4.1-ESV-R3"
| #define PACKAGE_STRING "DHCP 4.1-ESV-R3"
| #define PACKAGE_BUGREPORT "dhcp-users@isc.org"
| #define PACKAGE "dhcp"
| #define VERSION "4.1-ESV-R3"
| #define _GNU_SOURCE 1
| #define STDC_HEADERS 1
| #define HAVE_SYS_TYPES_H 1
| #define HAVE_SYS_STAT_H 1
| #define HAVE_STDLIB_H 1
| #define HAVE_STRING_H 1
| #define HAVE_MEMORY_H 1
| #define HAVE_STRINGS_H 1
| #define HAVE_INTTYPES_H 1
| #define HAVE_STDINT_H 1
| #define HAVE_UNISTD_H 1
| #define __EXTENSIONS__ 1
| #define _POSIX_PTHREAD_SEMANTICS 1
| #define _TANDEM_SOURCE 1
| #define DHCP_BYTE_ORDER LITTLE_ENDIAN
| #define DHCPv6 1
| #define _PATH_DHCPD_DB "/var/lib/dhcp/dhcpd.leases"
| #define _PATH_DHCLIENT_DB "/var/lib/dhcp/dhclient.leases"
| #define _PATH_DHCPD_PID "/var/run/dhcpd.pid"
| #define _PATH_DHCLIENT_PID "/var/run/dhclient.pid"
| #define _PATH_DHCRELAY_PID "/var/run/dhcrelay.pid"
| #define HAVE_LINUX_TYPES_H 1
| #define HAVE_LPF 1
| #define HAVE_SYS_SOCKET_H 1
| #define HAVE_REGEX_H 1
| #define HAVE_DEV_RANDOM 1
| /* end confdefs.h.  */
| #include <sys/socket.h>
| 
| int
| main ()
| {
| static struct sockaddr ac_aggr;
| if (sizeof ac_aggr.sa_len)
| return 0;
|   ;
|   return 0;
| }
configure:7632: result: no
configure:7644: checking for struct iaddr *
configure:7678: /usr/local/ARC/gcc//bin/arc-linux-uclibc-gcc -c -Os -pipe  -I/home/osboxes/AirTies4641_Sandbox/Quantenna-GPL/buildroot/build_arc/staging_dir/include -I/usr/local/ARC/gcc//arc-linux-uclibc/include -fPIC -fPIC -D__linux  conftest.c >&5
configure:7684: $? = 0
configure:7699: result: yes
configure:7706: checking size of struct iaddr *
configure:7741: /usr/local/ARC/gcc//bin/arc-linux-uclibc-gcc -c -Os -pipe  -I/home/osboxes/AirTies4641_Sandbox/Quantenna-GPL/buildroot/build_arc/staging_dir/include -I/usr/local/ARC/gcc//arc-linux-uclibc/include -fPIC -fPIC -D__linux  conftest.c >&5
configure:7747: $? = 0
configure:7782: /usr/local/ARC/gcc//bin/arc-linux-uclibc-gcc -c -Os -pipe  -I/home/osboxes/AirTies4641_Sandbox/Quantenna-GPL/buildroot/build_arc/staging_dir/include -I/usr/local/ARC/gcc//arc-linux-uclibc/include -fPIC -fPIC -D__linux  conftest.c >&5
conftest.c: In function 'main':
conftest.c:45: error: size of array 'test_array' is negative
configure:7788: $? = 1
configure: failed program was:
| /* confdefs.h.  */
| #define PACKAGE_NAME "DHCP"
| #define PACKAGE_TARNAME "dhcp"
| #define PACKAGE_VERSION "4.1-ESV-R3"
| #define PACKAGE_STRING "DHCP 4.1-ESV-R3"
| #define PACKAGE_BUGREPORT "dhcp-users@isc.org"
| #define PACKAGE "dhcp"
| #define VERSION "4.1-ESV-R3"
| #define _GNU_SOURCE 1
| #define STDC_HEADERS 1
| #define HAVE_SYS_TYPES_H 1
| #define HAVE_SYS_STAT_H 1
| #define HAVE_STDLIB_H 1
| #define HAVE_STRING_H 1
| #define HAVE_MEMORY_H 1
| #define HAVE_STRINGS_H 1
| #define HAVE_INTTYPES_H 1
| #define HAVE_STDINT_H 1
| #define HAVE_UNISTD_H 1
| #define __EXTENSIONS__ 1
| #define _POSIX_PTHREAD_SEMANTICS 1
| #define _TANDEM_SOURCE 1
| #define DHCP_BYTE_ORDER LITTLE_ENDIAN
| #define DHCPv6 1
| #define _PATH_DHCPD_DB "/var/lib/dhcp/dhcpd.leases"
| #define _PATH_DHCLIENT_DB "/var/lib/dhcp/dhclient.leases"
| #define _PATH_DHCPD_PID "/var/run/dhcpd.pid"
| #define _PATH_DHCLIENT_PID "/var/run/dhclient.pid"
| #define _PATH_DHCRELAY_PID "/var/run/dhcrelay.pid"
| #define HAVE_LINUX_TYPES_H 1
| #define HAVE_LPF 1
| #define HAVE_SYS_SOCKET_H 1
| #define HAVE_REGEX_H 1
| #define HAVE_DEV_RANDOM 1
| /* end confdefs.h.  */
| 
| #include "includes/inet.h"
| #include <stdio.h>
| 
| 
|    typedef struct iaddr * ac__type_sizeof_;
| int
| main ()
| {
| static int test_array [1 - 2 * !(((long int) (sizeof (ac__type_sizeof_))) <= 0)];
| test_array [0] = 0
| 
|   ;
|   return 0;
| }
configure:7782: /usr/local/ARC/gcc//bin/arc-linux-uclibc-gcc -c -Os -pipe  -I/home/osboxes/AirTies4641_Sandbox/Quantenna-GPL/buildroot/build_arc/staging_dir/include -I/usr/local/ARC/gcc//arc-linux-uclibc/include -fPIC -fPIC -D__linux  conftest.c >&5
conftest.c: In function 'main':
conftest.c:45: error: size of array 'test_array' is negative
configure:7788: $? = 1
configure: failed program was:
| /* confdefs.h.  */
| #define PACKAGE_NAME "DHCP"
| #define PACKAGE_TARNAME "dhcp"
| #define PACKAGE_VERSION "4.1-ESV-R3"
| #define PACKAGE_STRING "DHCP 4.1-ESV-R3"
| #define PACKAGE_BUGREPORT "dhcp-users@isc.org"
| #define PACKAGE "dhcp"
| #define VERSION "4.1-ESV-R3"
| #define _GNU_SOURCE 1
| #define STDC_HEADERS 1
| #define HAVE_SYS_TYPES_H 1
| #define HAVE_SYS_STAT_H 1
| #define HAVE_STDLIB_H 1
| #define HAVE_STRING_H 1
| #define HAVE_MEMORY_H 1
| #define HAVE_STRINGS_H 1
| #define HAVE_INTTYPES_H 1
| #define HAVE_STDINT_H 1
| #define HAVE_UNISTD_H 1
| #define __EXTENSIONS__ 1
| #define _POSIX_PTHREAD_SEMANTICS 1
| #define _TANDEM_SOURCE 1
| #define DHCP_BYTE_ORDER LITTLE_ENDIAN
| #define DHCPv6 1
| #define _PATH_DHCPD_DB "/var/lib/dhcp/dhcpd.leases"
| #define _PATH_DHCLIENT_DB "/var/lib/dhcp/dhclient.leases"
| #define _PATH_DHCPD_PID "/var/run/dhcpd.pid"
| #define _PATH_DHCLIENT_PID "/var/run/dhclient.pid"
| #define _PATH_DHCRELAY_PID "/var/run/dhcrelay.pid"
| #define HAVE_LINUX_TYPES_H 1
| #define HAVE_LPF 1
| #define HAVE_SYS_SOCKET_H 1
| #define HAVE_REGEX_H 1
| #define HAVE_DEV_RANDOM 1
| /* end confdefs.h.  */
| 
| #include "includes/inet.h"
| #include <stdio.h>
| 
| 
|    typedef struct iaddr * ac__type_sizeof_;
| int
| main ()
| {
| static int test_array [1 - 2 * !(((long int) (sizeof (ac__type_sizeof_))) <= 1)];
| test_array [0] = 0
| 
|   ;
|   return 0;
| }
configure:7782: /usr/local/ARC/gcc//bin/arc-linux-uclibc-gcc -c -Os -pipe  -I/home/osboxes/AirTies4641_Sandbox/Quantenna-GPL/buildroot/build_arc/staging_dir/include -I/usr/local/ARC/gcc//arc-linux-uclibc/include -fPIC -fPIC -D__linux  conftest.c >&5
conftest.c: In function 'main':
conftest.c:45: error: size of array 'test_array' is negative
configure:7788: $? = 1
configure: failed program was:
| /* confdefs.h.  */
| #define PACKAGE_NAME "DHCP"
| #define PACKAGE_TARNAME "dhcp"
| #define PACKAGE_VERSION "4.1-ESV-R3"
| #define PACKAGE_STRING "DHCP 4.1-ESV-R3"
| #define PACKAGE_BUGREPORT "dhcp-users@isc.org"
| #define PACKAGE "dhcp"
| #define VERSION "4.1-ESV-R3"
| #define _GNU_SOURCE 1
| #define STDC_HEADERS 1
| #define HAVE_SYS_TYPES_H 1
| #define HAVE_SYS_STAT_H 1
| #define HAVE_STDLIB_H 1
| #define HAVE_STRING_H 1
| #define HAVE_MEMORY_H 1
| #define HAVE_STRINGS_H 1
| #define HAVE_INTTYPES_H 1
| #define HAVE_STDINT_H 1
| #define HAVE_UNISTD_H 1
| #define __EXTENSIONS__ 1
| #define _POSIX_PTHREAD_SEMANTICS 1
| #define _TANDEM_SOURCE 1
| #define DHCP_BYTE_ORDER LITTLE_ENDIAN
| #define DHCPv6 1
| #define _PATH_DHCPD_DB "/var/lib/dhcp/dhcpd.leases"
| #define _PATH_DHCLIENT_DB "/var/lib/dhcp/dhclient.leases"
| #define _PATH_DHCPD_PID "/var/run/dhcpd.pid"
| #define _PATH_DHCLIENT_PID "/var/run/dhclient.pid"
| #define _PATH_DHCRELAY_PID "/var/run/dhcrelay.pid"
| #define HAVE_LINUX_TYPES_H 1
| #define HAVE_LPF 1
| #define HAVE_SYS_SOCKET_H 1
| #define HAVE_REGEX_H 1
| #define HAVE_DEV_RANDOM 1
| /* end confdefs.h.  */
| 
| #include "includes/inet.h"
| #include <stdio.h>
| 
| 
|    typedef struct iaddr * ac__type_sizeof_;
| int
| main ()
| {
| static int test_array [1 - 2 * !(((long int) (sizeof (ac__type_sizeof_))) <= 3)];
| test_array [0] = 0
| 
|   ;
|   return 0;
| }
configure:7782: /usr/local/ARC/gcc//bin/arc-linux-uclibc-gcc -c -Os -pipe  -I/home/osboxes/AirTies4641_Sandbox/Quantenna-GPL/buildroot/build_arc/staging_dir/include -I/usr/local/ARC/gcc//arc-linux-uclibc/include -fPIC -fPIC -D__linux  conftest.c >&5
configure:7788: $? = 0
configure:7949: /usr/local/ARC/gcc//bin/arc-linux-uclibc-gcc -c -Os -pipe  -I/home/osboxes/AirTies4641_Sandbox/Quantenna-GPL/buildroot/build_arc/staging_dir/include -I/usr/local/ARC/gcc//arc-linux-uclibc/include -fPIC -fPIC -D__linux  conftest.c >&5
configure:7955: $? = 0
configure:7949: /usr/local/ARC/gcc//bin/arc-linux-uclibc-gcc -c -Os -pipe  -I/home/osboxes/AirTies4641_Sandbox/Quantenna-GPL/buildroot/build_arc/staging_dir/include -I/usr/local/ARC/gcc//arc-linux-uclibc/include -fPIC -fPIC -D__linux  conftest.c >&5
configure:7955: $? = 0
configure:8067: result: 4
configure:8089: checking for struct msghdr.msg_control
configure:8121: /usr/local/ARC/gcc//bin/arc-linux-uclibc-gcc -c -Os -pipe  -I/home/osboxes/AirTies4641_Sandbox/Quantenna-GPL/buildroot/build_arc/staging_dir/include -I/usr/local/ARC/gcc//arc-linux-uclibc/include -fPIC -fPIC -D__linux  conftest.c >&5
configure:8127: $? = 0
configure:8188: result: yes
configure:8316: checking for flexible array members
configure:8349: /usr/local/ARC/gcc//bin/arc-linux-uclibc-gcc -c -Os -pipe  -I/home/osboxes/AirTies4641_Sandbox/Quantenna-GPL/buildroot/build_arc/staging_dir/include -I/usr/local/ARC/gcc//arc-linux-uclibc/include -fPIC -fPIC -D__linux   conftest.c >&5
configure:8355: $? = 0
configure:8370: result: yes
configure:8494: creating ./config.status

## ---------------------- ##
## Running config.status. ##
## ---------------------- ##

This file was extended by DHCP config.status 4.1-ESV-R3, which was
generated by GNU Autoconf 2.61.  Invocation command line was

  CONFIG_FILES    = 
  CONFIG_HEADERS  = 
  CONFIG_LINKS    = 
  CONFIG_COMMANDS = 
  $ ./config.status 

on osboxes

config.status:649: creating Makefile
config.status:649: creating client/Makefile
config.status:649: creating common/Makefile
config.status:649: creating common/tests/Makefile
config.status:649: creating dhcpctl/Makefile
config.status:649: creating dst/Makefile
config.status:649: creating includes/Makefile
config.status:649: creating minires/Makefile
config.status:649: creating omapip/Makefile
config.status:649: creating relay/Makefile
config.status:649: creating server/Makefile
config.status:649: creating tests/Makefile
config.status:649: creating includes/config.h
config.status:906: executing depfiles commands

## ---------------- ##
## Cache variables. ##
## ---------------- ##

ac_cv_c_bigendian=no
ac_cv_c_compiler_gnu=yes
ac_cv_c_flexmember=yes
ac_cv_c_int16_t=yes
ac_cv_c_int32_t=yes
ac_cv_c_int64_t=yes
ac_cv_c_int8_t=yes
ac_cv_env_CC_set=set
ac_cv_env_CC_value=/usr/local/ARC/gcc//bin/arc-linux-uclibc-gcc
ac_cv_env_CFLAGS_set=set
ac_cv_env_CFLAGS_value='-Os -pipe  -I/home/osboxes/AirTies4641_Sandbox/Quantenna-GPL/buildroot/build_arc/staging_dir/include -I/usr/local/ARC/gcc//arc-linux-uclibc/include -fPIC -fPIC -D__linux'
ac_cv_env_CPPFLAGS_set=set
ac_cv_env_CPPFLAGS_value=
ac_cv_env_CPP_set=set
ac_cv_env_CPP_value=/usr/local/ARC/gcc//bin/arc-linux-uclibc-cpp
ac_cv_env_LDFLAGS_set=
ac_cv_env_LDFLAGS_value=
ac_cv_env_LIBS_set=
ac_cv_env_LIBS_value=
ac_cv_env_build_alias_set=set
ac_cv_env_build_alias_value=x86_64-pc-linux-gnu
ac_cv_env_host_alias_set=set
ac_cv_env_host_alias_value=arc-linux-uclibc
ac_cv_env_target_alias_set=set
ac_cv_env_target_alias_value=arc-linux-uclibc
ac_cv_file__dev_random=yes
ac_cv_header_ifaddrs_h=no
ac_cv_header_inttypes_h=yes
ac_cv_header_linux_filter_h=yes
ac_cv_header_linux_types_h=yes
ac_cv_header_memory_h=yes
ac_cv_header_minix_config_h=no
ac_cv_header_net_if6_h=no
ac_cv_header_net_if_dl_h=no
ac_cv_header_regex_h=yes
ac_cv_header_stdc=yes
ac_cv_header_stdint_h=yes
ac_cv_header_stdlib_h=yes
ac_cv_header_string_h=yes
ac_cv_header_strings_h=yes
ac_cv_header_sys_socket_h=yes
ac_cv_header_sys_stat_h=yes
ac_cv_header_sys_types_h=yes
ac_cv_header_unistd_h=yes
ac_cv_member_struct_msghdr_msg_control=yes
ac_cv_member_struct_sockaddr_sa_len=no
ac_cv_objext=o
ac_cv_path_EGREP='/usr/bin/grep -E'
ac_cv_path_GREP=/usr/bin/grep
ac_cv_path_install='/usr/bin/install -c'
ac_cv_path_mkdir=/usr/bin/mkdir
ac_cv_prog_AWK=gawk
ac_cv_prog_CC=/usr/local/ARC/gcc//bin/arc-linux-uclibc-gcc
ac_cv_prog_CPP=/usr/local/ARC/gcc//bin/arc-linux-uclibc-cpp
ac_cv_prog_RANLIB=/usr/local/ARC/gcc//bin/arc-linux-uclibc-ranlib
ac_cv_prog_STRIP=/usr/local/ARC/gcc//bin/arc-linux-uclibc-strip
ac_cv_prog_cc_c89=
ac_cv_prog_cc_g=yes
ac_cv_prog_make_make_set=yes
ac_cv_safe_to_define___extensions__=yes
ac_cv_search_if_nametoindex='none required'
ac_cv_search_inet_aton='none required'
ac_cv_search_inet_ntoa='none required'
ac_cv_search_regcomp='none required'
ac_cv_search_socket='none required'
ac_cv_sizeof_struct_iaddr_p=4
ac_cv_type_struct_iaddr_p=yes
ac_cv_type_u_int16_t=yes
ac_cv_type_u_int32_t=yes
ac_cv_type_u_int64_t=yes
ac_cv_type_u_int8_t=yes
am_cv_CC_dependencies_compiler_type=gcc3

## ----------------- ##
## Output variables. ##
## ----------------- ##

ACLOCAL='${SHELL} /home/osboxes/AirTies4641_Sandbox/Quantenna-GPL/buildroot/build_arc/dhcp-4.1-ESV-R3/missing --run aclocal-1.10'
AMDEPBACKSLASH='\'
AMDEP_FALSE='#'
AMDEP_TRUE=''
AMTAR='${SHELL} /home/osboxes/AirTies4641_Sandbox/Quantenna-GPL/buildroot/build_arc/dhcp-4.1-ESV-R3/missing --run tar'
AUTOCONF='${SHELL} /home/osboxes/AirTies4641_Sandbox/Quantenna-GPL/buildroot/build_arc/dhcp-4.1-ESV-R3/missing --run autoconf'
AUTOHEADER='${SHELL} /home/osboxes/AirTies4641_Sandbox/Quantenna-GPL/buildroot/build_arc/dhcp-4.1-ESV-R3/missing --run autoheader'
AUTOMAKE='${SHELL} /home/osboxes/AirTies4641_Sandbox/Quantenna-GPL/buildroot/build_arc/dhcp-4.1-ESV-R3/missing --run automake-1.10'
AWK='gawk'
CC='/usr/local/ARC/gcc//bin/arc-linux-uclibc-gcc'
CCDEPMODE='depmode=gcc3'
CFLAGS='-Os -pipe  -I/home/osboxes/AirTies4641_Sandbox/Quantenna-GPL/buildroot/build_arc/staging_dir/include -I/usr/local/ARC/gcc//arc-linux-uclibc/include -fPIC -fPIC -D__linux '
CPP='/usr/local/ARC/gcc//bin/arc-linux-uclibc-cpp'
CPPFLAGS=''
CYGPATH_W='echo'
DEFS='-DHAVE_CONFIG_H'
DEPDIR='.deps'
ECHO_C=''
ECHO_N='-n'
ECHO_T=''
EGREP='/usr/bin/grep -E'
EXEEXT=''
GREP='/usr/bin/grep'
INSTALL_DATA='${INSTALL} -m 644'
INSTALL_PROGRAM='${INSTALL}'
INSTALL_SCRIPT='${INSTALL}'
INSTALL_STRIP_PROGRAM='$(install_sh) -c -s'
LDFLAGS=''
LIBOBJS=''
LIBS=''
LTLIBOBJS=''
MAKEINFO='${SHELL} /home/osboxes/AirTies4641_Sandbox/Quantenna-GPL/buildroot/build_arc/dhcp-4.1-ESV-R3/missing --run makeinfo'
OBJEXT='o'
PACKAGE='dhcp'
PACKAGE_BUGREPORT='dhcp-users@isc.org'
PACKAGE_NAME='DHCP'
PACKAGE_STRING='DHCP 4.1-ESV-R3'
PACKAGE_TARNAME='dhcp'
PACKAGE_VERSION='4.1-ESV-R3'
PATH_SEPARATOR=':'
RANLIB='/usr/local/ARC/gcc//bin/arc-linux-uclibc-ranlib'
SET_MAKE=''
SHELL='/bin/bash'
STRIP='/usr/local/ARC/gcc//bin/arc-linux-uclibc-strip'
VERSION='4.1-ESV-R3'
ac_ct_CC=''
ac_prefix_program=''
am__fastdepCC_FALSE='#'
am__fastdepCC_TRUE=''
am__include='include'
am__isrc=''
am__leading_dot='.'
am__quote=''
am__tar='${AMTAR} chof - "$$tardir"'
am__untar='${AMTAR} xf -'
bindir='${exec_prefix}/bin'
build_alias='x86_64-pc-linux-gnu'
byte_order='LITTLE_ENDIAN'
datadir='${datarootdir}'
datarootdir='${prefix}/share'
docdir='${datarootdir}/doc/${PACKAGE_TARNAME}'
dvidir='${docdir}'
exec_prefix='/usr'
host_alias='arc-linux-uclibc'
htmldir='${docdir}'
includedir='${prefix}/include'
infodir='${datarootdir}/info'
install_sh='$(SHELL) /home/osboxes/AirTies4641_Sandbox/Quantenna-GPL/buildroot/build_arc/dhcp-4.1-ESV-R3/install-sh'
libdir='${exec_prefix}/lib'
libexecdir='${exec_prefix}/libexec'
localedir='${datarootdir}/locale'
localstatedir='/var/lib/dhcp'
mandir='${datarootdir}/man'
mkdir_p='/usr/bin/mkdir -p'
oldincludedir='/usr/include'
pdfdir='${docdir}'
prefix='/usr'
program_transform_name='s,x,x,'
psdir='${docdir}'
sbindir='${exec_prefix}/sbin'
sharedstatedir='${prefix}/com'
sysconfdir='/etc'
target_alias='arc-linux-uclibc'

## ----------- ##
## confdefs.h. ##
## ----------- ##

#define PACKAGE_NAME "DHCP"
#define PACKAGE_TARNAME "dhcp"
#define PACKAGE_VERSION "4.1-ESV-R3"
#define PACKAGE_STRING "DHCP 4.1-ESV-R3"
#define PACKAGE_BUGREPORT "dhcp-users@isc.org"
#define PACKAGE "dhcp"
#define VERSION "4.1-ESV-R3"
#define _GNU_SOURCE 1
#define STDC_HEADERS 1
#define HAVE_SYS_TYPES_H 1
#define HAVE_SYS_STAT_H 1
#define HAVE_STDLIB_H 1
#define HAVE_STRING_H 1
#define HAVE_MEMORY_H 1
#define HAVE_STRINGS_H 1
#define HAVE_INTTYPES_H 1
#define HAVE_STDINT_H 1
#define HAVE_UNISTD_H 1
#define __EXTENSIONS__ 1
#define _POSIX_PTHREAD_SEMANTICS 1
#define _TANDEM_SOURCE 1
#define DHCP_BYTE_ORDER LITTLE_ENDIAN
#define DHCPv6 1
#define _PATH_DHCPD_DB "/var/lib/dhcp/dhcpd.leases"
#define _PATH_DHCLIENT_DB "/var/lib/dhcp/dhclient.leases"
#define _PATH_DHCPD_PID "/var/run/dhcpd.pid"
#define _PATH_DHCLIENT_PID "/var/run/dhclient.pid"
#define _PATH_DHCRELAY_PID "/var/run/dhcrelay.pid"
#define HAVE_LINUX_TYPES_H 1
#define HAVE_LPF 1
#define HAVE_SYS_SOCKET_H 1
#define HAVE_REGEX_H 1
#define HAVE_DEV_RANDOM 1
#define SIZEOF_STRUCT_IADDR_P 4
#define FLEXIBLE_ARRAY_MEMBER

configure: exit 0
