This file contains any messages produced by compilers while
running configure, to aid debugging if configure makes a mistake.

It was created by fakeroot configure 1.9.5, which was
generated by GNU Autoconf 2.61.  Invocation command line was

  $ /home/osboxes/AirTies4641_Sandbox/Quantenna-GPL/buildroot/build_arc/fakeroot-1.9.5/configure --prefix=/usr --disable-nls

## --------- ##
## Platform. ##
## --------- ##

hostname = osboxes
uname -m = x86_64
uname -r = 4.19.0-5-amd64
uname -s = Linux
uname -v = #1 SMP Debian 4.19.37-5+deb10u2 (2019-08-08)

/usr/bin/uname -p = unknown
/bin/uname -X     = unknown

/bin/arch              = x86_64
/usr/bin/arch -k       = unknown
/usr/convex/getsysinfo = unknown
/usr/bin/hostinfo      = unknown
/bin/machine           = unknown
/usr/bin/oslevel       = unknown
/bin/universe          = unknown

PATH: /usr/local/bin
PATH: /usr/bin
PATH: /bin
PATH: /usr/local/games
PATH: /usr/games
PATH: /snap/bin
PATH: /opt/gcc-linaro-7.4.1-2019.02-x86_64_arm-linux-gnueabihf/bin/
PATH: /opt/arc_gnu_2019.03_prebuilt_uclibc_le_arc700_linux_install/bin/


## ----------- ##
## Core tests. ##
## ----------- ##

configure:1974: checking build system type
configure:1992: result: x86_64-unknown-linux-gnu
configure:2014: checking host system type
configure:2029: result: x86_64-unknown-linux-gnu
configure:2051: checking target system type
configure:2066: result: x86_64-unknown-linux-gnu
configure:2109: checking for a BSD-compatible install
configure:2165: result: /usr/bin/install -c
configure:2176: checking whether build environment is sane
configure:2219: result: yes
configure:2247: checking for a thread-safe mkdir -p
configure:2286: result: /usr/bin/mkdir -p
configure:2299: checking for gawk
configure:2315: found /usr/bin/gawk
configure:2326: result: gawk
configure:2337: checking whether make sets $(MAKE)
configure:2358: result: yes
configure:2546: checking whether to enable maintainer-specific portions of Makefiles
configure:2555: result: no
configure:2570: checking whether make sets $(MAKE)
configure:2591: result: yes
configure:2637: checking for style of include used by make
configure:2665: result: GNU
configure:2735: checking for gcc
configure:2762: result: gcc
configure:3000: checking for C compiler version
configure:3007: gcc --version >&5
gcc (Debian 8.3.0-6) 8.3.0
Copyright (C) 2018 Free Software Foundation, Inc.
This is free software; see the source for copying conditions.  There is NO
warranty; not even for MERCHANTABILITY or FITNESS FOR A PARTICULAR PURPOSE.

configure:3010: $? = 0
configure:3017: gcc -v >&5
Using built-in specs.
COLLECT_GCC=gcc
COLLECT_LTO_WRAPPER=/usr/lib/gcc/x86_64-linux-gnu/8/lto-wrapper
OFFLOAD_TARGET_NAMES=nvptx-none
OFFLOAD_TARGET_DEFAULT=1
Target: x86_64-linux-gnu
Configured with: ../src/configure -v --with-pkgversion='Debian 8.3.0-6' --with-bugurl=file:///usr/share/doc/gcc-8/README.Bugs --enable-languages=c,ada,c++,go,brig,d,fortran,objc,obj-c++ --prefix=/usr --with-gcc-major-version-only --program-suffix=-8 --program-prefix=x86_64-linux-gnu- --enable-shared --enable-linker-build-id --libexecdir=/usr/lib --without-included-gettext --enable-threads=posix --libdir=/usr/lib --enable-nls --enable-bootstrap --enable-clocale=gnu --enable-libstdcxx-debug --enable-libstdcxx-time=yes --with-default-libstdcxx-abi=new --enable-gnu-unique-object --disable-vtable-verify --enable-libmpx --enable-plugin --enable-default-pie --with-system-zlib --with-target-system-zlib --enable-objc-gc=auto --enable-multiarch --disable-werror --with-arch-32=i686 --with-abi=m64 --with-multilib-list=m32,m64,mx32 --enable-multilib --with-tune=generic --enable-offload-targets=nvptx-none --without-cuda-driver --enable-checking=release --build=x86_64-linux-gnu --host=x86_64-linux-gnu --target=x86_64-linux-gnu
Thread model: posix
gcc version 8.3.0 (Debian 8.3.0-6) 
configure:3020: $? = 0
configure:3027: gcc -V >&5
gcc: error: unrecognized command line option '-V'
gcc: fatal error: no input files
compilation terminated.
configure:3030: $? = 1
configure:3053: checking for C compiler default output file name
configure:3080: gcc    conftest.c  >&5
configure:3083: $? = 0
configure:3121: result: a.out
configure:3138: checking whether the C compiler works
configure:3148: ./a.out
configure:3151: $? = 0
configure:3168: result: yes
configure:3175: checking whether we are cross compiling
configure:3177: result: no
configure:3180: checking for suffix of executables
configure:3187: gcc -o conftest    conftest.c  >&5
configure:3190: $? = 0
configure:3214: result: 
configure:3220: checking for suffix of object files
configure:3246: gcc -c   conftest.c >&5
configure:3249: $? = 0
configure:3272: result: o
configure:3276: checking whether we are using the GNU C compiler
configure:3305: gcc -c   conftest.c >&5
configure:3311: $? = 0
configure:3328: result: yes
configure:3333: checking whether gcc accepts -g
configure:3363: gcc -c -g  conftest.c >&5
configure:3369: $? = 0
configure:3468: result: yes
configure:3485: checking for gcc option to accept ISO C89
configure:3559: gcc  -c -g -O2  conftest.c >&5
configure:3565: $? = 0
configure:3588: result: none needed
configure:3608: checking dependency style of gcc
configure:3699: result: gcc3
configure:3714: checking for a sed that does not truncate output
configure:3793: result: /usr/bin/sed
configure:3811: checking for grep that handles long lines and -e
configure:3885: result: /usr/bin/grep
configure:3890: checking for egrep
configure:3968: result: /usr/bin/grep -E
configure:3973: checking for fgrep
configure:4051: result: /usr/bin/grep -F
configure:4086: checking for ld used by gcc
configure:4153: result: /usr/bin/ld
configure:4162: checking if the linker (/usr/bin/ld) is GNU ld
configure:4177: result: yes
configure:4189: checking for BSD- or MS-compatible name lister (nm)
configure:4238: result: /usr/bin/nm -B
configure:4360: checking the name lister (/usr/bin/nm -B) interface
configure:4372: gcc -c -g -O2  conftest.c >&5
configure:4375: /usr/bin/nm -B "conftest.o"
configure:4378: output
0000000000000000 B some_variable
configure:4374: result: BSD nm
configure:4377: checking whether ln -s works
configure:4381: result: yes
configure:4389: checking the maximum length of command line arguments
configure:4509: result: 1572864
configure:4526: checking whether the shell understands some XSI constructs
configure:4533: result: yes
configure:4537: checking whether the shell understands "+="
configure:4541: result: yes
configure:4576: checking for /usr/bin/ld option to reload object files
configure:4583: result: -r
configure:4610: checking how to recognize dependent libraries
configure:4800: result: pass_all
configure:4860: checking for ar
configure:4876: found /usr/bin/ar
configure:4887: result: ar
configure:4969: checking for strip
configure:4985: found /usr/bin/strip
configure:4996: result: strip
configure:5072: checking for ranlib
configure:5088: found /usr/bin/ranlib
configure:5099: result: ranlib
configure:5193: checking command to parse /usr/bin/nm -B output from gcc object
configure:5311: gcc -c -g -O2  conftest.c >&5
configure:5314: $? = 0
configure:5318: /usr/bin/nm -B conftest.o \| sed -n -e 's/^.*[	 ]\([ABCDGIRSTW][ABCDGIRSTW]*\)[	 ][	 ]*\([_A-Za-z][_A-Za-z0-9]*\)$/\1 \2 \2/p' \> conftest.nm
configure:5321: $? = 0
configure:5375: gcc -o conftest -g -O2   conftest.c conftstm.o >&5
configure:5378: $? = 0
configure:5416: result: ok
configure:5512: gcc -c -g -O2  conftest.c >&5
configure:5515: $? = 0
configure:5992: checking how to run the C preprocessor
configure:6032: gcc -E  conftest.c
configure:6038: $? = 0
configure:6069: gcc -E  conftest.c
conftest.c:10:10: fatal error: ac_nonexistent.h: No such file or directory
 #include <ac_nonexistent.h>
          ^~~~~~~~~~~~~~~~~~
compilation terminated.
configure:6075: $? = 1
configure: failed program was:
| /* confdefs.h.  */
| #define PACKAGE_NAME "fakeroot"
| #define PACKAGE_TARNAME "fakeroot"
| #define PACKAGE_VERSION "1.9.5"
| #define PACKAGE_STRING "fakeroot 1.9.5"
| #define PACKAGE_BUGREPORT "schizo@debian.org"
| #define PACKAGE "fakeroot"
| #define VERSION "1.9.5"
| /* end confdefs.h.  */
| #include <ac_nonexistent.h>
configure:6108: result: gcc -E
configure:6137: gcc -E  conftest.c
configure:6143: $? = 0
configure:6174: gcc -E  conftest.c
conftest.c:10:10: fatal error: ac_nonexistent.h: No such file or directory
 #include <ac_nonexistent.h>
          ^~~~~~~~~~~~~~~~~~
compilation terminated.
configure:6180: $? = 1
configure: failed program was:
| /* confdefs.h.  */
| #define PACKAGE_NAME "fakeroot"
| #define PACKAGE_TARNAME "fakeroot"
| #define PACKAGE_VERSION "1.9.5"
| #define PACKAGE_STRING "fakeroot 1.9.5"
| #define PACKAGE_BUGREPORT "schizo@debian.org"
| #define PACKAGE "fakeroot"
| #define VERSION "1.9.5"
| /* end confdefs.h.  */
| #include <ac_nonexistent.h>
configure:6218: checking for ANSI C header files
configure:6248: gcc -c -g -O2  conftest.c >&5
configure:6254: $? = 0
configure:6353: gcc -o conftest -g -O2   conftest.c  >&5
configure:6356: $? = 0
configure:6362: ./conftest
configure:6365: $? = 0
configure:6382: result: yes
configure:6406: checking for sys/types.h
configure:6427: gcc -c -g -O2  conftest.c >&5
configure:6433: $? = 0
configure:6449: result: yes
configure:6406: checking for sys/stat.h
configure:6427: gcc -c -g -O2  conftest.c >&5
configure:6433: $? = 0
configure:6449: result: yes
configure:6406: checking for stdlib.h
configure:6427: gcc -c -g -O2  conftest.c >&5
configure:6433: $? = 0
configure:6449: result: yes
configure:6406: checking for string.h
configure:6427: gcc -c -g -O2  conftest.c >&5
configure:6433: $? = 0
configure:6449: result: yes
configure:6406: checking for memory.h
configure:6427: gcc -c -g -O2  conftest.c >&5
configure:6433: $? = 0
configure:6449: result: yes
configure:6406: checking for strings.h
configure:6427: gcc -c -g -O2  conftest.c >&5
configure:6433: $? = 0
configure:6449: result: yes
configure:6406: checking for inttypes.h
configure:6427: gcc -c -g -O2  conftest.c >&5
configure:6433: $? = 0
configure:6449: result: yes
configure:6406: checking for stdint.h
configure:6427: gcc -c -g -O2  conftest.c >&5
configure:6433: $? = 0
configure:6449: result: yes
configure:6406: checking for unistd.h
configure:6427: gcc -c -g -O2  conftest.c >&5
configure:6433: $? = 0
configure:6449: result: yes
configure:6465: checking for dlfcn.h
configure:6486: gcc -c -g -O2  conftest.c >&5
configure:6492: $? = 0
configure:6508: result: yes
configure:6692: checking for objdir
configure:6707: result: .libs
configure:6999: checking if gcc supports -fno-rtti -fno-exceptions
configure:7031: gcc -c -g -O2  -fno-rtti -fno-exceptions conftest.c >&5
cc1: warning: command line option '-fno-rtti' is valid for C++/ObjC++ but not for C
configure:7035: $? = 0
configure:7034: result: no
configure:7054: checking for gcc option to produce PIC
configure:7311: result: -fPIC -DPIC
configure:7323: checking if gcc PIC flag -fPIC -DPIC works
configure:7355: gcc -c -g -O2  -fPIC -DPIC -DPIC conftest.c >&5
configure:7359: $? = 0
configure:7358: result: yes
configure:7382: checking if gcc static flag -static works
configure:7410: result: yes
configure:7425: checking if gcc supports -c -o file.o
configure:7460: gcc -c -g -O2  -o out/conftest2.o conftest.c >&5
configure:7464: $? = 0
configure:7472: result: yes
configure:7480: checking if gcc supports -c -o file.o
configure:7527: result: yes
configure:7560: checking whether the gcc linker (/usr/bin/ld -m elf_x86_64) supports shared libraries
configure:8615: result: yes
configure:8652: checking whether -lc should be explicitly linked in
configure:8657: gcc -c -g -O2  conftest.c >&5
configure:8660: $? = 0
configure:8675: gcc -shared conftest.o  -v -Wl,-soname -Wl,conftest -o conftest 2\>\&1 \| /usr/bin/grep  -lc  \>/dev/null 2\>\&1
configure:8678: $? = 0
configure:8690: result: no
configure:8854: checking dynamic linker characteristics
configure:9297: gcc -o conftest -g -O2   -Wl,-rpath -Wl,/foo conftest.c  >&5
configure:9303: $? = 0
configure:9545: result: GNU/Linux ld.so
configure:9647: checking how to hardcode library paths into programs
configure:9672: result: immediate
configure:10485: checking whether stripping libraries is possible
configure:10490: result: yes
configure:10525: checking if libtool supports shared libraries
configure:10527: result: yes
configure:10530: checking whether to build shared libraries
configure:10551: result: yes
configure:10554: checking whether to build static libraries
configure:10558: result: yes
configure:7490: checking which IPC method to use
configure:7497: result: sysv
configure:7509: checking which database format to use
configure:7516: result: inode
configure:7530: checking for dlopen in -ldl
configure:7565: gcc -o conftest -g -O2   conftest.c -ldl   >&5
configure:7571: $? = 0
configure:7589: result: yes
configure:7764: checking for dirent.h that defines DIR
configure:7793: gcc -c -g -O2  conftest.c >&5
configure:7799: $? = 0
configure:7815: result: yes
configure:7828: checking for library containing opendir
configure:7869: gcc -o conftest -g -O2   conftest.c -ldl  >&5
configure:7875: $? = 0
configure:7903: result: none required
configure:7997: checking for ANSI C header files
configure:8161: result: yes
configure:8197: checking fcntl.h usability
configure:8214: gcc -c -g -O2  conftest.c >&5
configure:8220: $? = 0
configure:8234: result: yes
configure:8238: checking fcntl.h presence
configure:8253: gcc -E  conftest.c
configure:8259: $? = 0
configure:8273: result: yes
configure:8306: checking for fcntl.h
configure:8314: result: yes
configure:8187: checking for unistd.h
configure:8193: result: yes
configure:8197: checking features.h usability
configure:8214: gcc -c -g -O2  conftest.c >&5
configure:8220: $? = 0
configure:8234: result: yes
configure:8238: checking features.h presence
configure:8253: gcc -E  conftest.c
configure:8259: $? = 0
configure:8273: result: yes
configure:8306: checking for features.h
configure:8314: result: yes
configure:8197: checking sys/feature_tests.h usability
configure:8214: gcc -c -g -O2  conftest.c >&5
conftest.c:61:10: fatal error: sys/feature_tests.h: No such file or directory
 #include <sys/feature_tests.h>
          ^~~~~~~~~~~~~~~~~~~~~
compilation terminated.
configure:8220: $? = 1
configure: failed program was:
| /* confdefs.h.  */
| #define PACKAGE_NAME "fakeroot"
| #define PACKAGE_TARNAME "fakeroot"
| #define PACKAGE_VERSION "1.9.5"
| #define PACKAGE_STRING "fakeroot 1.9.5"
| #define PACKAGE_BUGREPORT "schizo@debian.org"
| #define PACKAGE "fakeroot"
| #define VERSION "1.9.5"
| #define STDC_HEADERS 1
| #define HAVE_SYS_TYPES_H 1
| #define HAVE_SYS_STAT_H 1
| #define HAVE_STDLIB_H 1
| #define HAVE_STRING_H 1
| #define HAVE_MEMORY_H 1
| #define HAVE_STRINGS_H 1
| #define HAVE_INTTYPES_H 1
| #define HAVE_STDINT_H 1
| #define HAVE_UNISTD_H 1
| #define HAVE_DLFCN_H 1
| #define LT_OBJDIR ".libs/"
| #define HAVE_LIBDL 1
| #define HAVE_DIRENT_H 1
| #define STDC_HEADERS 1
| #define HAVE_FCNTL_H 1
| #define HAVE_UNISTD_H 1
| #define HAVE_FEATURES_H 1
| /* end confdefs.h.  */
| #include <stdio.h>
| #ifdef HAVE_SYS_TYPES_H
| # include <sys/types.h>
| #endif
| #ifdef HAVE_SYS_STAT_H
| # include <sys/stat.h>
| #endif
| #ifdef STDC_HEADERS
| # include <stdlib.h>
| # include <stddef.h>
| #else
| # ifdef HAVE_STDLIB_H
| #  include <stdlib.h>
| # endif
| #endif
| #ifdef HAVE_STRING_H
| # if !defined STDC_HEADERS && defined HAVE_MEMORY_H
| #  include <memory.h>
| # endif
| # include <string.h>
| #endif
| #ifdef HAVE_STRINGS_H
| # include <strings.h>
| #endif
| #ifdef HAVE_INTTYPES_H
| # include <inttypes.h>
| #endif
| #ifdef HAVE_STDINT_H
| # include <stdint.h>
| #endif
| #ifdef HAVE_UNISTD_H
| # include <unistd.h>
| #endif
| #include <sys/feature_tests.h>
configure:8234: result: no
configure:8238: checking sys/feature_tests.h presence
configure:8253: gcc -E  conftest.c
conftest.c:28:10: fatal error: sys/feature_tests.h: No such file or directory
 #include <sys/feature_tests.h>
          ^~~~~~~~~~~~~~~~~~~~~
compilation terminated.
configure:8259: $? = 1
configure: failed program was:
| /* confdefs.h.  */
| #define PACKAGE_NAME "fakeroot"
| #define PACKAGE_TARNAME "fakeroot"
| #define PACKAGE_VERSION "1.9.5"
| #define PACKAGE_STRING "fakeroot 1.9.5"
| #define PACKAGE_BUGREPORT "schizo@debian.org"
| #define PACKAGE "fakeroot"
| #define VERSION "1.9.5"
| #define STDC_HEADERS 1
| #define HAVE_SYS_TYPES_H 1
| #define HAVE_SYS_STAT_H 1
| #define HAVE_STDLIB_H 1
| #define HAVE_STRING_H 1
| #define HAVE_MEMORY_H 1
| #define HAVE_STRINGS_H 1
| #define HAVE_INTTYPES_H 1
| #define HAVE_STDINT_H 1
| #define HAVE_UNISTD_H 1
| #define HAVE_DLFCN_H 1
| #define LT_OBJDIR ".libs/"
| #define HAVE_LIBDL 1
| #define HAVE_DIRENT_H 1
| #define STDC_HEADERS 1
| #define HAVE_FCNTL_H 1
| #define HAVE_UNISTD_H 1
| #define HAVE_FEATURES_H 1
| /* end confdefs.h.  */
| #include <sys/feature_tests.h>
configure:8273: result: no
configure:8306: checking for sys/feature_tests.h
configure:8314: result: no
configure:8197: checking pthread.h usability
configure:8214: gcc -c -g -O2  conftest.c >&5
configure:8220: $? = 0
configure:8234: result: yes
configure:8238: checking pthread.h presence
configure:8253: gcc -E  conftest.c
configure:8259: $? = 0
configure:8273: result: yes
configure:8306: checking for pthread.h
configure:8314: result: yes
configure:8187: checking for stdint.h
configure:8193: result: yes
configure:8187: checking for inttypes.h
configure:8193: result: yes
configure:8197: checking grp.h usability
configure:8214: gcc -c -g -O2  conftest.c >&5
configure:8220: $? = 0
configure:8234: result: yes
configure:8238: checking grp.h presence
configure:8253: gcc -E  conftest.c
configure:8259: $? = 0
configure:8273: result: yes
configure:8306: checking for grp.h
configure:8314: result: yes
configure:8197: checking endian.h usability
configure:8214: gcc -c -g -O2  conftest.c >&5
configure:8220: $? = 0
configure:8234: result: yes
configure:8238: checking endian.h presence
configure:8253: gcc -E  conftest.c
configure:8259: $? = 0
configure:8273: result: yes
configure:8306: checking for endian.h
configure:8314: result: yes
configure:8197: checking sys/sysmacros.h usability
configure:8214: gcc -c -g -O2  conftest.c >&5
configure:8220: $? = 0
configure:8234: result: yes
configure:8238: checking sys/sysmacros.h presence
configure:8253: gcc -E  conftest.c
configure:8259: $? = 0
configure:8273: result: yes
configure:8306: checking for sys/sysmacros.h
configure:8314: result: yes
configure:8197: checking sys/socket.h usability
configure:8214: gcc -c -g -O2  conftest.c >&5
configure:8220: $? = 0
configure:8234: result: yes
configure:8238: checking sys/socket.h presence
configure:8253: gcc -E  conftest.c
configure:8259: $? = 0
configure:8273: result: yes
configure:8306: checking for sys/socket.h
configure:8314: result: yes
configure:8197: checking sys/acl.h usability
configure:8214: gcc -c -g -O2  conftest.c >&5
conftest.c:68:10: fatal error: sys/acl.h: No such file or directory
 #include <sys/acl.h>
          ^~~~~~~~~~~
compilation terminated.
configure:8220: $? = 1
configure: failed program was:
| /* confdefs.h.  */
| #define PACKAGE_NAME "fakeroot"
| #define PACKAGE_TARNAME "fakeroot"
| #define PACKAGE_VERSION "1.9.5"
| #define PACKAGE_STRING "fakeroot 1.9.5"
| #define PACKAGE_BUGREPORT "schizo@debian.org"
| #define PACKAGE "fakeroot"
| #define VERSION "1.9.5"
| #define STDC_HEADERS 1
| #define HAVE_SYS_TYPES_H 1
| #define HAVE_SYS_STAT_H 1
| #define HAVE_STDLIB_H 1
| #define HAVE_STRING_H 1
| #define HAVE_MEMORY_H 1
| #define HAVE_STRINGS_H 1
| #define HAVE_INTTYPES_H 1
| #define HAVE_STDINT_H 1
| #define HAVE_UNISTD_H 1
| #define HAVE_DLFCN_H 1
| #define LT_OBJDIR ".libs/"
| #define HAVE_LIBDL 1
| #define HAVE_DIRENT_H 1
| #define STDC_HEADERS 1
| #define HAVE_FCNTL_H 1
| #define HAVE_UNISTD_H 1
| #define HAVE_FEATURES_H 1
| #define HAVE_PTHREAD_H 1
| #define HAVE_STDINT_H 1
| #define HAVE_INTTYPES_H 1
| #define HAVE_GRP_H 1
| #define HAVE_ENDIAN_H 1
| #define HAVE_SYS_SYSMACROS_H 1
| #define HAVE_SYS_SOCKET_H 1
| /* end confdefs.h.  */
| #include <stdio.h>
| #ifdef HAVE_SYS_TYPES_H
| # include <sys/types.h>
| #endif
| #ifdef HAVE_SYS_STAT_H
| # include <sys/stat.h>
| #endif
| #ifdef STDC_HEADERS
| # include <stdlib.h>
| # include <stddef.h>
| #else
| # ifdef HAVE_STDLIB_H
| #  include <stdlib.h>
| # endif
| #endif
| #ifdef HAVE_STRING_H
| # if !defined STDC_HEADERS && defined HAVE_MEMORY_H
| #  include <memory.h>
| # endif
| # include <string.h>
| #endif
| #ifdef HAVE_STRINGS_H
| # include <strings.h>
| #endif
| #ifdef HAVE_INTTYPES_H
| # include <inttypes.h>
| #endif
| #ifdef HAVE_STDINT_H
| # include <stdint.h>
| #endif
| #ifdef HAVE_UNISTD_H
| # include <unistd.h>
| #endif
| #include <sys/acl.h>
configure:8234: result: no
configure:8238: checking sys/acl.h presence
configure:8253: gcc -E  conftest.c
conftest.c:35:10: fatal error: sys/acl.h: No such file or directory
 #include <sys/acl.h>
          ^~~~~~~~~~~
compilation terminated.
configure:8259: $? = 1
configure: failed program was:
| /* confdefs.h.  */
| #define PACKAGE_NAME "fakeroot"
| #define PACKAGE_TARNAME "fakeroot"
| #define PACKAGE_VERSION "1.9.5"
| #define PACKAGE_STRING "fakeroot 1.9.5"
| #define PACKAGE_BUGREPORT "schizo@debian.org"
| #define PACKAGE "fakeroot"
| #define VERSION "1.9.5"
| #define STDC_HEADERS 1
| #define HAVE_SYS_TYPES_H 1
| #define HAVE_SYS_STAT_H 1
| #define HAVE_STDLIB_H 1
| #define HAVE_STRING_H 1
| #define HAVE_MEMORY_H 1
| #define HAVE_STRINGS_H 1
| #define HAVE_INTTYPES_H 1
| #define HAVE_STDINT_H 1
| #define HAVE_UNISTD_H 1
| #define HAVE_DLFCN_H 1
| #define LT_OBJDIR ".libs/"
| #define HAVE_LIBDL 1
| #define HAVE_DIRENT_H 1
| #define STDC_HEADERS 1
| #define HAVE_FCNTL_H 1
| #define HAVE_UNISTD_H 1
| #define HAVE_FEATURES_H 1
| #define HAVE_PTHREAD_H 1
| #define HAVE_STDINT_H 1
| #define HAVE_INTTYPES_H 1
| #define HAVE_GRP_H 1
| #define HAVE_ENDIAN_H 1
| #define HAVE_SYS_SYSMACROS_H 1
| #define HAVE_SYS_SOCKET_H 1
| /* end confdefs.h.  */
| #include <sys/acl.h>
configure:8273: result: no
configure:8306: checking for sys/acl.h
configure:8314: result: no
configure:8328: checking for an ANSI C-conforming const
configure:8403: gcc -c -g -O2  conftest.c >&5
configure:8409: $? = 0
configure:8424: result: yes
configure:8434: checking for mode_t
configure:8464: gcc -c -g -O2  conftest.c >&5
configure:8470: $? = 0
configure:8485: result: yes
configure:8497: checking for off_t
configure:8527: gcc -c -g -O2  conftest.c >&5
configure:8533: $? = 0
configure:8548: result: yes
configure:8560: checking for size_t
configure:8590: gcc -c -g -O2  conftest.c >&5
configure:8596: $? = 0
configure:8611: result: yes
configure:8639: checking for return value and second and third argument of readlink
configure:8668: gcc -c -g -O2  conftest.c >&5
conftest.c:37:17: error: conflicting types for 'readlink'
         ssize_t readlink(const char *path, void *buf, size_t bufsiz);
                 ^~~~~~~~
In file included from conftest.c:36:
/usr/include/unistd.h:808:16: note: previous declaration of 'readlink' was here
 extern ssize_t readlink (const char *__restrict __path,
                ^~~~~~~~
conftest.c: In function 'main':
conftest.c:41:1: warning: implicit declaration of function 'puts' [-Wimplicit-function-declaration]
 puts("hello, world");
 ^~~~
configure:8674: $? = 1
configure: failed program was:
| /* confdefs.h.  */
| #define PACKAGE_NAME "fakeroot"
| #define PACKAGE_TARNAME "fakeroot"
| #define PACKAGE_VERSION "1.9.5"
| #define PACKAGE_STRING "fakeroot 1.9.5"
| #define PACKAGE_BUGREPORT "schizo@debian.org"
| #define PACKAGE "fakeroot"
| #define VERSION "1.9.5"
| #define STDC_HEADERS 1
| #define HAVE_SYS_TYPES_H 1
| #define HAVE_SYS_STAT_H 1
| #define HAVE_STDLIB_H 1
| #define HAVE_STRING_H 1
| #define HAVE_MEMORY_H 1
| #define HAVE_STRINGS_H 1
| #define HAVE_INTTYPES_H 1
| #define HAVE_STDINT_H 1
| #define HAVE_UNISTD_H 1
| #define HAVE_DLFCN_H 1
| #define LT_OBJDIR ".libs/"
| #define HAVE_LIBDL 1
| #define HAVE_DIRENT_H 1
| #define STDC_HEADERS 1
| #define HAVE_FCNTL_H 1
| #define HAVE_UNISTD_H 1
| #define HAVE_FEATURES_H 1
| #define HAVE_PTHREAD_H 1
| #define HAVE_STDINT_H 1
| #define HAVE_INTTYPES_H 1
| #define HAVE_GRP_H 1
| #define HAVE_ENDIAN_H 1
| #define HAVE_SYS_SYSMACROS_H 1
| #define HAVE_SYS_SOCKET_H 1
| #define FAKEROOT_ATTR(x) __attribute__ ((x))
| /* end confdefs.h.  */
| #include <unistd.h>
|         ssize_t readlink(const char *path, void *buf, size_t bufsiz);
| int
| main ()
| {
| puts("hello, world");
|   ;
|   return 0;
| }
configure:8668: gcc -c -g -O2  conftest.c >&5
conftest.c:37:17: error: conflicting types for 'readlink'
         ssize_t readlink(const char *path, void *buf, int bufsiz);
                 ^~~~~~~~
In file included from conftest.c:36:
/usr/include/unistd.h:808:16: note: previous declaration of 'readlink' was here
 extern ssize_t readlink (const char *__restrict __path,
                ^~~~~~~~
conftest.c: In function 'main':
conftest.c:41:1: warning: implicit declaration of function 'puts' [-Wimplicit-function-declaration]
 puts("hello, world");
 ^~~~
configure:8674: $? = 1
configure: failed program was:
| /* confdefs.h.  */
| #define PACKAGE_NAME "fakeroot"
| #define PACKAGE_TARNAME "fakeroot"
| #define PACKAGE_VERSION "1.9.5"
| #define PACKAGE_STRING "fakeroot 1.9.5"
| #define PACKAGE_BUGREPORT "schizo@debian.org"
| #define PACKAGE "fakeroot"
| #define VERSION "1.9.5"
| #define STDC_HEADERS 1
| #define HAVE_SYS_TYPES_H 1
| #define HAVE_SYS_STAT_H 1
| #define HAVE_STDLIB_H 1
| #define HAVE_STRING_H 1
| #define HAVE_MEMORY_H 1
| #define HAVE_STRINGS_H 1
| #define HAVE_INTTYPES_H 1
| #define HAVE_STDINT_H 1
| #define HAVE_UNISTD_H 1
| #define HAVE_DLFCN_H 1
| #define LT_OBJDIR ".libs/"
| #define HAVE_LIBDL 1
| #define HAVE_DIRENT_H 1
| #define STDC_HEADERS 1
| #define HAVE_FCNTL_H 1
| #define HAVE_UNISTD_H 1
| #define HAVE_FEATURES_H 1
| #define HAVE_PTHREAD_H 1
| #define HAVE_STDINT_H 1
| #define HAVE_INTTYPES_H 1
| #define HAVE_GRP_H 1
| #define HAVE_ENDIAN_H 1
| #define HAVE_SYS_SYSMACROS_H 1
| #define HAVE_SYS_SOCKET_H 1
| #define FAKEROOT_ATTR(x) __attribute__ ((x))
| /* end confdefs.h.  */
| #include <unistd.h>
|         ssize_t readlink(const char *path, void *buf, int bufsiz);
| int
| main ()
| {
| puts("hello, world");
|   ;
|   return 0;
| }
configure:8668: gcc -c -g -O2  conftest.c >&5
conftest.c: In function 'main':
conftest.c:41:1: warning: implicit declaration of function 'puts' [-Wimplicit-function-declaration]
 puts("hello, world");
 ^~~~
configure:8674: $? = 0
configure:8668: gcc -c -g -O2  conftest.c >&5
conftest.c:37:17: error: conflicting types for 'readlink'
         ssize_t readlink(const char *path, char *buf, int bufsiz);
                 ^~~~~~~~
In file included from conftest.c:36:
/usr/include/unistd.h:808:16: note: previous declaration of 'readlink' was here
 extern ssize_t readlink (const char *__restrict __path,
                ^~~~~~~~
conftest.c: In function 'main':
conftest.c:41:1: warning: implicit declaration of function 'puts' [-Wimplicit-function-declaration]
 puts("hello, world");
 ^~~~
configure:8674: $? = 1
configure: failed program was:
| /* confdefs.h.  */
| #define PACKAGE_NAME "fakeroot"
| #define PACKAGE_TARNAME "fakeroot"
| #define PACKAGE_VERSION "1.9.5"
| #define PACKAGE_STRING "fakeroot 1.9.5"
| #define PACKAGE_BUGREPORT "schizo@debian.org"
| #define PACKAGE "fakeroot"
| #define VERSION "1.9.5"
| #define STDC_HEADERS 1
| #define HAVE_SYS_TYPES_H 1
| #define HAVE_SYS_STAT_H 1
| #define HAVE_STDLIB_H 1
| #define HAVE_STRING_H 1
| #define HAVE_MEMORY_H 1
| #define HAVE_STRINGS_H 1
| #define HAVE_INTTYPES_H 1
| #define HAVE_STDINT_H 1
| #define HAVE_UNISTD_H 1
| #define HAVE_DLFCN_H 1
| #define LT_OBJDIR ".libs/"
| #define HAVE_LIBDL 1
| #define HAVE_DIRENT_H 1
| #define STDC_HEADERS 1
| #define HAVE_FCNTL_H 1
| #define HAVE_UNISTD_H 1
| #define HAVE_FEATURES_H 1
| #define HAVE_PTHREAD_H 1
| #define HAVE_STDINT_H 1
| #define HAVE_INTTYPES_H 1
| #define HAVE_GRP_H 1
| #define HAVE_ENDIAN_H 1
| #define HAVE_SYS_SYSMACROS_H 1
| #define HAVE_SYS_SOCKET_H 1
| #define FAKEROOT_ATTR(x) __attribute__ ((x))
| /* end confdefs.h.  */
| #include <unistd.h>
|         ssize_t readlink(const char *path, char *buf, int bufsiz);
| int
| main ()
| {
| puts("hello, world");
|   ;
|   return 0;
| }
configure:8668: gcc -c -g -O2  conftest.c >&5
conftest.c:37:13: error: conflicting types for 'readlink'
         int readlink(const char *path, void *buf, size_t bufsiz);
             ^~~~~~~~
In file included from conftest.c:36:
/usr/include/unistd.h:808:16: note: previous declaration of 'readlink' was here
 extern ssize_t readlink (const char *__restrict __path,
                ^~~~~~~~
conftest.c: In function 'main':
conftest.c:41:1: warning: implicit declaration of function 'puts' [-Wimplicit-function-declaration]
 puts("hello, world");
 ^~~~
configure:8674: $? = 1
configure: failed program was:
| /* confdefs.h.  */
| #define PACKAGE_NAME "fakeroot"
| #define PACKAGE_TARNAME "fakeroot"
| #define PACKAGE_VERSION "1.9.5"
| #define PACKAGE_STRING "fakeroot 1.9.5"
| #define PACKAGE_BUGREPORT "schizo@debian.org"
| #define PACKAGE "fakeroot"
| #define VERSION "1.9.5"
| #define STDC_HEADERS 1
| #define HAVE_SYS_TYPES_H 1
| #define HAVE_SYS_STAT_H 1
| #define HAVE_STDLIB_H 1
| #define HAVE_STRING_H 1
| #define HAVE_MEMORY_H 1
| #define HAVE_STRINGS_H 1
| #define HAVE_INTTYPES_H 1
| #define HAVE_STDINT_H 1
| #define HAVE_UNISTD_H 1
| #define HAVE_DLFCN_H 1
| #define LT_OBJDIR ".libs/"
| #define HAVE_LIBDL 1
| #define HAVE_DIRENT_H 1
| #define STDC_HEADERS 1
| #define HAVE_FCNTL_H 1
| #define HAVE_UNISTD_H 1
| #define HAVE_FEATURES_H 1
| #define HAVE_PTHREAD_H 1
| #define HAVE_STDINT_H 1
| #define HAVE_INTTYPES_H 1
| #define HAVE_GRP_H 1
| #define HAVE_ENDIAN_H 1
| #define HAVE_SYS_SYSMACROS_H 1
| #define HAVE_SYS_SOCKET_H 1
| #define FAKEROOT_ATTR(x) __attribute__ ((x))
| /* end confdefs.h.  */
| #include <unistd.h>
|         int readlink(const char *path, void *buf, size_t bufsiz);
| int
| main ()
| {
| puts("hello, world");
|   ;
|   return 0;
| }
configure:8668: gcc -c -g -O2  conftest.c >&5
conftest.c:37:13: error: conflicting types for 'readlink'
         int readlink(const char *path, void *buf, int bufsiz);
             ^~~~~~~~
In file included from conftest.c:36:
/usr/include/unistd.h:808:16: note: previous declaration of 'readlink' was here
 extern ssize_t readlink (const char *__restrict __path,
                ^~~~~~~~
conftest.c: In function 'main':
conftest.c:41:1: warning: implicit declaration of function 'puts' [-Wimplicit-function-declaration]
 puts("hello, world");
 ^~~~
configure:8674: $? = 1
configure: failed program was:
| /* confdefs.h.  */
| #define PACKAGE_NAME "fakeroot"
| #define PACKAGE_TARNAME "fakeroot"
| #define PACKAGE_VERSION "1.9.5"
| #define PACKAGE_STRING "fakeroot 1.9.5"
| #define PACKAGE_BUGREPORT "schizo@debian.org"
| #define PACKAGE "fakeroot"
| #define VERSION "1.9.5"
| #define STDC_HEADERS 1
| #define HAVE_SYS_TYPES_H 1
| #define HAVE_SYS_STAT_H 1
| #define HAVE_STDLIB_H 1
| #define HAVE_STRING_H 1
| #define HAVE_MEMORY_H 1
| #define HAVE_STRINGS_H 1
| #define HAVE_INTTYPES_H 1
| #define HAVE_STDINT_H 1
| #define HAVE_UNISTD_H 1
| #define HAVE_DLFCN_H 1
| #define LT_OBJDIR ".libs/"
| #define HAVE_LIBDL 1
| #define HAVE_DIRENT_H 1
| #define STDC_HEADERS 1
| #define HAVE_FCNTL_H 1
| #define HAVE_UNISTD_H 1
| #define HAVE_FEATURES_H 1
| #define HAVE_PTHREAD_H 1
| #define HAVE_STDINT_H 1
| #define HAVE_INTTYPES_H 1
| #define HAVE_GRP_H 1
| #define HAVE_ENDIAN_H 1
| #define HAVE_SYS_SYSMACROS_H 1
| #define HAVE_SYS_SOCKET_H 1
| #define FAKEROOT_ATTR(x) __attribute__ ((x))
| /* end confdefs.h.  */
| #include <unistd.h>
|         int readlink(const char *path, void *buf, int bufsiz);
| int
| main ()
| {
| puts("hello, world");
|   ;
|   return 0;
| }
configure:8668: gcc -c -g -O2  conftest.c >&5
conftest.c:37:13: error: conflicting types for 'readlink'
         int readlink(const char *path, char *buf, size_t bufsiz);
             ^~~~~~~~
In file included from conftest.c:36:
/usr/include/unistd.h:808:16: note: previous declaration of 'readlink' was here
 extern ssize_t readlink (const char *__restrict __path,
                ^~~~~~~~
conftest.c: In function 'main':
conftest.c:41:1: warning: implicit declaration of function 'puts' [-Wimplicit-function-declaration]
 puts("hello, world");
 ^~~~
configure:8674: $? = 1
configure: failed program was:
| /* confdefs.h.  */
| #define PACKAGE_NAME "fakeroot"
| #define PACKAGE_TARNAME "fakeroot"
| #define PACKAGE_VERSION "1.9.5"
| #define PACKAGE_STRING "fakeroot 1.9.5"
| #define PACKAGE_BUGREPORT "schizo@debian.org"
| #define PACKAGE "fakeroot"
| #define VERSION "1.9.5"
| #define STDC_HEADERS 1
| #define HAVE_SYS_TYPES_H 1
| #define HAVE_SYS_STAT_H 1
| #define HAVE_STDLIB_H 1
| #define HAVE_STRING_H 1
| #define HAVE_MEMORY_H 1
| #define HAVE_STRINGS_H 1
| #define HAVE_INTTYPES_H 1
| #define HAVE_STDINT_H 1
| #define HAVE_UNISTD_H 1
| #define HAVE_DLFCN_H 1
| #define LT_OBJDIR ".libs/"
| #define HAVE_LIBDL 1
| #define HAVE_DIRENT_H 1
| #define STDC_HEADERS 1
| #define HAVE_FCNTL_H 1
| #define HAVE_UNISTD_H 1
| #define HAVE_FEATURES_H 1
| #define HAVE_PTHREAD_H 1
| #define HAVE_STDINT_H 1
| #define HAVE_INTTYPES_H 1
| #define HAVE_GRP_H 1
| #define HAVE_ENDIAN_H 1
| #define HAVE_SYS_SYSMACROS_H 1
| #define HAVE_SYS_SOCKET_H 1
| #define FAKEROOT_ATTR(x) __attribute__ ((x))
| /* end confdefs.h.  */
| #include <unistd.h>
|         int readlink(const char *path, char *buf, size_t bufsiz);
| int
| main ()
| {
| puts("hello, world");
|   ;
|   return 0;
| }
configure:8668: gcc -c -g -O2  conftest.c >&5
conftest.c:37:13: error: conflicting types for 'readlink'
         int readlink(const char *path, char *buf, int bufsiz);
             ^~~~~~~~
In file included from conftest.c:36:
/usr/include/unistd.h:808:16: note: previous declaration of 'readlink' was here
 extern ssize_t readlink (const char *__restrict __path,
                ^~~~~~~~
conftest.c: In function 'main':
conftest.c:41:1: warning: implicit declaration of function 'puts' [-Wimplicit-function-declaration]
 puts("hello, world");
 ^~~~
configure:8674: $? = 1
configure: failed program was:
| /* confdefs.h.  */
| #define PACKAGE_NAME "fakeroot"
| #define PACKAGE_TARNAME "fakeroot"
| #define PACKAGE_VERSION "1.9.5"
| #define PACKAGE_STRING "fakeroot 1.9.5"
| #define PACKAGE_BUGREPORT "schizo@debian.org"
| #define PACKAGE "fakeroot"
| #define VERSION "1.9.5"
| #define STDC_HEADERS 1
| #define HAVE_SYS_TYPES_H 1
| #define HAVE_SYS_STAT_H 1
| #define HAVE_STDLIB_H 1
| #define HAVE_STRING_H 1
| #define HAVE_MEMORY_H 1
| #define HAVE_STRINGS_H 1
| #define HAVE_INTTYPES_H 1
| #define HAVE_STDINT_H 1
| #define HAVE_UNISTD_H 1
| #define HAVE_DLFCN_H 1
| #define LT_OBJDIR ".libs/"
| #define HAVE_LIBDL 1
| #define HAVE_DIRENT_H 1
| #define STDC_HEADERS 1
| #define HAVE_FCNTL_H 1
| #define HAVE_UNISTD_H 1
| #define HAVE_FEATURES_H 1
| #define HAVE_PTHREAD_H 1
| #define HAVE_STDINT_H 1
| #define HAVE_INTTYPES_H 1
| #define HAVE_GRP_H 1
| #define HAVE_ENDIAN_H 1
| #define HAVE_SYS_SYSMACROS_H 1
| #define HAVE_SYS_SOCKET_H 1
| #define FAKEROOT_ATTR(x) __attribute__ ((x))
| /* end confdefs.h.  */
| #include <unistd.h>
|         int readlink(const char *path, char *buf, int bufsiz);
| int
| main ()
| {
| puts("hello, world");
|   ;
|   return 0;
| }
configure:8694: result: ssize_t, char, size_t
configure:8715: checking for first argument of setgroups
configure:8748: gcc -c -g -O2  conftest.c >&5
In file included from /usr/include/x86_64-linux-gnu/sys/types.h:25,
                 from conftest.c:41:
/usr/include/features.h:184:3: warning: #warning "_BSD_SOURCE and _SVID_SOURCE are deprecated, use _DEFAULT_SOURCE" [-Wcpp]
 # warning "_BSD_SOURCE and _SVID_SOURCE are deprecated, use _DEFAULT_SOURCE"
   ^~~~~~~
conftest.c: In function 'main':
conftest.c:51:1: warning: implicit declaration of function 'puts' [-Wimplicit-function-declaration]
 puts("hello, world");
 ^~~~
configure:8754: $? = 0
configure:8748: gcc -c -g -O2  conftest.c >&5
In file included from /usr/include/x86_64-linux-gnu/sys/types.h:25,
                 from conftest.c:41:
/usr/include/features.h:184:3: warning: #warning "_BSD_SOURCE and _SVID_SOURCE are deprecated, use _DEFAULT_SOURCE" [-Wcpp]
 # warning "_BSD_SOURCE and _SVID_SOURCE are deprecated, use _DEFAULT_SOURCE"
   ^~~~~~~
conftest.c:47:7: error: conflicting types for 'setgroups'
   int setgroups(int size, const gid_t *list);
       ^~~~~~~~~
In file included from conftest.c:45:
/usr/include/grp.h:176:12: note: previous declaration of 'setgroups' was here
 extern int setgroups (size_t __n, const __gid_t *__groups) __THROW;
            ^~~~~~~~~
conftest.c: In function 'main':
conftest.c:51:1: warning: implicit declaration of function 'puts' [-Wimplicit-function-declaration]
 puts("hello, world");
 ^~~~
configure:8754: $? = 1
configure: failed program was:
| /* confdefs.h.  */
| #define PACKAGE_NAME "fakeroot"
| #define PACKAGE_TARNAME "fakeroot"
| #define PACKAGE_VERSION "1.9.5"
| #define PACKAGE_STRING "fakeroot 1.9.5"
| #define PACKAGE_BUGREPORT "schizo@debian.org"
| #define PACKAGE "fakeroot"
| #define VERSION "1.9.5"
| #define STDC_HEADERS 1
| #define HAVE_SYS_TYPES_H 1
| #define HAVE_SYS_STAT_H 1
| #define HAVE_STDLIB_H 1
| #define HAVE_STRING_H 1
| #define HAVE_MEMORY_H 1
| #define HAVE_STRINGS_H 1
| #define HAVE_INTTYPES_H 1
| #define HAVE_STDINT_H 1
| #define HAVE_UNISTD_H 1
| #define HAVE_DLFCN_H 1
| #define LT_OBJDIR ".libs/"
| #define HAVE_LIBDL 1
| #define HAVE_DIRENT_H 1
| #define STDC_HEADERS 1
| #define HAVE_FCNTL_H 1
| #define HAVE_UNISTD_H 1
| #define HAVE_FEATURES_H 1
| #define HAVE_PTHREAD_H 1
| #define HAVE_STDINT_H 1
| #define HAVE_INTTYPES_H 1
| #define HAVE_GRP_H 1
| #define HAVE_ENDIAN_H 1
| #define HAVE_SYS_SYSMACROS_H 1
| #define HAVE_SYS_SOCKET_H 1
| #define FAKEROOT_ATTR(x) __attribute__ ((x))
| #define READLINK_RETVAL_TYPE ssize_t
| #define READLINK_BUF_TYPE char
| #define READLINK_BUFSIZE_TYPE size_t
| /* end confdefs.h.  */
| #define _BSD_SOURCE
| #ifdef HAVE_SYS_TYPES_H
| #include <sys/types.h>
| #endif
| #include <unistd.h>
| #ifdef HAVE_GRP_H
| #include <grp.h>
| #endif
|   int setgroups(int size, const gid_t *list);
| int
| main ()
| {
| puts("hello, world");
|   ;
|   return 0;
| }
configure:8769: result: size_t
configure:8781: checking for union semun
configure:8810: gcc -c -g -O2  conftest.c >&5
conftest.c: In function 'main':
conftest.c:49:20: error: storage size of 's' isn't known
        union semun s;
                    ^
configure:8816: $? = 1
configure: failed program was:
| /* confdefs.h.  */
| #define PACKAGE_NAME "fakeroot"
| #define PACKAGE_TARNAME "fakeroot"
| #define PACKAGE_VERSION "1.9.5"
| #define PACKAGE_STRING "fakeroot 1.9.5"
| #define PACKAGE_BUGREPORT "schizo@debian.org"
| #define PACKAGE "fakeroot"
| #define VERSION "1.9.5"
| #define STDC_HEADERS 1
| #define HAVE_SYS_TYPES_H 1
| #define HAVE_SYS_STAT_H 1
| #define HAVE_STDLIB_H 1
| #define HAVE_STRING_H 1
| #define HAVE_MEMORY_H 1
| #define HAVE_STRINGS_H 1
| #define HAVE_INTTYPES_H 1
| #define HAVE_STDINT_H 1
| #define HAVE_UNISTD_H 1
| #define HAVE_DLFCN_H 1
| #define LT_OBJDIR ".libs/"
| #define HAVE_LIBDL 1
| #define HAVE_DIRENT_H 1
| #define STDC_HEADERS 1
| #define HAVE_FCNTL_H 1
| #define HAVE_UNISTD_H 1
| #define HAVE_FEATURES_H 1
| #define HAVE_PTHREAD_H 1
| #define HAVE_STDINT_H 1
| #define HAVE_INTTYPES_H 1
| #define HAVE_GRP_H 1
| #define HAVE_ENDIAN_H 1
| #define HAVE_SYS_SYSMACROS_H 1
| #define HAVE_SYS_SOCKET_H 1
| #define FAKEROOT_ATTR(x) __attribute__ ((x))
| #define READLINK_RETVAL_TYPE ssize_t
| #define READLINK_BUF_TYPE char
| #define READLINK_BUFSIZE_TYPE size_t
| #define SETGROUPS_SIZE_TYPE size_t
| /* end confdefs.h.  */
| 
|        # include <sys/types.h>
|        # include <sys/ipc.h>
|        # include <sys/sem.h>
| 
| int
| main ()
| {
| 
|        union semun s;
| 
|   ;
|   return 0;
| }
configure:8832: result: no
configure:8841: checking for type of arg of __xmknod
configure:8873: gcc -c -g -O2  conftest.c >&5
conftest.c: In function 'main':
conftest.c:50:12: error: conflicting types for '__xmknod'
        int __xmknod  ( int ver,
            ^~~~~~~~
In file included from conftest.c:42:
/usr/include/x86_64-linux-gnu/sys/stat.h:438:12: note: previous declaration of '__xmknod' was here
 extern int __xmknod (int __ver, const char *__path, __mode_t __mode,
            ^~~~~~~~
configure:8879: $? = 1
configure: failed program was:
| /* confdefs.h.  */
| #define PACKAGE_NAME "fakeroot"
| #define PACKAGE_TARNAME "fakeroot"
| #define PACKAGE_VERSION "1.9.5"
| #define PACKAGE_STRING "fakeroot 1.9.5"
| #define PACKAGE_BUGREPORT "schizo@debian.org"
| #define PACKAGE "fakeroot"
| #define VERSION "1.9.5"
| #define STDC_HEADERS 1
| #define HAVE_SYS_TYPES_H 1
| #define HAVE_SYS_STAT_H 1
| #define HAVE_STDLIB_H 1
| #define HAVE_STRING_H 1
| #define HAVE_MEMORY_H 1
| #define HAVE_STRINGS_H 1
| #define HAVE_INTTYPES_H 1
| #define HAVE_STDINT_H 1
| #define HAVE_UNISTD_H 1
| #define HAVE_DLFCN_H 1
| #define LT_OBJDIR ".libs/"
| #define HAVE_LIBDL 1
| #define HAVE_DIRENT_H 1
| #define STDC_HEADERS 1
| #define HAVE_FCNTL_H 1
| #define HAVE_UNISTD_H 1
| #define HAVE_FEATURES_H 1
| #define HAVE_PTHREAD_H 1
| #define HAVE_STDINT_H 1
| #define HAVE_INTTYPES_H 1
| #define HAVE_GRP_H 1
| #define HAVE_ENDIAN_H 1
| #define HAVE_SYS_SYSMACROS_H 1
| #define HAVE_SYS_SOCKET_H 1
| #define FAKEROOT_ATTR(x) __attribute__ ((x))
| #define READLINK_RETVAL_TYPE ssize_t
| #define READLINK_BUF_TYPE char
| #define READLINK_BUFSIZE_TYPE size_t
| #define SETGROUPS_SIZE_TYPE size_t
| /* end confdefs.h.  */
| 
|        #include <sys/types.h>
|        #include <sys/stat.h>
|        #include <fcntl.h>
|        #include <unistd.h>
| 
| int
| main ()
| {
| 
|        int __xmknod  ( int ver,
|                        const char *pathname ,
|                        mode_t  mode ,  dev_t dev);
| 
|   ;
|   return 0;
| }
configure:8901: result: needs *
configure:8911: checking for type of arg of __xmknodat
configure:8944: gcc -c -g -O2  conftest.c >&5
conftest.c: In function 'main':
conftest.c:51:12: error: conflicting types for '__xmknodat'
        int __xmknodat  ( int ver,
            ^~~~~~~~~~
In file included from conftest.c:43:
/usr/include/x86_64-linux-gnu/sys/stat.h:441:12: note: previous declaration of '__xmknodat' was here
 extern int __xmknodat (int __ver, int __fd, const char *__path,
            ^~~~~~~~~~
configure:8950: $? = 1
configure: failed program was:
| /* confdefs.h.  */
| #define PACKAGE_NAME "fakeroot"
| #define PACKAGE_TARNAME "fakeroot"
| #define PACKAGE_VERSION "1.9.5"
| #define PACKAGE_STRING "fakeroot 1.9.5"
| #define PACKAGE_BUGREPORT "schizo@debian.org"
| #define PACKAGE "fakeroot"
| #define VERSION "1.9.5"
| #define STDC_HEADERS 1
| #define HAVE_SYS_TYPES_H 1
| #define HAVE_SYS_STAT_H 1
| #define HAVE_STDLIB_H 1
| #define HAVE_STRING_H 1
| #define HAVE_MEMORY_H 1
| #define HAVE_STRINGS_H 1
| #define HAVE_INTTYPES_H 1
| #define HAVE_STDINT_H 1
| #define HAVE_UNISTD_H 1
| #define HAVE_DLFCN_H 1
| #define LT_OBJDIR ".libs/"
| #define HAVE_LIBDL 1
| #define HAVE_DIRENT_H 1
| #define STDC_HEADERS 1
| #define HAVE_FCNTL_H 1
| #define HAVE_UNISTD_H 1
| #define HAVE_FEATURES_H 1
| #define HAVE_PTHREAD_H 1
| #define HAVE_STDINT_H 1
| #define HAVE_INTTYPES_H 1
| #define HAVE_GRP_H 1
| #define HAVE_ENDIAN_H 1
| #define HAVE_SYS_SYSMACROS_H 1
| #define HAVE_SYS_SOCKET_H 1
| #define FAKEROOT_ATTR(x) __attribute__ ((x))
| #define READLINK_RETVAL_TYPE ssize_t
| #define READLINK_BUF_TYPE char
| #define READLINK_BUFSIZE_TYPE size_t
| #define SETGROUPS_SIZE_TYPE size_t
| #define XMKNOD_FRTH_ARG *
| /* end confdefs.h.  */
| 
|        #include <sys/types.h>
|        #include <sys/stat.h>
|        #include <fcntl.h>
|        #include <unistd.h>
| 
| int
| main ()
| {
| 
|        int __xmknodat  ( int ver,
|                          int dirfd,
|                          const char *pathname ,
|                          mode_t  mode ,  dev_t dev);
| 
|   ;
|   return 0;
| }
configure:8972: result: needs *
configure:8982: checking for type of arg of initgroups
configure:9010: gcc -c -g -O2  conftest.c >&5
configure:9016: $? = 0
configure:9026: result: gid_t
configure:9047: checking for type of arg of setreuid
configure:9075: gcc -c -g -O2  conftest.c >&5
configure:9081: $? = 0
configure:9091: result: gid_t
configure:9112: checking for type of arg of setregid
configure:9140: gcc -c -g -O2  conftest.c >&5
configure:9146: $? = 0
configure:9156: result: gid_t
configure:9177: checking for type of second arg to stat
configure:9206: gcc -c -g -O2  conftest.c >&5
configure:9212: $? = 0
configure:9222: result: struct stat *
configure:9294: checking for d_off in struct dirent
configure:9324: gcc -c -g -O2  conftest.c >&5
configure:9330: $? = 0
configure:9339: result: yes
configure:9294: checking for d_type in struct dirent
configure:9324: gcc -c -g -O2  conftest.c >&5
configure:9330: $? = 0
configure:9339: result: yes
configure:9365: checking for fchmodat
configure:9421: gcc -o conftest -g -O2   conftest.c -ldl  >&5
configure:9427: $? = 0
configure:9445: result: yes
configure:9365: checking for fchownat
configure:9421: gcc -o conftest -g -O2   conftest.c -ldl  >&5
configure:9427: $? = 0
configure:9445: result: yes
configure:9365: checking for fstatat
configure:9421: gcc -o conftest -g -O2   conftest.c -ldl  >&5
configure:9427: $? = 0
configure:9445: result: yes
configure:9365: checking for mkdirat
configure:9421: gcc -o conftest -g -O2   conftest.c -ldl  >&5
configure:9427: $? = 0
configure:9445: result: yes
configure:9365: checking for mknodat
configure:9421: gcc -o conftest -g -O2   conftest.c -ldl  >&5
configure:9427: $? = 0
configure:9445: result: yes
configure:9365: checking for openat
configure:9421: gcc -o conftest -g -O2   conftest.c -ldl  >&5
configure:9427: $? = 0
configure:9445: result: yes
configure:9365: checking for renameat
configure:9421: gcc -o conftest -g -O2   conftest.c -ldl  >&5
configure:9427: $? = 0
configure:9445: result: yes
configure:9365: checking for unlinkat
configure:9421: gcc -o conftest -g -O2   conftest.c -ldl  >&5
configure:9427: $? = 0
configure:9445: result: yes
configure:9468: checking for __xstat
configure:9524: gcc -o conftest -g -O2   conftest.c -ldl  >&5
configure:9530: $? = 0
configure:9548: result: yes
configure:9468: checking for __fxstat
configure:9524: gcc -o conftest -g -O2   conftest.c -ldl  >&5
configure:9530: $? = 0
configure:9548: result: yes
configure:9468: checking for __lxstat
configure:9524: gcc -o conftest -g -O2   conftest.c -ldl  >&5
configure:9530: $? = 0
configure:9548: result: yes
configure:9468: checking for __fxstatat
configure:9524: gcc -o conftest -g -O2   conftest.c -ldl  >&5
configure:9530: $? = 0
configure:9548: result: yes
configure:9468: checking for __xstat64
configure:9524: gcc -o conftest -g -O2   conftest.c -ldl  >&5
configure:9530: $? = 0
configure:9548: result: yes
configure:9468: checking for __fxstat64
configure:9524: gcc -o conftest -g -O2   conftest.c -ldl  >&5
configure:9530: $? = 0
configure:9548: result: yes
configure:9468: checking for __lxstat64
configure:9524: gcc -o conftest -g -O2   conftest.c -ldl  >&5
configure:9530: $? = 0
configure:9548: result: yes
configure:9468: checking for __fxstatat64
configure:9524: gcc -o conftest -g -O2   conftest.c -ldl  >&5
configure:9530: $? = 0
configure:9548: result: yes
configure:9468: checking for __xmknod
configure:9524: gcc -o conftest -g -O2   conftest.c -ldl  >&5
configure:9530: $? = 0
configure:9548: result: yes
configure:9468: checking for __xmknodat
configure:9524: gcc -o conftest -g -O2   conftest.c -ldl  >&5
configure:9530: $? = 0
configure:9548: result: yes
configure:9619: result: created fakerootconfig.h
configure:9704: checking for strdup
configure:9760: gcc -o conftest -g -O2   conftest.c -ldl  >&5
conftest.c:130:6: warning: conflicting types for built-in function 'strdup' [-Wbuiltin-declaration-mismatch]
 char strdup ();
      ^~~~~~
configure:9766: $? = 0
configure:9784: result: yes
configure:9704: checking for strstr
configure:9760: gcc -o conftest -g -O2   conftest.c -ldl  >&5
conftest.c:131:6: warning: conflicting types for built-in function 'strstr' [-Wbuiltin-declaration-mismatch]
 char strstr ();
      ^~~~~~
configure:9766: $? = 0
configure:9784: result: yes
configure:9704: checking for getresuid
configure:9760: gcc -o conftest -g -O2   conftest.c -ldl  >&5
configure:9766: $? = 0
configure:9784: result: yes
configure:9704: checking for setresuid
configure:9760: gcc -o conftest -g -O2   conftest.c -ldl  >&5
configure:9766: $? = 0
configure:9784: result: yes
configure:9704: checking for getresgid
configure:9760: gcc -o conftest -g -O2   conftest.c -ldl  >&5
configure:9766: $? = 0
configure:9784: result: yes
configure:9704: checking for setresgid
configure:9760: gcc -o conftest -g -O2   conftest.c -ldl  >&5
configure:9766: $? = 0
configure:9784: result: yes
configure:9704: checking for setfsuid
configure:9760: gcc -o conftest -g -O2   conftest.c -ldl  >&5
configure:9766: $? = 0
configure:9784: result: yes
configure:9704: checking for setfsgid
configure:9760: gcc -o conftest -g -O2   conftest.c -ldl  >&5
configure:9766: $? = 0
configure:9784: result: yes
configure:9795: checking whether setenv is declared
configure:9824: gcc -c -g -O2  conftest.c >&5
configure:9830: $? = 0
configure:9845: result: yes
configure:9861: checking whether unsetenv is declared
configure:9890: gcc -c -g -O2  conftest.c >&5
configure:9896: $? = 0
configure:9911: result: yes
configure:9933: checking for setenv
configure:9989: gcc -o conftest -g -O2   conftest.c -ldl  >&5
configure:9995: $? = 0
configure:10013: result: yes
configure:10053: gcc -o conftest -g -O2   conftest.c -ldl  >&5
configure:10059: $? = 0
configure:10235: creating ./config.status

## ---------------------- ##
## Running config.status. ##
## ---------------------- ##

This file was extended by fakeroot config.status 1.9.5, which was
generated by GNU Autoconf 2.61.  Invocation command line was

  CONFIG_FILES    = 
  CONFIG_HEADERS  = 
  CONFIG_LINKS    = 
  CONFIG_COMMANDS = 
  $ ./config.status 

on osboxes

config.status:860: creating Makefile
config.status:860: creating scripts/Makefile
config.status:860: creating doc/Makefile
config.status:860: creating doc/es/Makefile
config.status:860: creating doc/fr/Makefile
config.status:860: creating doc/nl/Makefile
config.status:860: creating doc/sv/Makefile
config.status:860: creating test/Makefile
config.status:860: creating config.h
config.status:1241: executing depfiles commands
config.status:1241: executing libtool commands

## ---------------- ##
## Cache variables. ##
## ---------------- ##

ac_cv_build=x86_64-unknown-linux-gnu
ac_cv_c_compiler_gnu=yes
ac_cv_c_const=yes
ac_cv_dbformat=inode
ac_cv_env_CC_set=set
ac_cv_env_CC_value=gcc
ac_cv_env_CFLAGS_set=
ac_cv_env_CFLAGS_value=
ac_cv_env_CPPFLAGS_set=
ac_cv_env_CPPFLAGS_value=
ac_cv_env_CPP_set=
ac_cv_env_CPP_value=
ac_cv_env_LDFLAGS_set=
ac_cv_env_LDFLAGS_value=
ac_cv_env_LIBS_set=
ac_cv_env_LIBS_value=
ac_cv_env_build_alias_set=
ac_cv_env_build_alias_value=
ac_cv_env_host_alias_set=
ac_cv_env_host_alias_value=
ac_cv_env_target_alias_set=
ac_cv_env_target_alias_value=
ac_cv_func___fxstat64=yes
ac_cv_func___fxstat=yes
ac_cv_func___fxstatat64=yes
ac_cv_func___fxstatat=yes
ac_cv_func___lxstat64=yes
ac_cv_func___lxstat=yes
ac_cv_func___xmknod=yes
ac_cv_func___xmknodat=yes
ac_cv_func___xstat64=yes
ac_cv_func___xstat=yes
ac_cv_func_fchmodat=yes
ac_cv_func_fchownat=yes
ac_cv_func_fstatat=yes
ac_cv_func_getresgid=yes
ac_cv_func_getresuid=yes
ac_cv_func_mkdirat=yes
ac_cv_func_mknodat=yes
ac_cv_func_openat=yes
ac_cv_func_renameat=yes
ac_cv_func_setenv=yes
ac_cv_func_setfsgid=yes
ac_cv_func_setfsuid=yes
ac_cv_func_setresgid=yes
ac_cv_func_setresuid=yes
ac_cv_func_strdup=yes
ac_cv_func_strstr=yes
ac_cv_func_unlinkat=yes
ac_cv_have_decl_setenv=yes
ac_cv_have_decl_unsetenv=yes
ac_cv_header_dirent_dirent_h=yes
ac_cv_header_dlfcn_h=yes
ac_cv_header_endian_h=yes
ac_cv_header_fcntl_h=yes
ac_cv_header_features_h=yes
ac_cv_header_grp_h=yes
ac_cv_header_inttypes_h=yes
ac_cv_header_memory_h=yes
ac_cv_header_pthread_h=yes
ac_cv_header_stdc=yes
ac_cv_header_stdint_h=yes
ac_cv_header_stdlib_h=yes
ac_cv_header_string_h=yes
ac_cv_header_strings_h=yes
ac_cv_header_sys_acl_h=no
ac_cv_header_sys_feature_tests_h=no
ac_cv_header_sys_socket_h=yes
ac_cv_header_sys_stat_h=yes
ac_cv_header_sys_sysmacros_h=yes
ac_cv_header_sys_types_h=yes
ac_cv_header_unistd_h=yes
ac_cv_host=x86_64-unknown-linux-gnu
ac_cv_lib_dl_dlopen=yes
ac_cv_objext=o
ac_cv_path_EGREP='/usr/bin/grep -E'
ac_cv_path_FGREP='/usr/bin/grep -F'
ac_cv_path_GREP=/usr/bin/grep
ac_cv_path_SED=/usr/bin/sed
ac_cv_path_install='/usr/bin/install -c'
ac_cv_path_mkdir=/usr/bin/mkdir
ac_cv_prog_AWK=gawk
ac_cv_prog_CPP='gcc -E'
ac_cv_prog_ac_ct_AR=ar
ac_cv_prog_ac_ct_CC=gcc
ac_cv_prog_ac_ct_RANLIB=ranlib
ac_cv_prog_ac_ct_STRIP=strip
ac_cv_prog_cc_c89=
ac_cv_prog_cc_g=yes
ac_cv_prog_make_make_set=yes
ac_cv_search_opendir='none required'
ac_cv_target=x86_64-unknown-linux-gnu
ac_cv_type_mode_t=yes
ac_cv_type_off_t=yes
ac_cv_type_size_t=yes
ac_cv_use_ipc=sysv
am_cv_CC_dependencies_compiler_type=gcc3
lt_cv_deplibs_check_method=pass_all
lt_cv_file_magic_cmd='$MAGIC_CMD'
lt_cv_file_magic_test_file=
lt_cv_ld_reload_flag=-r
lt_cv_nm_interface='BSD nm'
lt_cv_objdir=.libs
lt_cv_path_LD=/usr/bin/ld
lt_cv_path_NM='/usr/bin/nm -B'
lt_cv_prog_compiler_c_o=yes
lt_cv_prog_compiler_pic_works=yes
lt_cv_prog_compiler_rtti_exceptions=no
lt_cv_prog_compiler_static_works=yes
lt_cv_prog_gnu_ld=yes
lt_cv_sys_global_symbol_pipe='sed -n -e '\''s/^.*[	 ]\([ABCDGIRSTW][ABCDGIRSTW]*\)[	 ][	 ]*\([_A-Za-z][_A-Za-z0-9]*\)$/\1 \2 \2/p'\'''
lt_cv_sys_global_symbol_to_c_name_address='sed -n -e '\''s/^: \([^ ]*\) $/  {\"\1\", (void *) 0},/p'\'' -e '\''s/^[ABCDGIRSTW]* \([^ ]*\) \([^ ]*\)$/  {"\2", (void *) \&\2},/p'\'''
lt_cv_sys_global_symbol_to_c_name_address_lib_prefix='sed -n -e '\''s/^: \([^ ]*\) $/  {\"\1\", (void *) 0},/p'\'' -e '\''s/^[ABCDGIRSTW]* \([^ ]*\) \(lib[^ ]*\)$/  {"\2", (void *) \&\2},/p'\'' -e '\''s/^[ABCDGIRSTW]* \([^ ]*\) \([^ ]*\)$/  {"lib\2", (void *) \&\2},/p'\'''
lt_cv_sys_global_symbol_to_cdecl='sed -n -e '\''s/^T .* \(.*\)$/extern int \1();/p'\'' -e '\''s/^[ABCDGIRSTW]* .* \(.*\)$/extern char \1;/p'\'''
lt_cv_sys_max_cmd_len=1572864

## ----------------- ##
## Output variables. ##
## ----------------- ##

ACLOCAL='${SHELL} /home/osboxes/AirTies4641_Sandbox/Quantenna-GPL/buildroot/build_arc/fakeroot-1.9.5/missing --run aclocal-1.10'
AMDEPBACKSLASH='\'
AMDEP_FALSE='#'
AMDEP_TRUE=''
AMTAR='${SHELL} /home/osboxes/AirTies4641_Sandbox/Quantenna-GPL/buildroot/build_arc/fakeroot-1.9.5/missing --run tar'
AR='ar'
AUTOCONF='${SHELL} /home/osboxes/AirTies4641_Sandbox/Quantenna-GPL/buildroot/build_arc/fakeroot-1.9.5/missing --run autoconf'
AUTOHEADER='${SHELL} /home/osboxes/AirTies4641_Sandbox/Quantenna-GPL/buildroot/build_arc/fakeroot-1.9.5/missing --run autoheader'
AUTOMAKE='${SHELL} /home/osboxes/AirTies4641_Sandbox/Quantenna-GPL/buildroot/build_arc/fakeroot-1.9.5/missing --run automake-1.10'
AWK='gawk'
CC='gcc'
CCDEPMODE='depmode=gcc3'
CFLAGS='-g -O2'
CPP='gcc -E'
CPPFLAGS=''
CYGPATH_W='echo'
DEFS='-DHAVE_CONFIG_H'
DEPDIR='.deps'
DLSUFFIX='.so'
DSYMUTIL=''
DUMPBIN=''
ECHO_C=''
ECHO_N='-n'
ECHO_T=''
EGREP='/usr/bin/grep -E'
EXEEXT=''
FGREP='/usr/bin/grep -F'
GREP='/usr/bin/grep'
INSTALL_DATA='${INSTALL} -m 644'
INSTALL_PROGRAM='${INSTALL}'
INSTALL_SCRIPT='${INSTALL}'
INSTALL_STRIP_PROGRAM='$(install_sh) -c -s'
LD='/usr/bin/ld -m elf_x86_64'
LDEXTRAVAR=''
LDFLAGS=''
LDLIBPATHVAR='LD_LIBRARY_PATH'
LDPRELOADABS='0'
LDPRELOADVAR='LD_PRELOAD'
LIBOBJS=''
LIBS='-ldl '
LIBTOOL='$(SHELL) $(top_builddir)/libtool'
LN_S='ln -s'
LTLIBOBJS=''
MAINT='#'
MAINTAINER_MODE_FALSE=''
MAINTAINER_MODE_TRUE='#'
MAKEINFO='${SHELL} /home/osboxes/AirTies4641_Sandbox/Quantenna-GPL/buildroot/build_arc/fakeroot-1.9.5/missing --run makeinfo'
NM='/usr/bin/nm -B'
NMEDIT=''
OBJEXT='o'
PACKAGE='fakeroot'
PACKAGE_BUGREPORT='schizo@debian.org'
PACKAGE_NAME='fakeroot'
PACKAGE_STRING='fakeroot 1.9.5'
PACKAGE_TARNAME='fakeroot'
PACKAGE_VERSION='1.9.5'
PATH_SEPARATOR=':'
RANLIB='ranlib'
SED='/usr/bin/sed'
SET_MAKE=''
SHELL='/bin/bash'
STRIP='strip'
VERSION='1.9.5'
ac_ct_CC='gcc'
ac_ct_DUMPBIN=''
am__fastdepCC_FALSE='#'
am__fastdepCC_TRUE=''
am__include='include'
am__isrc=' -I$(srcdir)'
am__leading_dot='.'
am__quote=''
am__tar='${AMTAR} chof - "$$tardir"'
am__untar='${AMTAR} xf -'
bindir='${exec_prefix}/bin'
build='x86_64-unknown-linux-gnu'
build_alias=''
build_cpu='x86_64'
build_os='linux-gnu'
build_vendor='unknown'
datadir='${datarootdir}'
datarootdir='${prefix}/share'
docdir='${datarootdir}/doc/${PACKAGE_TARNAME}'
dvidir='${docdir}'
exec_prefix='${prefix}'
host='x86_64-unknown-linux-gnu'
host_alias=''
host_cpu='x86_64'
host_os='linux-gnu'
host_vendor='unknown'
htmldir='${docdir}'
includedir='${prefix}/include'
infodir='${datarootdir}/info'
install_sh='$(SHELL) /home/osboxes/AirTies4641_Sandbox/Quantenna-GPL/buildroot/build_arc/fakeroot-1.9.5/install-sh'
libdir='${exec_prefix}/lib'
libexecdir='${exec_prefix}/libexec'
localedir='${datarootdir}/locale'
localstatedir='${prefix}/var'
lt_ECHO='echo'
mandir='${datarootdir}/man'
mkdir_p='/usr/bin/mkdir -p'
oldincludedir='/usr/include'
pdfdir='${docdir}'
prefix='/usr'
program_transform_name='s,x,x,'
psdir='${docdir}'
sbindir='${exec_prefix}/sbin'
sharedstatedir='${prefix}/com'
signal='TERM'
sysconfdir='${prefix}/etc'
target='x86_64-unknown-linux-gnu'
target_alias=''
target_cpu='x86_64'
target_os='linux-gnu'
target_vendor='unknown'

## ----------- ##
## confdefs.h. ##
## ----------- ##

#define PACKAGE_NAME "fakeroot"
#define PACKAGE_TARNAME "fakeroot"
#define PACKAGE_VERSION "1.9.5"
#define PACKAGE_STRING "fakeroot 1.9.5"
#define PACKAGE_BUGREPORT "schizo@debian.org"
#define PACKAGE "fakeroot"
#define VERSION "1.9.5"
#define STDC_HEADERS 1
#define HAVE_SYS_TYPES_H 1
#define HAVE_SYS_STAT_H 1
#define HAVE_STDLIB_H 1
#define HAVE_STRING_H 1
#define HAVE_MEMORY_H 1
#define HAVE_STRINGS_H 1
#define HAVE_INTTYPES_H 1
#define HAVE_STDINT_H 1
#define HAVE_UNISTD_H 1
#define HAVE_DLFCN_H 1
#define LT_OBJDIR ".libs/"
#define HAVE_LIBDL 1
#define HAVE_DIRENT_H 1
#define STDC_HEADERS 1
#define HAVE_FCNTL_H 1
#define HAVE_UNISTD_H 1
#define HAVE_FEATURES_H 1
#define HAVE_PTHREAD_H 1
#define HAVE_STDINT_H 1
#define HAVE_INTTYPES_H 1
#define HAVE_GRP_H 1
#define HAVE_ENDIAN_H 1
#define HAVE_SYS_SYSMACROS_H 1
#define HAVE_SYS_SOCKET_H 1
#define FAKEROOT_ATTR(x) __attribute__ ((x))
#define READLINK_RETVAL_TYPE ssize_t
#define READLINK_BUF_TYPE char
#define READLINK_BUFSIZE_TYPE size_t
#define SETGROUPS_SIZE_TYPE size_t
#define XMKNOD_FRTH_ARG *
#define XMKNODAT_FIFTH_ARG *
#define INITGROUPS_SECOND_ARG gid_t
#define SETREUID_ARG gid_t
#define SETREGID_ARG gid_t
#define STAT_SECOND_ARG struct stat *
#define STAT_HAS_d_off 1
#define STAT_HAS_d_type 1
#define HAVE_FCHMODAT 1
#define HAVE_FCHOWNAT 1
#define HAVE_FSTATAT 1
#define HAVE_MKDIRAT 1
#define HAVE_MKNODAT 1
#define HAVE_OPENAT 1
#define HAVE_RENAMEAT 1
#define HAVE_UNLINKAT 1
#define HAVE___XSTAT 1
#define WRAP_STAT __xstat
#define WRAP_STAT_QUOTE "__xstat"
#define TMP_STAT tmp___xstat
#define NEXT_STAT_NOARG next___xstat
#define HAVE___FXSTAT 1
#define WRAP_FSTAT __fxstat
#define WRAP_FSTAT_QUOTE "__fxstat"
#define TMP_FSTAT tmp___fxstat
#define NEXT_FSTAT_NOARG next___fxstat
#define HAVE___LXSTAT 1
#define WRAP_LSTAT __lxstat
#define WRAP_LSTAT_QUOTE "__lxstat"
#define TMP_LSTAT tmp___lxstat
#define NEXT_LSTAT_NOARG next___lxstat
#define HAVE___FXSTATAT 1
#define WRAP_FSTATAT __fxstatat
#define WRAP_FSTATAT_QUOTE "__fxstatat"
#define TMP_FSTATAT tmp___fxstatat
#define NEXT_FSTATAT_NOARG next___fxstatat
#define HAVE___XSTAT64 1
#define WRAP_STAT64 __xstat64
#define WRAP_STAT64_QUOTE "__xstat64"
#define TMP_STAT64 tmp___xstat64
#define NEXT_STAT64_NOARG next___xstat64
#define HAVE___FXSTAT64 1
#define WRAP_FSTAT64 __fxstat64
#define WRAP_FSTAT64_QUOTE "__fxstat64"
#define TMP_FSTAT64 tmp___fxstat64
#define NEXT_FSTAT64_NOARG next___fxstat64
#define HAVE___LXSTAT64 1
#define WRAP_LSTAT64 __lxstat64
#define WRAP_LSTAT64_QUOTE "__lxstat64"
#define TMP_LSTAT64 tmp___lxstat64
#define NEXT_LSTAT64_NOARG next___lxstat64
#define HAVE___FXSTATAT64 1
#define WRAP_FSTATAT64 __fxstatat64
#define WRAP_FSTATAT64_QUOTE "__fxstatat64"
#define TMP_FSTATAT64 tmp___fxstatat64
#define NEXT_FSTATAT64_NOARG next___fxstatat64
#define HAVE___XMKNOD 1
#define WRAP_MKNOD __xmknod
#define WRAP_MKNOD_QUOTE "__xmknod"
#define TMP_MKNOD tmp___xmknod
#define NEXT_MKNOD_NOARG next___xmknod
#define HAVE___XMKNODAT 1
#define WRAP_MKNODAT __xmknodat
#define WRAP_MKNODAT_QUOTE "__xmknodat"
#define TMP_MKNODAT tmp___xmknodat
#define NEXT_MKNODAT_NOARG next___xmknodat
#define LIBCPATH "/lib/libc.so.6"
#define HAVE_STRDUP 1
#define HAVE_STRSTR 1
#define HAVE_GETRESUID 1
#define HAVE_SETRESUID 1
#define HAVE_GETRESGID 1
#define HAVE_SETRESGID 1
#define HAVE_SETFSUID 1
#define HAVE_SETFSGID 1
#define HAVE_DECL_SETENV 1
#define HAVE_DECL_UNSETENV 1
#define HAVE_SETENV 1
#define HAVE_BUILTIN_EXPECT 1

configure: exit 0

## ---------------------- ##
## Running config.status. ##
## ---------------------- ##

This file was extended by fakeroot config.status 1.9.5, which was
generated by GNU Autoconf 2.61.  Invocation command line was

  CONFIG_FILES    = 
  CONFIG_HEADERS  = 
  CONFIG_LINKS    = 
  CONFIG_COMMANDS = 
  $ ./config.status 

on osboxes

config.status:1241: executing depfiles commands
config.status:1241: executing libtool commands

## ---------------------- ##
## Running config.status. ##
## ---------------------- ##

This file was extended by fakeroot config.status 1.9.5, which was
generated by GNU Autoconf 2.61.  Invocation command line was

  CONFIG_FILES    = 
  CONFIG_HEADERS  = 
  CONFIG_LINKS    = 
  CONFIG_COMMANDS = 
  $ ./config.status 

on osboxes

config.status:1241: executing depfiles commands
config.status:1241: executing libtool commands
