Output of:
/usr/local/ARC/gcc//bin/arc-linux-uclibc-gcc -Wall -Wshadow -Wwrite-strings -Wundef -Wstrict-prototypes -Wunused -Wunused-parameter -Wold-style-definition -Wmissing-prototypes -Wmissing-declarations -Os -fno-builtin-strlen -finline-limit=0 -fomit-frame-pointer -ffunction-sections -fdata-sections -fno-guess-branch-probability -funsigned-char -static-libgcc -falign-functions=1 -falign-jumps=1 -falign-labels=1 -falign-loops=1 -Wdeclaration-after-statement -Wno-pointer-sign -o busybox_unstripped -Wl,--sort-common -Wl,--sort-section -Wl,alignment -Wl,--gc-sections -Wl,--start-group applets/built-in.o archival/lib.a archival/libunarchive/lib.a console-tools/lib.a coreutils/lib.a coreutils/libcoreutils/lib.a debianutils/lib.a e2fsprogs/lib.a editors/lib.a findutils/lib.a init/lib.a libbb/lib.a libpwdgrp/lib.a loginutils/lib.a miscutils/lib.a modutils/lib.a networking/lib.a networking/libiproute/lib.a networking/udhcp/lib.a printutils/lib.a procps/lib.a runit/lib.a selinux/lib.a shell/lib.a sysklogd/lib.a util-linux/lib.a util-linux/volume_id/lib.a archival/built-in.o archival/libunarchive/built-in.o console-tools/built-in.o coreutils/built-in.o coreutils/libcoreutils/built-in.o debianutils/built-in.o e2fsprogs/built-in.o editors/built-in.o findutils/built-in.o init/built-in.o libbb/built-in.o libpwdgrp/built-in.o loginutils/built-in.o miscutils/built-in.o modutils/built-in.o networking/built-in.o networking/libiproute/built-in.o networking/udhcp/built-in.o printutils/built-in.o procps/built-in.o runit/built-in.o selinux/built-in.o shell/built-in.o sysklogd/built-in.o util-linux/built-in.o util-linux/volume_id/built-in.o -Wl,--end-group -Wl,--start-group -lcrypt -lm -Wl,--end-group -Wl,--warn-common -Wl,-Map -Wl,busybox_unstripped.map -Wl,--verbose
==========
GNU ld (GNU Binutils) 2.17.ARC_2.3.20100222
  Supported emulations:
   arcelf
   arcelf_prof
   arclinux
   arclinux_prof
cannot find script file ldscripts/arclinux.x
cannot find script file /usr/local/ARC/gcc/bin/../lib/gcc/arc-linux-uclibc/4.2.1/ldscripts/arclinux.x
cannot find script file /usr/local/ARC/gcc/bin/../lib/gcc/ldscripts/arclinux.x
cannot find script file /usr/local/ARC/gcc//lib/gcc/arc-linux-uclibc/4.2.1/ldscripts/arclinux.x
opened script file /usr/local/ARC/gcc/bin/../lib/gcc/arc-linux-uclibc/4.2.1/../../../../arc-linux-uclibc/lib/ldscripts/arclinux.x
using external linker script:
==================================================
/* Default linker script, for normal executables */
OUTPUT_FORMAT("elf32-littlearc", "elf32-bigarc",
	      "elf32-littlearc")
OUTPUT_ARCH(arc)
ENTRY(__start)
SEARCH_DIR("/usr/local/ARC/gcc//arc-linux-uclibc/lib");
/* Do we need any of these for elf?
   __DYNAMIC = 0;    */
SECTIONS
{
  /* Read-only sections, merged into text segment: */
  PROVIDE (__executable_start = 0x10000); . = 0x10000 + SIZEOF_HEADERS;
  .interp         : { *(.interp) }
  .hash           : { *(.hash) }
  .dynsym         : { *(.dynsym) }
  .dynstr         : { *(.dynstr) }
  .gnu.version    : { *(.gnu.version) }
  .gnu.version_d  : { *(.gnu.version_d) }
  .gnu.version_r  : { *(.gnu.version_r) }
  .rel.init       : { *(.rel.init) }
  .rela.init      : { *(.rela.init) }
  .rel.text       : { *(.rel.text .rel.text.* .rel.gnu.linkonce.t.*) }
  .rela.text      : { *(.rela.text .rela.text.* .rela.gnu.linkonce.t.*) }
  .rel.fini       : { *(.rel.fini) }
  .rela.fini      : { *(.rela.fini) }
  .rel.rodata     : { *(.rel.rodata .rel.rodata.* .rel.gnu.linkonce.r.*) }
  .rela.rodata    : { *(.rela.rodata .rela.rodata.* .rela.gnu.linkonce.r.*) }
  .rel.data       : { *(.rel.data .rel.data.* .rel.gnu.linkonce.d.*) }
  .rela.data      : { *(.rela.data .rela.data.* .rela.gnu.linkonce.d.*) }
  .rel.tdata	  : { *(.rel.tdata .rel.tdata.* .rel.gnu.linkonce.td.*) }
  .rela.tdata	  : { *(.rela.tdata .rela.tdata.* .rela.gnu.linkonce.td.*) }
  .rel.tbss	  : { *(.rel.tbss .rel.tbss.* .rel.gnu.linkonce.tb.*) }
  .rela.tbss	  : { *(.rela.tbss .rela.tbss.* .rela.gnu.linkonce.tb.*) }
  .rel.ctors      : { *(.rel.ctors) }
  .rela.ctors     : { *(.rela.ctors) }
  .rel.dtors      : { *(.rel.dtors) }
  .rela.dtors     : { *(.rela.dtors) }
  .rel.got        : { *(.rel.got) }
  .rela.got       : { *(.rela.got) }
  .rel.sdata      : { *(.rel.sdata .rel.sdata.* .rel.gnu.linkonce.s.*) }
  .rela.sdata     : { *(.rela.sdata .rela.sdata.* .rela.gnu.linkonce.s.*) }
  .rel.sbss       : { *(.rel.sbss .rel.sbss.* .rel.gnu.linkonce.sb.*) }
  .rela.sbss      : { *(.rela.sbss .rela.sbss.* .rela.gnu.linkonce.sb.*) }
  .rel.sdata2     : { *(.rel.sdata2 .rel.sdata2.* .rel.gnu.linkonce.s2.*) }
  .rela.sdata2    : { *(.rela.sdata2 .rela.sdata2.* .rela.gnu.linkonce.s2.*) }
  .rel.sbss2      : { *(.rel.sbss2 .rel.sbss2.* .rel.gnu.linkonce.sb2.*) }
  .rela.sbss2     : { *(.rela.sbss2 .rela.sbss2.* .rela.gnu.linkonce.sb2.*) }
  .rel.bss        : { *(.rel.bss .rel.bss.* .rel.gnu.linkonce.b.*) }
  .rela.bss       : { *(.rela.bss .rela.bss.* .rela.gnu.linkonce.b.*) }
  .rel.plt        : { *(.rel.plt) }
  .rela.plt       : { *(.rela.plt) }
  .init           :
  {
    KEEP (*(.init))
  } =0
  .plt            : { *(.plt) }
  .text           :
  {
    *(.text .stub .text.* .gnu.linkonce.t.*)
    /* .gnu.warning sections are handled specially by elf32.em.  */
    *(.gnu.warning)
  } =0
  .text.init   :
  {
    *(.text.init)
  } =0
  .fini           :
  {
    KEEP (*(.fini))
  } =0
  PROVIDE (__etext = .);
  PROVIDE (_etext = .);
  PROVIDE (etext = .);
  .rodata         : { *(.rodata .rodata.* .gnu.linkonce.r.*) }
  .rodata1        : { *(.rodata1) }
  .sdata2         : { *(.sdata2 .sdata2.* .gnu.linkonce.s2.*) }
  .sbss2          : { *(.sbss2 .sbss2.* .gnu.linkonce.sb2.*) }
  .eh_frame_hdr : { *(.eh_frame_hdr) }
  /* Adjust the address for the data segment.  We want to adjust up to
     the same address within the page on the next page up.  */
  . = ALIGN(0x2000) + (. & (0x2000 - 1));
  /* Ensure the __preinit_array_start label is properly aligned.  We
     could instead move the label definition inside the section, but
     the linker would then create the section even if it turns out to
     be empty, which isn't pretty.  */
  . = ALIGN(32 / 8);
  PROVIDE (__preinit_array_start = .);
  .preinit_array     : { *(.preinit_array) }
  PROVIDE (__preinit_array_end = .);
  PROVIDE (__init_array_start = .);
  .init_array     : { *(.init_array) }
  PROVIDE (__init_array_end = .);
  PROVIDE (__fini_array_start = .);
  .fini_array     : { *(.fini_array) }
  PROVIDE (__fini_array_end = .);
  .data           :
  {
    *(.data .data.* .gnu.linkonce.d.*)
    SORT(CONSTRUCTORS)
  }
  .data.init    :
  {
    *(.data.init)
  }
  .data1          : { *(.data1) }
  .tdata	  : { *(.tdata .tdata.* .gnu.linkonce.td.*) }
  .tbss		  : { *(.tbss .tbss.* .gnu.linkonce.tb.*) *(.tcommon) }
  .eh_frame       : { KEEP (*(.eh_frame)) }
  .gcc_except_table   : { *(.gcc_except_table) }
  .dynamic        : { *(.dynamic) }
  .ctors          :
  {
    /* gcc uses crtbegin.o to find the start of
       the constructors, so we make sure it is
       first.  Because this is a wildcard, it
       doesn't matter if the user does not
       actually link against crtbegin.o; the
       linker won't look for a file to match a
       wildcard.  The wildcard also means that it
       doesn't matter which directory crtbegin.o
       is in.  */
    KEEP (*crtbegin*.o(.ctors))
    /* We don't want to include the .ctor section from
       from the crtend.o file until after the sorted ctors.
       The .ctor section from the crtend file contains the
       end of ctors marker and it must be last */
    KEEP (*(EXCLUDE_FILE (*crtend*.o ) .ctors))
    KEEP (*(SORT(.ctors.*)))
    KEEP (*(.ctors))
  }
  .dtors          :
  {
    KEEP (*crtbegin*.o(.dtors))
    KEEP (*(EXCLUDE_FILE (*crtend*.o ) .dtors))
    KEEP (*(SORT(.dtors.*)))
    KEEP (*(.dtors))
  }
  .jcr            : { KEEP (*(.jcr)) }
  .got            : { *(.got.plt) *(.got) }
  /* We want the small data sections together, so single-instruction offsets
     can access them all, and initialized data all before uninitialized, so
     we can shorten the on-disk segment size.  */
  .sdata          :
  {
    __SDATA_BEGIN__ = .;
    *(.sdata .sdata.* .gnu.linkonce.s.*)
  }
  _edata = .;
  PROVIDE (edata = .);
  __bss_start = .;
  .sbss           :
  {
    PROVIDE (__sbss_start = .);
    PROVIDE (___sbss_start = .);
    *(.dynsbss)
    *(.sbss .sbss.* .gnu.linkonce.sb.*)
    *(.scommon)
    PROVIDE (__sbss_end = .);
    PROVIDE (___sbss_end = .);
  }
  .bss            :
  {
   *(.dynbss)
   *(.bss .bss.* .gnu.linkonce.b.*)
   *(COMMON)
   /* Align here to ensure that the .bss section occupies space up to
      _end.  Align after .bss to ensure correct alignment even if the
      .bss section disappears because there are no input sections.  */
   . = ALIGN(32 / 8);
  }
  . = ALIGN(32 / 8);
  _end = .;
  PROVIDE (end = .);
  /* We want to be able to set a default stack / heap size in a dejagnu
     board description file, but override it for selected test cases.
     The options appear in the wrong order to do this with a single symbol -
     ldflags comes after flags injected with per-file stanzas, and thus
     the setting from ldflags prevails.  */
  .heap   :
  {
         __start_heap = . ;
         . = . + (DEFINED(__HEAP_SIZE) ? __HEAP_SIZE : (DEFINED(__DEFAULT_HEAP_SIZE) ? __DEFAULT_HEAP_SIZE : 20k))  ;
         __end_heap = . ;
  }
  . = ALIGN(0x8);
  .stack   :
  {
         __stack = . ;
         . = . + (DEFINED(__STACK_SIZE) ? __STACK_SIZE : (DEFINED(__DEFAULT_STACK_SIZE) ? __DEFAULT_STACK_SIZE : 64k))  ;
         __stack_top = . ;
  }
  /* Stabs debugging sections.  */
  .stab          0 : { *(.stab) }
  .stabstr       0 : { *(.stabstr) }
  .stab.excl     0 : { *(.stab.excl) }
  .stab.exclstr  0 : { *(.stab.exclstr) }
  .stab.index    0 : { *(.stab.index) }
  .stab.indexstr 0 : { *(.stab.indexstr) }
  .comment       0 : { *(.comment) }
  .arcextmap 0 : { *(.arcextmap) }
  /* DWARF debug sections.
     Symbols in the DWARF debugging sections are relative to the beginning
     of the section so we begin them at 0.  */
  /* DWARF 1 */
  .debug          0 : { *(.debug) }
  .line           0 : { *(.line) }
  /* GNU DWARF 1 extensions */
  .debug_srcinfo  0 : { *(.debug_srcinfo) }
  .debug_sfnames  0 : { *(.debug_sfnames) }
  /* DWARF 1.1 and DWARF 2 */
  .debug_aranges  0 : { *(.debug_aranges) }
  .debug_pubnames 0 : { *(.debug_pubnames) }
  /* DWARF 2 */
  .debug_info     0 : { *(.debug_info .gnu.linkonce.wi.*) }
  .debug_abbrev   0 : { *(.debug_abbrev) }
  .debug_line     0 : { *(.debug_line) }
  .debug_frame    0 : { *(.debug_frame) }
  .debug_str      0 : { *(.debug_str) }
  .debug_loc      0 : { *(.debug_loc) }
  .debug_macinfo  0 : { *(.debug_macinfo) }
  /* SGI/MIPS DWARF 2 extensions */
  .debug_weaknames 0 : { *(.debug_weaknames) }
  .debug_funcnames 0 : { *(.debug_funcnames) }
  .debug_typenames 0 : { *(.debug_typenames) }
  .debug_varnames  0 : { *(.debug_varnames) }
  /* ARC Extension Sections */
  .arcextmap	  0 : { *(.gnu.linkonce.arcextmap.*) }
  /DISCARD/ : { *(.__arc_profile_*) }
  /DISCARD/ : { *(.note.GNU-stack) }
}

==================================================
attempt to open /usr/local/ARC/gcc/bin/../lib/gcc/arc-linux-uclibc/4.2.1/../../../../arc-linux-uclibc/lib/crt1.o succeeded
/usr/local/ARC/gcc/bin/../lib/gcc/arc-linux-uclibc/4.2.1/../../../../arc-linux-uclibc/lib/crt1.o
attempt to open /usr/local/ARC/gcc/bin/../lib/gcc/arc-linux-uclibc/4.2.1/crti.o succeeded
/usr/local/ARC/gcc/bin/../lib/gcc/arc-linux-uclibc/4.2.1/crti.o
attempt to open /usr/local/ARC/gcc/bin/../lib/gcc/arc-linux-uclibc/4.2.1/crtbegin.o succeeded
/usr/local/ARC/gcc/bin/../lib/gcc/arc-linux-uclibc/4.2.1/crtbegin.o
attempt to open applets/built-in.o succeeded
applets/built-in.o
attempt to open archival/lib.a succeeded
attempt to open archival/libunarchive/lib.a succeeded
attempt to open console-tools/lib.a succeeded
attempt to open coreutils/lib.a succeeded
attempt to open coreutils/libcoreutils/lib.a succeeded
attempt to open debianutils/lib.a succeeded
attempt to open e2fsprogs/lib.a succeeded
attempt to open editors/lib.a succeeded
attempt to open findutils/lib.a succeeded
attempt to open init/lib.a succeeded
attempt to open libbb/lib.a succeeded
(libbb/lib.a)appletlib.o
(libbb/lib.a)bb_basename.o
(libbb/lib.a)default_error_retval.o
(libbb/lib.a)error_msg_and_die.o
(libbb/lib.a)get_last_path_component.o
(libbb/lib.a)last_char_is.o
(libbb/lib.a)messages.o
(libbb/lib.a)verror_msg.o
(libbb/lib.a)xfuncs.o
(libbb/lib.a)copyfd.o
(libbb/lib.a)error_msg.o
(libbb/lib.a)full_write.o
(libbb/lib.a)perror_msg.o
(libbb/lib.a)perror_msg_and_die.o
(libbb/lib.a)read.o
(libbb/lib.a)safe_poll.o
(libbb/lib.a)safe_write.o
attempt to open libpwdgrp/lib.a succeeded
attempt to open loginutils/lib.a succeeded
(loginutils/lib.a)getty.o
(loginutils/lib.a)login.o
(loginutils/lib.a)su.o
(loginutils/lib.a)sulogin.o
(loginutils/lib.a)vlock.o
attempt to open miscutils/lib.a succeeded
(miscutils/lib.a)dc.o
(miscutils/lib.a)less.o
(miscutils/lib.a)mt.o
(miscutils/lib.a)strings.o
(miscutils/lib.a)time.o
attempt to open modutils/lib.a succeeded
(modutils/lib.a)insmod.o
(modutils/lib.a)lsmod.o
(modutils/lib.a)modprobe.o
(modutils/lib.a)rmmod.o
attempt to open networking/lib.a succeeded
(networking/lib.a)arp.o
(networking/lib.a)ftpgetput.o
(networking/lib.a)hostname.o
(networking/lib.a)ifconfig.o
(networking/lib.a)ifupdown.o
(networking/lib.a)inetd.o
(networking/lib.a)interface.o
(networking/lib.a)ip.o
(networking/lib.a)netstat.o
(networking/lib.a)nslookup.o
(networking/lib.a)ping.o
(networking/lib.a)route.o
(networking/lib.a)telnet.o
(networking/lib.a)telnetd.o
(networking/lib.a)tftp.o
(networking/lib.a)vconfig.o
(networking/lib.a)wget.o
attempt to open networking/libiproute/lib.a succeeded
(networking/libiproute/lib.a)ip_parse_common_args.o
(networking/libiproute/lib.a)ipaddress.o
(networking/libiproute/lib.a)iplink.o
(networking/libiproute/lib.a)iproute.o
(networking/libiproute/lib.a)iprule.o
(networking/libiproute/lib.a)iptunnel.o
(networking/libiproute/lib.a)libnetlink.o
(networking/libiproute/lib.a)ll_addr.o
(networking/libiproute/lib.a)ll_map.o
(networking/libiproute/lib.a)ll_types.o
(networking/libiproute/lib.a)rt_names.o
(networking/libiproute/lib.a)rtm_map.o
(networking/libiproute/lib.a)utils.o
attempt to open networking/udhcp/lib.a succeeded
attempt to open printutils/lib.a succeeded
attempt to open procps/lib.a succeeded
(procps/lib.a)free.o
(procps/lib.a)kill.o
(procps/lib.a)pidof.o
(procps/lib.a)ps.o
(procps/lib.a)uptime.o
attempt to open runit/lib.a succeeded
attempt to open selinux/lib.a succeeded
attempt to open shell/lib.a succeeded
(shell/lib.a)ash.o
(shell/lib.a)ash_ptr_hack.o
attempt to open sysklogd/lib.a succeeded
(sysklogd/lib.a)klogd.o
(sysklogd/lib.a)logger.o
(sysklogd/lib.a)syslogd.o
attempt to open util-linux/lib.a succeeded
(util-linux/lib.a)dmesg.o
(util-linux/lib.a)getopt.o
(util-linux/lib.a)hexdump.o
(util-linux/lib.a)hwclock.o
(util-linux/lib.a)more.o
(util-linux/lib.a)mount.o
(util-linux/lib.a)pivot_root.o
(util-linux/lib.a)rdate.o
(util-linux/lib.a)swaponoff.o
(util-linux/lib.a)switch_root.o
(util-linux/lib.a)umount.o
attempt to open util-linux/volume_id/lib.a succeeded
attempt to open archival/built-in.o succeeded
attempt to open archival/libunarchive/built-in.o succeeded
attempt to open console-tools/built-in.o succeeded
attempt to open coreutils/built-in.o succeeded
attempt to open coreutils/libcoreutils/built-in.o succeeded
attempt to open debianutils/built-in.o succeeded
attempt to open e2fsprogs/built-in.o succeeded
attempt to open editors/built-in.o succeeded
attempt to open findutils/built-in.o succeeded
attempt to open init/built-in.o succeeded
attempt to open libbb/built-in.o succeeded
attempt to open libpwdgrp/built-in.o succeeded
attempt to open loginutils/built-in.o succeeded
attempt to open miscutils/built-in.o succeeded
attempt to open modutils/built-in.o succeeded
attempt to open networking/built-in.o succeeded
attempt to open networking/libiproute/built-in.o succeeded
attempt to open networking/udhcp/built-in.o succeeded
attempt to open printutils/built-in.o succeeded
attempt to open procps/built-in.o succeeded
attempt to open runit/built-in.o succeeded
attempt to open selinux/built-in.o succeeded
attempt to open shell/built-in.o succeeded
attempt to open sysklogd/built-in.o succeeded
attempt to open util-linux/built-in.o succeeded
attempt to open util-linux/volume_id/built-in.o succeeded
(archival/lib.a)bbunzip.o
(archival/lib.a)gzip.o
(archival/lib.a)tar.o
(archival/lib.a)unzip.o
(archival/libunarchive/lib.a)data_extract_all.o
(archival/libunarchive/lib.a)data_extract_to_stdout.o
(archival/libunarchive/lib.a)data_skip.o
(archival/libunarchive/lib.a)decompress_bunzip2.o
(archival/libunarchive/lib.a)decompress_unzip.o
(archival/libunarchive/lib.a)filter_accept_reject_list.o
(archival/libunarchive/lib.a)find_list_entry.o
(archival/libunarchive/lib.a)get_header_tar.o
(archival/libunarchive/lib.a)get_header_tar_bz2.o
(archival/libunarchive/lib.a)get_header_tar_gz.o
(archival/libunarchive/lib.a)header_list.o
(archival/libunarchive/lib.a)header_verbose_list.o
(archival/libunarchive/lib.a)init_handle.o
(archival/libunarchive/lib.a)open_transformer.o
(archival/libunarchive/lib.a)seek_by_jump.o
(archival/libunarchive/lib.a)seek_by_read.o
(archival/libunarchive/lib.a)data_align.o
(archival/libunarchive/lib.a)filter_accept_all.o
(archival/libunarchive/lib.a)header_skip.o
(console-tools/lib.a)chvt.o
(console-tools/lib.a)clear.o
(console-tools/lib.a)deallocvt.o
(console-tools/lib.a)openvt.o
(console-tools/lib.a)reset.o
(coreutils/lib.a)basename.o
(coreutils/lib.a)cat.o
(coreutils/lib.a)chgrp.o
(coreutils/lib.a)chmod.o
(coreutils/lib.a)chown.o
(coreutils/lib.a)chroot.o
(coreutils/lib.a)cp.o
(coreutils/lib.a)cut.o
(coreutils/lib.a)date.o
(coreutils/lib.a)dd.o
(coreutils/lib.a)df.o
(coreutils/lib.a)dirname.o
(coreutils/lib.a)dos2unix.o
(coreutils/lib.a)du.o
(coreutils/lib.a)echo.o
(coreutils/lib.a)env.o
(coreutils/lib.a)expr.o
(coreutils/lib.a)false.o
(coreutils/lib.a)head.o
(coreutils/lib.a)hostid.o
(coreutils/lib.a)id.o
(coreutils/lib.a)install.o
(coreutils/lib.a)ln.o
(coreutils/lib.a)logname.o
(coreutils/lib.a)ls.o
(coreutils/lib.a)md5_sha1_sum.o
(coreutils/lib.a)mkdir.o
(coreutils/lib.a)mknod.o
(coreutils/lib.a)mv.o
(coreutils/lib.a)pwd.o
(coreutils/lib.a)readlink.o
(coreutils/lib.a)rm.o
(coreutils/lib.a)rmdir.o
(coreutils/lib.a)sleep.o
(coreutils/lib.a)sort.o
(coreutils/lib.a)stty.o
(coreutils/lib.a)sync.o
(coreutils/lib.a)tail.o
(coreutils/lib.a)tee.o
(coreutils/lib.a)test.o
(coreutils/lib.a)touch.o
(coreutils/lib.a)true.o
(coreutils/lib.a)tty.o
(coreutils/lib.a)uname.o
(coreutils/lib.a)uniq.o
(coreutils/lib.a)usleep.o
(coreutils/lib.a)uudecode.o
(coreutils/lib.a)uuencode.o
(coreutils/lib.a)wc.o
(coreutils/lib.a)whoami.o
(coreutils/lib.a)yes.o
(coreutils/libcoreutils/lib.a)cp_mv_stat.o
(coreutils/libcoreutils/lib.a)getopt_mk_fifo_nod.o
(debianutils/lib.a)mktemp.o
(debianutils/lib.a)run_parts.o
(debianutils/lib.a)start_stop_daemon.o
(debianutils/lib.a)which.o
(editors/lib.a)awk.o
(editors/lib.a)cmp.o
(editors/lib.a)sed.o
(editors/lib.a)vi.o
(findutils/lib.a)find.o
(findutils/lib.a)grep.o
(findutils/lib.a)xargs.o
(init/lib.a)halt.o
(init/lib.a)init.o
(libbb/lib.a)ask_confirmation.o
(libbb/lib.a)bb_askpass.o
(libbb/lib.a)bb_do_delay.o
(libbb/lib.a)bb_pwd.o
(libbb/lib.a)bb_strtonum.o
(libbb/lib.a)change_identity.o
(libbb/lib.a)chomp.o
(libbb/lib.a)compare_string_array.o
(libbb/lib.a)concat_path_file.o
(libbb/lib.a)concat_subpath_file.o
(libbb/lib.a)copy_file.o
(libbb/lib.a)correct_password.o
(libbb/lib.a)crc32.o
(libbb/lib.a)create_icmp_socket.o
(libbb/lib.a)device_open.o
(libbb/lib.a)dump.o
(libbb/lib.a)execable.o
(libbb/lib.a)fclose_nonstdin.o
(libbb/lib.a)fflush_stdout_and_exit.o
(libbb/lib.a)fgets_str.o
(libbb/lib.a)find_mount_point.o
(libbb/lib.a)find_pid_by_name.o
(libbb/lib.a)get_console.o
(libbb/lib.a)get_line_from_file.o
(libbb/lib.a)getopt32.o
(libbb/lib.a)getpty.o
(libbb/lib.a)herror_msg.o
(libbb/lib.a)herror_msg_and_die.o
(libbb/lib.a)human_readable.o
(libbb/lib.a)inet_common.o
(libbb/lib.a)info_msg.o
(libbb/lib.a)inode_hash.o
(libbb/lib.a)isdirectory.o
(libbb/lib.a)kernel_version.o
(libbb/lib.a)lineedit.o
(libbb/lib.a)llist.o
(libbb/lib.a)login.o
(libbb/lib.a)loop.o
(libbb/lib.a)make_directory.o
(libbb/lib.a)makedev.o
(libbb/lib.a)match_fstype.o
(libbb/lib.a)md5.o
(libbb/lib.a)mode_string.o
(libbb/lib.a)mtab_file.o
(libbb/lib.a)parse_mode.o
(libbb/lib.a)perror_nomsg_and_die.o
(libbb/lib.a)pidfile.o
(libbb/lib.a)printable.o
(libbb/lib.a)process_escape_sequence.o
(libbb/lib.a)procps.o
(libbb/lib.a)ptr_to_globals.o
(libbb/lib.a)pw_encrypt.o
(libbb/lib.a)recursive_action.o
(libbb/lib.a)remove_file.o
(libbb/lib.a)restricted_shell.o
(libbb/lib.a)rtc.o
(libbb/lib.a)run_shell.o
(libbb/lib.a)safe_gethostname.o
(libbb/lib.a)safe_strncpy.o
(libbb/lib.a)setup_environment.o
(libbb/lib.a)sha1.o
(libbb/lib.a)signals.o
(libbb/lib.a)simplify_path.o
(libbb/lib.a)skip_whitespace.o
(libbb/lib.a)speed_table.o
(libbb/lib.a)str_tolower.o
(libbb/lib.a)time.o
(libbb/lib.a)u_signal_names.o
(libbb/lib.a)uuencode.o
(libbb/lib.a)vfork_daemon_rexec.o
(libbb/lib.a)warn_ignoring_args.o
(libbb/lib.a)wfopen.o
(libbb/lib.a)wfopen_input.o
(libbb/lib.a)xatonum.o
(libbb/lib.a)xconnect.o
(libbb/lib.a)xgetcwd.o
(libbb/lib.a)xgethostbyname.o
(libbb/lib.a)xreadlink.o
(libbb/lib.a)xregcomp.o
(libbb/lib.a)bb_qsort.o
(libpwdgrp/lib.a)uidgid_get.o
attempt to open /usr/local/ARC/gcc/bin/../lib/gcc/arc-linux-uclibc/4.2.1/libcrypt.so failed
attempt to open /usr/local/ARC/gcc/bin/../lib/gcc/arc-linux-uclibc/4.2.1/libcrypt.a failed
attempt to open /usr/local/ARC/gcc/bin/../lib/gcc/libcrypt.so failed
attempt to open /usr/local/ARC/gcc/bin/../lib/gcc/libcrypt.a failed
attempt to open /usr/local/ARC/gcc//lib/gcc/arc-linux-uclibc/4.2.1/libcrypt.so failed
attempt to open /usr/local/ARC/gcc//lib/gcc/arc-linux-uclibc/4.2.1/libcrypt.a failed
attempt to open /usr/local/ARC/gcc/bin/../lib/gcc/arc-linux-uclibc/4.2.1/../../../../arc-linux-uclibc/lib/libcrypt.so succeeded
-lcrypt (/usr/local/ARC/gcc/bin/../lib/gcc/arc-linux-uclibc/4.2.1/../../../../arc-linux-uclibc/lib/libcrypt.so)
attempt to open /usr/local/ARC/gcc/bin/../lib/gcc/arc-linux-uclibc/4.2.1/libm.so failed
attempt to open /usr/local/ARC/gcc/bin/../lib/gcc/arc-linux-uclibc/4.2.1/libm.a failed
attempt to open /usr/local/ARC/gcc/bin/../lib/gcc/libm.so failed
attempt to open /usr/local/ARC/gcc/bin/../lib/gcc/libm.a failed
attempt to open /usr/local/ARC/gcc//lib/gcc/arc-linux-uclibc/4.2.1/libm.so failed
attempt to open /usr/local/ARC/gcc//lib/gcc/arc-linux-uclibc/4.2.1/libm.a failed
attempt to open /usr/local/ARC/gcc/bin/../lib/gcc/arc-linux-uclibc/4.2.1/../../../../arc-linux-uclibc/lib/libm.so succeeded
-lm (/usr/local/ARC/gcc/bin/../lib/gcc/arc-linux-uclibc/4.2.1/../../../../arc-linux-uclibc/lib/libm.so)
attempt to open /usr/local/ARC/gcc/bin/../lib/gcc/arc-linux-uclibc/4.2.1/libgcc.so failed
attempt to open /usr/local/ARC/gcc/bin/../lib/gcc/arc-linux-uclibc/4.2.1/libgcc.a succeeded
(/usr/local/ARC/gcc/bin/../lib/gcc/arc-linux-uclibc/4.2.1/libgcc.a)_udivsi3.o
(/usr/local/ARC/gcc/bin/../lib/gcc/arc-linux-uclibc/4.2.1/libgcc.a)_divsi3.o
(/usr/local/ARC/gcc/bin/../lib/gcc/arc-linux-uclibc/4.2.1/libgcc.a)_umodsi3.o
(/usr/local/ARC/gcc/bin/../lib/gcc/arc-linux-uclibc/4.2.1/libgcc.a)_modsi3.o
(/usr/local/ARC/gcc/bin/../lib/gcc/arc-linux-uclibc/4.2.1/libgcc.a)_divmod_tools.o
(/usr/local/ARC/gcc/bin/../lib/gcc/arc-linux-uclibc/4.2.1/libgcc.a)_millicodethunk.o
(/usr/local/ARC/gcc/bin/../lib/gcc/arc-linux-uclibc/4.2.1/libgcc.a)_adddf3.o
(/usr/local/ARC/gcc/bin/../lib/gcc/arc-linux-uclibc/4.2.1/libgcc.a)_muldf3.o
(/usr/local/ARC/gcc/bin/../lib/gcc/arc-linux-uclibc/4.2.1/libgcc.a)_divdf3.o
(/usr/local/ARC/gcc/bin/../lib/gcc/arc-linux-uclibc/4.2.1/libgcc.a)_extendsfdf2.o
(/usr/local/ARC/gcc/bin/../lib/gcc/arc-linux-uclibc/4.2.1/libgcc.a)_eqdf2.o
(/usr/local/ARC/gcc/bin/../lib/gcc/arc-linux-uclibc/4.2.1/libgcc.a)_gedf2.o
(/usr/local/ARC/gcc/bin/../lib/gcc/arc-linux-uclibc/4.2.1/libgcc.a)_gtdf2.o
(/usr/local/ARC/gcc/bin/../lib/gcc/arc-linux-uclibc/4.2.1/libgcc.a)_fixdfsi.o
(/usr/local/ARC/gcc/bin/../lib/gcc/arc-linux-uclibc/4.2.1/libgcc.a)_floatsidf.o
(/usr/local/ARC/gcc/bin/../lib/gcc/arc-linux-uclibc/4.2.1/libgcc.a)_fixunsdfsi.o
(/usr/local/ARC/gcc/bin/../lib/gcc/arc-linux-uclibc/4.2.1/libgcc.a)_floatunsidf.o
(/usr/local/ARC/gcc/bin/../lib/gcc/arc-linux-uclibc/4.2.1/libgcc.a)_lshrdi3.o
(/usr/local/ARC/gcc/bin/../lib/gcc/arc-linux-uclibc/4.2.1/libgcc.a)_ashldi3.o
(/usr/local/ARC/gcc/bin/../lib/gcc/arc-linux-uclibc/4.2.1/libgcc.a)_ashrdi3.o
(/usr/local/ARC/gcc/bin/../lib/gcc/arc-linux-uclibc/4.2.1/libgcc.a)_cmpdi2.o
(/usr/local/ARC/gcc/bin/../lib/gcc/arc-linux-uclibc/4.2.1/libgcc.a)_ucmpdi2.o
(/usr/local/ARC/gcc/bin/../lib/gcc/arc-linux-uclibc/4.2.1/libgcc.a)_divdi3.o
(/usr/local/ARC/gcc/bin/../lib/gcc/arc-linux-uclibc/4.2.1/libgcc.a)_moddi3.o
(/usr/local/ARC/gcc/bin/../lib/gcc/arc-linux-uclibc/4.2.1/libgcc.a)_udivdi3.o
(/usr/local/ARC/gcc/bin/../lib/gcc/arc-linux-uclibc/4.2.1/libgcc.a)_umoddi3.o
attempt to open /usr/local/ARC/gcc/bin/../lib/gcc/arc-linux-uclibc/4.2.1/libgcc_eh.so failed
attempt to open /usr/local/ARC/gcc/bin/../lib/gcc/arc-linux-uclibc/4.2.1/libgcc_eh.a succeeded
attempt to open /usr/local/ARC/gcc/bin/../lib/gcc/arc-linux-uclibc/4.2.1/libc.so failed
attempt to open /usr/local/ARC/gcc/bin/../lib/gcc/arc-linux-uclibc/4.2.1/libc.a failed
attempt to open /usr/local/ARC/gcc/bin/../lib/gcc/libc.so failed
attempt to open /usr/local/ARC/gcc/bin/../lib/gcc/libc.a failed
attempt to open /usr/local/ARC/gcc//lib/gcc/arc-linux-uclibc/4.2.1/libc.so failed
attempt to open /usr/local/ARC/gcc//lib/gcc/arc-linux-uclibc/4.2.1/libc.a failed
attempt to open /usr/local/ARC/gcc/bin/../lib/gcc/arc-linux-uclibc/4.2.1/../../../../arc-linux-uclibc/lib/libc.so succeeded
opened script file /usr/local/ARC/gcc/bin/../lib/gcc/arc-linux-uclibc/4.2.1/../../../../arc-linux-uclibc/lib/libc.so
opened script file /usr/local/ARC/gcc/bin/../lib/gcc/arc-linux-uclibc/4.2.1/../../../../arc-linux-uclibc/lib/libc.so
attempt to open /usr/local/ARC/gcc/arc-linux-uclibc/lib/lib/libc.so.0 succeeded
/usr/local/ARC/gcc/arc-linux-uclibc/lib/lib/libc.so.0
attempt to open /usr/local/ARC/gcc/arc-linux-uclibc/lib/uclibc_nonshared.a succeeded
(/usr/local/ARC/gcc/arc-linux-uclibc/lib/uclibc_nonshared.a)atexit.os
attempt to open /usr/local/ARC/gcc/bin/../lib/gcc/arc-linux-uclibc/4.2.1/libgcc.so failed
attempt to open /usr/local/ARC/gcc/bin/../lib/gcc/arc-linux-uclibc/4.2.1/libgcc.a succeeded
attempt to open /usr/local/ARC/gcc/bin/../lib/gcc/arc-linux-uclibc/4.2.1/libgcc_eh.so failed
attempt to open /usr/local/ARC/gcc/bin/../lib/gcc/arc-linux-uclibc/4.2.1/libgcc_eh.a succeeded
attempt to open /usr/local/ARC/gcc/bin/../lib/gcc/arc-linux-uclibc/4.2.1/crtend.o succeeded
/usr/local/ARC/gcc/bin/../lib/gcc/arc-linux-uclibc/4.2.1/crtend.o
attempt to open /usr/local/ARC/gcc/bin/../lib/gcc/arc-linux-uclibc/4.2.1/crtn.o succeeded
/usr/local/ARC/gcc/bin/../lib/gcc/arc-linux-uclibc/4.2.1/crtn.o
ld-uClibc.so.0 needed by /usr/local/ARC/gcc/arc-linux-uclibc/lib/lib/libc.so.0
found ld-uClibc.so.0 at /usr/local/ARC/gcc/arc-linux-uclibc/bin/../lib/ld-uClibc.so.0/usr/local/ARC/gcc/bin/../lib/gcc/arc-linux-uclibc/4.2.1/../../../../arc-linux-uclibc/bin/ld: Warning: gc-sections option ignored

